This file contains any messages produced by compilers while
running configure, to aid debugging if configure makes a mistake.

It was created by configure, which was
generated by GNU Autoconf 2.59.  Invocation command line was

  $ /Users/z/.kerl/builds/otp-18.2.1/otp_src_18.2.1/lib/snmp/./configure --prefix=/usr/local --prefix=/usr/local CFLAGS=-O0 ERL_TOP=/Users/z/.kerl/builds/otp-18.2.1/otp_src_18.2.1 --cache-file=/dev/null --srcdir=/Users/z/.kerl/builds/otp-18.2.1/otp_src_18.2.1/lib --cache-file=/dev/null --srcdir=/Users/z/.kerl/builds/otp-18.2.1/otp_src_18.2.1/lib/snmp/.

## --------- ##
## Platform. ##
## --------- ##

hostname = block9.PUBLIC.monkeybrains.net
uname -m = x86_64
uname -r = 14.5.0
uname -s = Darwin
uname -v = Darwin Kernel Version 14.5.0: Tue Sep  1 21:23:09 PDT 2015; root:xnu-2782.50.1~1/RELEASE_X86_64

/usr/bin/uname -p = i386
/bin/uname -X     = unknown

/bin/arch              = unknown
/usr/bin/arch -k       = unknown
/usr/convex/getsysinfo = unknown
hostinfo               = Mach kernel version:
	 Darwin Kernel Version 14.5.0: Tue Sep  1 21:23:09 PDT 2015; root:xnu-2782.50.1~1/RELEASE_X86_64
Kernel configured for up to 4 processors.
2 processors are physically available.
4 processors are logically available.
Processor type: i486 (Intel 80486)
Processors active: 0 1 2 3
Primary memory available: 8.00 gigabytes
Default processor set: 256 tasks, 1081 threads, 4 processors
Load average: 2.29, Mach factor: 1.75
/bin/machine           = unknown
/usr/bin/oslevel       = unknown
/bin/universe          = unknown

PATH: /Users/z/.nvm/versions/node/v5.2.0/bin
PATH: /Users/z/.gvm/bin
PATH: /Users/z/.rvm/bin
PATH: /Users/z/.gvm/bin
PATH: /Users/z/.gvm/bin
PATH: /Users/z/.pyenv/shims
PATH: /Users/z/bin
PATH: /Users/z/.pyenv/bin
PATH: /Users/z/.gvm/bin
PATH: /Users/z/.rvm/gems/ruby-2.2.3/bin
PATH: /Users/z/.rvm/gems/ruby-2.2.3@global/bin
PATH: /Users/z/.rvm/rubies/ruby-2.2.3/bin
PATH: /usr/local/bin
PATH: /usr/bin
PATH: /bin
PATH: /usr/sbin
PATH: /sbin
PATH: /opt/X11/bin
PATH: /Users/z/.rvm/bin
PATH: /Users/z/.rvm/bin
PATH: /Users/z/.gvm/bin
PATH: /Users/z/.gvm/bin
PATH: /Users/z/.rvm/gems/ruby-2.2.3/bin
PATH: /Users/z/.rvm/gems/ruby-2.2.3@global/bin
PATH: /Users/z/.rvm/rubies/ruby-2.2.3/bin
PATH: /usr/local/bin
PATH: /usr/bin
PATH: /bin
PATH: /usr/sbin
PATH: /sbin
PATH: /opt/X11/bin
PATH: /Users/z/.rvm/bin


## ----------- ##
## Core tests. ##
## ----------- ##

configure:1269: checking build system type
configure:1287: result: x86_64-apple-darwin14.5.0
configure:1295: checking host system type
configure:1309: result: x86_64-apple-darwin14.5.0
configure:1326: checking for perl
configure:1342: found /usr/bin/perl
configure:1353: result: perl
configure:1441: creating ./config.status

## ---------------------- ##
## Running config.status. ##
## ---------------------- ##

This file was extended by config.status, which was
generated by GNU Autoconf 2.59.  Invocation command line was

  CONFIG_FILES    = 
  CONFIG_HEADERS  = 
  CONFIG_LINKS    = 
  CONFIG_COMMANDS = 
  $ ./config.status 

on block9.PUBLIC.monkeybrains.net

config.status:633: creating mibs/Makefile

## ---------------- ##
## Cache variables. ##
## ---------------- ##

ac_cv_build=x86_64-apple-darwin14.5.0
ac_cv_build_alias=x86_64-apple-darwin14.5.0
ac_cv_env_build_alias_set=
ac_cv_env_build_alias_value=
ac_cv_env_host_alias_set=
ac_cv_env_host_alias_value=
ac_cv_env_target_alias_set=
ac_cv_env_target_alias_value=
ac_cv_host=x86_64-apple-darwin14.5.0
ac_cv_host_alias=x86_64-apple-darwin14.5.0
ac_cv_prog_PERL=perl

## ----------------- ##
## Output variables. ##
## ----------------- ##

DEFS='-DPACKAGE_NAME=\"\" -DPACKAGE_TARNAME=\"\" -DPACKAGE_VERSION=\"\" -DPACKAGE_STRING=\"\" -DPACKAGE_BUGREPORT=\"\" '
ECHO_C='ECHO_N=''
ECHO_T=''
LIBOBJS=''
LIBS=''
LTLIBOBJS=''
PACKAGE_BUGREPORT=''
PACKAGE_NAME=''
PACKAGE_STRING=''
PACKAGE_TARNAME=''
PACKAGE_VERSION=''
PATH_SEPARATOR=':'
PERL='perl'
SHELL='/bin/sh'
bindir='${exec_prefix}/bin'
build='x86_64-apple-darwin14.5.0'
build_alias=''
build_cpu='x86_64'
build_os='darwin14.5.0'
build_vendor='apple'
datadir='${prefix}/share'
exec_prefix='${prefix}'
host='x86_64-apple-darwin14.5.0'
host_alias=''
host_cpu='x86_64'
host_os='darwin14.5.0'
host_vendor='apple'
includedir='${prefix}/include'
infodir='${prefix}/info'
libdir='${exec_prefix}/lib'
libexecdir='${exec_prefix}/libexec'
localstatedir='${prefix}/var'
mandir='${prefix}/man'
oldincludedir='/usr/include'
prefix='/usr/local'
program_transform_name='s,x,x,'
sbindir='${exec_prefix}/sbin'
sharedstatedir='${prefix}/com'
sysconfdir='${prefix}/etc'
target_alias=''

## ----------- ##
## confdefs.h. ##
## ----------- ##

#define PACKAGE_BUGREPORT ""
#define PACKAGE_NAME ""
#define PACKAGE_STRING ""
#define PACKAGE_TARNAME ""
#define PACKAGE_VERSION ""

configure: exit 0
