1450989613 '{"result":"♡"}'
1450989620 '{"result":"♡"}'
1450989626 '{"result":"♡"}'
1450989631 '{"result":"♡"}'
1450989638 '{"result":"♡"}'
1450989643 '{"result":"♡"}'
1450989649 '{"result":"♡"}'
1450989655 '{"result":"♡"}'
1450989661 '{"result":"♡"}'
1450989667 '{"result":"♡"}'
1450989673 '{"result":"♡"}'
1450989679 '{"result":"♡"}'
1450989685 '{"result":"♡"}'
1450989691 '{"result":"♡"}'
1450989697 '{"result":"♡"}'
1450989703 '{"result":"♡"}'
1450989709 '{"result":"♡"}'
1450989715 '{"result":"♡"}'
1450989721 '{"result":"♡"}'
1450989727 '{"result":"♡"}'
1450989733 '{"result":"♡"}'
1450989739 '{"result":"♡"}'
1450989746 '{"result":"♡"}'
1450989751 '{"result":"♡"}'
1450989757 '{"result":"♡"}'
