[Error: Module version mismatch. Expected 47, got 44.]
js-bson: Failed to load c++ bson extension, using pure JS version
2016-01-18T05:05:38.505Z|GET|/api/v1/logout|{
  "isLoginRequired": false,
  "actions": null
}
2016-01-18T05:05:38.507Z|POST|/api/v1/login|{
  "isLoginRequired": false,
  "actions": null
}
2016-01-18T05:05:38.514Z|POST|/api/v1/users|{
  "isLoginRequired": false,
  "actions": null
}
2016-01-18T05:05:38.514Z|POST|/api/v1/users/:id|{
  "isLoginRequired": true,
  "actions": null
}
2016-01-18T05:05:38.515Z|GET|/api/v1/users|{
  "isLoginRequired": true,
  "actions": [
    "me"
  ]
}
2016-01-18T05:05:38.517Z|POST|/api/v1/users/:id/foos|{
  "isLoginRequired": true,
  "actions": null
}
2016-01-18T05:05:38.517Z|GET|/api/v1/foos/:id|{
  "isLoginRequired": true,
  "actions": null
}
2016-01-18T05:05:38.517Z|GET|/api/v1/users/:id/foos|{
  "isLoginRequired": true,
  "actions": null
}
2016-01-18T05:05:38.519Z|POST|/api/v1/users/:id/bazs|{
  "isLoginRequired": true,
  "actions": null
}
2016-01-18T05:05:38.520Z|GET|/api/v1/dev/clearData|{
  "isLoginRequired": false,
  "actions": null
}
2016-01-18T05:05:38.521Z|RESTBERRY|5115
error: Forever detected script was killed by signal: SIGKILL
