1450984475 '{"result":"♡"}'
1450984480 '{"result":"♡"}'
1450984486 '{"result":"♡"}'
1450984493 '{"result":"♡"}'
1450984498 '{"result":"♡"}'
1450984505 '{"result":"♡"}'
1450984511 '{"result":"♡"}'
1450984516 '{"result":"♡"}'
1450984522 '{"result":"♡"}'
1450984529 '{"result":"♡"}'
1450984535 '{"result":"♡"}'
1450984540 '{"result":"♡"}'
1450984547 '{"result":"♡"}'
1450984552 '{"result":"♡"}'
1450984558 '{"result":"♡"}'
1450984565 '{"result":"♡"}'
1450984571 '{"result":"♡"}'
1450984577 '{"result":"♡"}'
1450984582 '{"result":"♡"}'
1450984588 '{"result":"♡"}'
1450984595 '{"result":"♡"}'
1450984601 '{"result":"♡"}'
1450984607 '{"result":"♡"}'
1450984613 '{"result":"♡"}'
1450984619 '{"result":"♡"}'
1450984626 '{"result":"♡"}'
1450984631 '{"result":"♡"}'
1450984637 '{"result":"♡"}'
1450984643 '{"result":"♡"}'
1450984649 '{"result":"♡"}'
1450984655 '{"result":"♡"}'
1450984661 '{"result":"♡"}'
1450984667 '{"result":"♡"}'
1450984673 '{"result":"♡"}'
1450984679 '{"result":"♡"}'
1450984685 '{"result":"♡"}'
1450984691 '<!DOCTYPE html>\n<!--[if lt IE 7]> <html class="no-js ie6 oldie" lang="en-US"> <![endif]-->\n<!--[if IE 7]>    <html class="no-js ie7 oldie" lang="en-US"> <![endif]-->\n<!--[if IE 8]>    <html class="no-js ie8 oldie" lang="en-US"> <![endif]-->\n<!--[if gt IE 8]><!--> <html class="no-js" lang="en-US"> <!--<![endif]-->\n<head>\n<meta http-equiv="refresh" content="0">\n\n<meta http-equiv="set-cookie" content="cf_use_ob=443; expires=Thu, 24-Dec-15 19:18:41 GMT; path=/">\n\n<meta http-equiv="set-cookie" content="cf_ob_info=502:259ea68ef34f2888:SJC; expires=Thu, 24-Dec-15 19:18:41 GMT; path=/">\n\n\n<title>findme.pointlook.com | 502: Bad gateway</title>\n<meta charset="UTF-8" />\n<meta http-equiv="Content-Type" content="text/html; charset=UTF-8" />\n<meta http-equiv="X-UA-Compatible" content="IE=Edge,chrome=1" />\n<meta name="robots" content="noindex, nofollow" />\n<meta name="viewport" content="width=device-width,initial-scale=1,maximum-scale=1" />\n<link rel="stylesheet" id="cf_styles-css" href="/cdn-cgi/styles/cf.errors.css" type="text/css" media="screen,projection" />\n<!--[if lt IE 9]><link rel="stylesheet" id=\'cf_styles-ie-css\' href="/cdn-cgi/styles/cf.errors.ie.css" type="text/css" media="screen,projection" /><![endif]-->\n<style type="text/css">body{margin:0;padding:0}</style>\n<!--[if lte IE 9]><script type="text/javascript" src="/cdn-cgi/scripts/jquery.min.js"></script><![endif]-->\n<!--[if gte IE 10]><!--><script type="text/javascript" src="/cdn-cgi/scripts/zepto.min.js"></script><!--<![endif]-->\n<script type="text/javascript" src="/cdn-cgi/scripts/cf.common.js"></script>\n\n</head>\n<body>\n<div id="cf-wrapper">\n\n    \n\n    <div id="cf-error-details" class="cf-error-details-wrapper">\n        <div class="cf-wrapper cf-error-overview">\n            <h1>\n              <span class="cf-error-type" data-translate="error">Error</span>\n              <span class="cf-error-code">502</span>\n              <small class="heading-ray-id">Ray ID: 259ea68ef34f2888 &bull; 2015-12-24 19:18:11 UTC</small>\n            </h1>\n            <h2 class="cf-subheadline" data-translate="error_desc">Bad gateway</h2>\n        </div><!-- /.error-overview -->\n\n        <div class="cf-section cf-highlight cf-status-display">\n            <div class="cf-wrapper">\n                <div class="cf-columns cols-3">\n                  \n<div id="cf-browser-status" class="cf-column cf-status-item cf-browser-status ">\n  <div class="cf-icon-error-container">\n    <i class="cf-icon cf-icon-browser"></i>\n    <i class="cf-icon-status cf-icon-ok"></i>\n  </div>\n  <span class="cf-status-desc" data-translate="browser_desc">You</span>\n  <h3 class="cf-status-name" data-translate="browser_label">Browser</h3>\n  <span class="cf-status-label" data-translate="browser_status_label">Working</span>\n</div>\n\n<div id="cf-cloudflare-status" class="cf-column cf-status-item cf-cloudflare-status ">\n  <div class="cf-icon-error-container">\n    <i class="cf-icon cf-icon-cloud"></i>\n    <i class="cf-icon-status cf-icon-ok"></i>\n  </div>\n  <span class="cf-status-desc" data-translate="cloud_desc">San Jose</span>\n  <h3 class="cf-status-name" data-translate="cloud_label">CloudFlare</h3>\n  <span class="cf-status-label" data-translate="cloud_status_label">Working</span>\n</div>\n\n<div id="cf-host-status" class="cf-column cf-status-item cf-host-status cf-error-source">\n  <div class="cf-icon-error-container">\n    <i class="cf-icon cf-icon-server"></i>\n    <i class="cf-icon-status cf-icon-error"></i>\n  </div>\n  <span class="cf-status-desc" data-translate="server_desc">findme.pointlook.com</span>\n  <h3 class="cf-status-name" data-translate="server_label">Host</h3>\n  <span class="cf-status-label" data-translate="server_status_label">Error</span>\n</div>\n\n                </div>\n            </div>\n        </div><!-- /.status-display -->\n\n        <div class="cf-section cf-wrapper">\n            <div class="cf-columns two">\n                <div class="cf-column">\n                    <h2 data-translate="what_happened">What happened?</h2>\n                    <p>The web server reported a bad gateway error.</p>\n                </div>\n\n                <div class="cf-column">\n                    <h2 data-translate="what_can_i_do">What can I do?</h2>\n                    <p data-translate="try_again_in_a_few">Please try again in a few minutes.</p>\n                </div>\n            </div>\n        </div><!-- /.section -->\n\n        <div class="cf-error-footer cf-wrapper">\n  <p>\n    <span class="cf-footer-item">CloudFlare Ray ID: <strong>259ea68ef34f2888</strong></span>\n    <span class="cf-footer-separator">&bull;</span>\n    <span class="cf-footer-item"><span data-translate="your_ip">Your IP</span>: 162.217.72.80</span>\n    <span class="cf-footer-separator">&bull;</span>\n    <span class="cf-footer-item"><span data-translate="performance_security_by">Performance &amp; security by</span> <a data-orig-proto="https" data-orig-ref="www.cloudflare.com/5xx-error-landing?utm_source=error_footer" id="brand_link" target="_blank">CloudFlare</a></span>\n    \n  </p>\n</div><!-- /.error-footer -->\n\n\n    </div><!-- /#cf-error-details -->\n</div><!-- /#cf-wrapper -->\n'
1450984697 '<!DOCTYPE html>\n<!--[if lt IE 7]> <html class="no-js ie6 oldie" lang="en-US"> <![endif]-->\n<!--[if IE 7]>    <html class="no-js ie7 oldie" lang="en-US"> <![endif]-->\n<!--[if IE 8]>    <html class="no-js ie8 oldie" lang="en-US"> <![endif]-->\n<!--[if gt IE 8]><!--> <html class="no-js" lang="en-US"> <!--<![endif]-->\n<head>\n<meta http-equiv="refresh" content="0">\n\n<meta http-equiv="set-cookie" content="cf_use_ob=443; expires=Thu, 24-Dec-15 19:18:47 GMT; path=/">\n\n<meta http-equiv="set-cookie" content="cf_ob_info=502:259ea6b49ba50719:SJC; expires=Thu, 24-Dec-15 19:18:47 GMT; path=/">\n\n\n<title>findme.pointlook.com | 502: Bad gateway</title>\n<meta charset="UTF-8" />\n<meta http-equiv="Content-Type" content="text/html; charset=UTF-8" />\n<meta http-equiv="X-UA-Compatible" content="IE=Edge,chrome=1" />\n<meta name="robots" content="noindex, nofollow" />\n<meta name="viewport" content="width=device-width,initial-scale=1,maximum-scale=1" />\n<link rel="stylesheet" id="cf_styles-css" href="/cdn-cgi/styles/cf.errors.css" type="text/css" media="screen,projection" />\n<!--[if lt IE 9]><link rel="stylesheet" id=\'cf_styles-ie-css\' href="/cdn-cgi/styles/cf.errors.ie.css" type="text/css" media="screen,projection" /><![endif]-->\n<style type="text/css">body{margin:0;padding:0}</style>\n<!--[if lte IE 9]><script type="text/javascript" src="/cdn-cgi/scripts/jquery.min.js"></script><![endif]-->\n<!--[if gte IE 10]><!--><script type="text/javascript" src="/cdn-cgi/scripts/zepto.min.js"></script><!--<![endif]-->\n<script type="text/javascript" src="/cdn-cgi/scripts/cf.common.js"></script>\n\n</head>\n<body>\n<div id="cf-wrapper">\n\n    \n\n    <div id="cf-error-details" class="cf-error-details-wrapper">\n        <div class="cf-wrapper cf-error-overview">\n            <h1>\n              <span class="cf-error-type" data-translate="error">Error</span>\n              <span class="cf-error-code">502</span>\n              <small class="heading-ray-id">Ray ID: 259ea6b49ba50719 &bull; 2015-12-24 19:18:17 UTC</small>\n            </h1>\n            <h2 class="cf-subheadline" data-translate="error_desc">Bad gateway</h2>\n        </div><!-- /.error-overview -->\n\n        <div class="cf-section cf-highlight cf-status-display">\n            <div class="cf-wrapper">\n                <div class="cf-columns cols-3">\n                  \n<div id="cf-browser-status" class="cf-column cf-status-item cf-browser-status ">\n  <div class="cf-icon-error-container">\n    <i class="cf-icon cf-icon-browser"></i>\n    <i class="cf-icon-status cf-icon-ok"></i>\n  </div>\n  <span class="cf-status-desc" data-translate="browser_desc">You</span>\n  <h3 class="cf-status-name" data-translate="browser_label">Browser</h3>\n  <span class="cf-status-label" data-translate="browser_status_label">Working</span>\n</div>\n\n<div id="cf-cloudflare-status" class="cf-column cf-status-item cf-cloudflare-status ">\n  <div class="cf-icon-error-container">\n    <i class="cf-icon cf-icon-cloud"></i>\n    <i class="cf-icon-status cf-icon-ok"></i>\n  </div>\n  <span class="cf-status-desc" data-translate="cloud_desc">San Jose</span>\n  <h3 class="cf-status-name" data-translate="cloud_label">CloudFlare</h3>\n  <span class="cf-status-label" data-translate="cloud_status_label">Working</span>\n</div>\n\n<div id="cf-host-status" class="cf-column cf-status-item cf-host-status cf-error-source">\n  <div class="cf-icon-error-container">\n    <i class="cf-icon cf-icon-server"></i>\n    <i class="cf-icon-status cf-icon-error"></i>\n  </div>\n  <span class="cf-status-desc" data-translate="server_desc">findme.pointlook.com</span>\n  <h3 class="cf-status-name" data-translate="server_label">Host</h3>\n  <span class="cf-status-label" data-translate="server_status_label">Error</span>\n</div>\n\n                </div>\n            </div>\n        </div><!-- /.status-display -->\n\n        <div class="cf-section cf-wrapper">\n            <div class="cf-columns two">\n                <div class="cf-column">\n                    <h2 data-translate="what_happened">What happened?</h2>\n                    <p>The web server reported a bad gateway error.</p>\n                </div>\n\n                <div class="cf-column">\n                    <h2 data-translate="what_can_i_do">What can I do?</h2>\n                    <p data-translate="try_again_in_a_few">Please try again in a few minutes.</p>\n                </div>\n            </div>\n        </div><!-- /.section -->\n\n        <div class="cf-error-footer cf-wrapper">\n  <p>\n    <span class="cf-footer-item">CloudFlare Ray ID: <strong>259ea6b49ba50719</strong></span>\n    <span class="cf-footer-separator">&bull;</span>\n    <span class="cf-footer-item"><span data-translate="your_ip">Your IP</span>: 162.217.72.80</span>\n    <span class="cf-footer-separator">&bull;</span>\n    <span class="cf-footer-item"><span data-translate="performance_security_by">Performance &amp; security by</span> <a data-orig-proto="https" data-orig-ref="www.cloudflare.com/5xx-error-landing?utm_source=error_footer" id="brand_link" target="_blank">CloudFlare</a></span>\n    \n  </p>\n</div><!-- /.error-footer -->\n\n\n    </div><!-- /#cf-error-details -->\n</div><!-- /#cf-wrapper -->\n'
1450984703 '<!DOCTYPE html>\n<!--[if lt IE 7]> <html class="no-js ie6 oldie" lang="en-US"> <![endif]-->\n<!--[if IE 7]>    <html class="no-js ie7 oldie" lang="en-US"> <![endif]-->\n<!--[if IE 8]>    <html class="no-js ie8 oldie" lang="en-US"> <![endif]-->\n<!--[if gt IE 8]><!--> <html class="no-js" lang="en-US"> <!--<![endif]-->\n<head>\n<meta http-equiv="refresh" content="0">\n\n<meta http-equiv="set-cookie" content="cf_use_ob=443; expires=Thu, 24-Dec-15 19:18:53 GMT; path=/">\n\n<meta http-equiv="set-cookie" content="cf_ob_info=502:259ea6da3efa2834:SJC; expires=Thu, 24-Dec-15 19:18:53 GMT; path=/">\n\n\n<title>findme.pointlook.com | 502: Bad gateway</title>\n<meta charset="UTF-8" />\n<meta http-equiv="Content-Type" content="text/html; charset=UTF-8" />\n<meta http-equiv="X-UA-Compatible" content="IE=Edge,chrome=1" />\n<meta name="robots" content="noindex, nofollow" />\n<meta name="viewport" content="width=device-width,initial-scale=1,maximum-scale=1" />\n<link rel="stylesheet" id="cf_styles-css" href="/cdn-cgi/styles/cf.errors.css" type="text/css" media="screen,projection" />\n<!--[if lt IE 9]><link rel="stylesheet" id=\'cf_styles-ie-css\' href="/cdn-cgi/styles/cf.errors.ie.css" type="text/css" media="screen,projection" /><![endif]-->\n<style type="text/css">body{margin:0;padding:0}</style>\n<!--[if lte IE 9]><script type="text/javascript" src="/cdn-cgi/scripts/jquery.min.js"></script><![endif]-->\n<!--[if gte IE 10]><!--><script type="text/javascript" src="/cdn-cgi/scripts/zepto.min.js"></script><!--<![endif]-->\n<script type="text/javascript" src="/cdn-cgi/scripts/cf.common.js"></script>\n\n</head>\n<body>\n<div id="cf-wrapper">\n\n    \n\n    <div id="cf-error-details" class="cf-error-details-wrapper">\n        <div class="cf-wrapper cf-error-overview">\n            <h1>\n              <span class="cf-error-type" data-translate="error">Error</span>\n              <span class="cf-error-code">502</span>\n              <small class="heading-ray-id">Ray ID: 259ea6da3efa2834 &bull; 2015-12-24 19:18:23 UTC</small>\n            </h1>\n            <h2 class="cf-subheadline" data-translate="error_desc">Bad gateway</h2>\n        </div><!-- /.error-overview -->\n\n        <div class="cf-section cf-highlight cf-status-display">\n            <div class="cf-wrapper">\n                <div class="cf-columns cols-3">\n                  \n<div id="cf-browser-status" class="cf-column cf-status-item cf-browser-status ">\n  <div class="cf-icon-error-container">\n    <i class="cf-icon cf-icon-browser"></i>\n    <i class="cf-icon-status cf-icon-ok"></i>\n  </div>\n  <span class="cf-status-desc" data-translate="browser_desc">You</span>\n  <h3 class="cf-status-name" data-translate="browser_label">Browser</h3>\n  <span class="cf-status-label" data-translate="browser_status_label">Working</span>\n</div>\n\n<div id="cf-cloudflare-status" class="cf-column cf-status-item cf-cloudflare-status ">\n  <div class="cf-icon-error-container">\n    <i class="cf-icon cf-icon-cloud"></i>\n    <i class="cf-icon-status cf-icon-ok"></i>\n  </div>\n  <span class="cf-status-desc" data-translate="cloud_desc">San Jose</span>\n  <h3 class="cf-status-name" data-translate="cloud_label">CloudFlare</h3>\n  <span class="cf-status-label" data-translate="cloud_status_label">Working</span>\n</div>\n\n<div id="cf-host-status" class="cf-column cf-status-item cf-host-status cf-error-source">\n  <div class="cf-icon-error-container">\n    <i class="cf-icon cf-icon-server"></i>\n    <i class="cf-icon-status cf-icon-error"></i>\n  </div>\n  <span class="cf-status-desc" data-translate="server_desc">findme.pointlook.com</span>\n  <h3 class="cf-status-name" data-translate="server_label">Host</h3>\n  <span class="cf-status-label" data-translate="server_status_label">Error</span>\n</div>\n\n                </div>\n            </div>\n        </div><!-- /.status-display -->\n\n        <div class="cf-section cf-wrapper">\n            <div class="cf-columns two">\n                <div class="cf-column">\n                    <h2 data-translate="what_happened">What happened?</h2>\n                    <p>The web server reported a bad gateway error.</p>\n                </div>\n\n                <div class="cf-column">\n                    <h2 data-translate="what_can_i_do">What can I do?</h2>\n                    <p data-translate="try_again_in_a_few">Please try again in a few minutes.</p>\n                </div>\n            </div>\n        </div><!-- /.section -->\n\n        <div class="cf-error-footer cf-wrapper">\n  <p>\n    <span class="cf-footer-item">CloudFlare Ray ID: <strong>259ea6da3efa2834</strong></span>\n    <span class="cf-footer-separator">&bull;</span>\n    <span class="cf-footer-item"><span data-translate="your_ip">Your IP</span>: 162.217.72.80</span>\n    <span class="cf-footer-separator">&bull;</span>\n    <span class="cf-footer-item"><span data-translate="performance_security_by">Performance &amp; security by</span> <a data-orig-proto="https" data-orig-ref="www.cloudflare.com/5xx-error-landing?utm_source=error_footer" id="brand_link" target="_blank">CloudFlare</a></span>\n    \n  </p>\n</div><!-- /.error-footer -->\n\n\n    </div><!-- /#cf-error-details -->\n</div><!-- /#cf-wrapper -->\n'
1450984709 '<!DOCTYPE html>\n<!--[if lt IE 7]> <html class="no-js ie6 oldie" lang="en-US"> <![endif]-->\n<!--[if IE 7]>    <html class="no-js ie7 oldie" lang="en-US"> <![endif]-->\n<!--[if IE 8]>    <html class="no-js ie8 oldie" lang="en-US"> <![endif]-->\n<!--[if gt IE 8]><!--> <html class="no-js" lang="en-US"> <!--<![endif]-->\n<head>\n<meta http-equiv="refresh" content="0">\n\n<meta http-equiv="set-cookie" content="cf_use_ob=443; expires=Thu, 24-Dec-15 19:18:59 GMT; path=/">\n\n<meta http-equiv="set-cookie" content="cf_ob_info=502:259ea6ffcf151e77:SJC; expires=Thu, 24-Dec-15 19:18:59 GMT; path=/">\n\n\n<title>findme.pointlook.com | 502: Bad gateway</title>\n<meta charset="UTF-8" />\n<meta http-equiv="Content-Type" content="text/html; charset=UTF-8" />\n<meta http-equiv="X-UA-Compatible" content="IE=Edge,chrome=1" />\n<meta name="robots" content="noindex, nofollow" />\n<meta name="viewport" content="width=device-width,initial-scale=1,maximum-scale=1" />\n<link rel="stylesheet" id="cf_styles-css" href="/cdn-cgi/styles/cf.errors.css" type="text/css" media="screen,projection" />\n<!--[if lt IE 9]><link rel="stylesheet" id=\'cf_styles-ie-css\' href="/cdn-cgi/styles/cf.errors.ie.css" type="text/css" media="screen,projection" /><![endif]-->\n<style type="text/css">body{margin:0;padding:0}</style>\n<!--[if lte IE 9]><script type="text/javascript" src="/cdn-cgi/scripts/jquery.min.js"></script><![endif]-->\n<!--[if gte IE 10]><!--><script type="text/javascript" src="/cdn-cgi/scripts/zepto.min.js"></script><!--<![endif]-->\n<script type="text/javascript" src="/cdn-cgi/scripts/cf.common.js"></script>\n\n</head>\n<body>\n<div id="cf-wrapper">\n\n    \n\n    <div id="cf-error-details" class="cf-error-details-wrapper">\n        <div class="cf-wrapper cf-error-overview">\n            <h1>\n              <span class="cf-error-type" data-translate="error">Error</span>\n              <span class="cf-error-code">502</span>\n              <small class="heading-ray-id">Ray ID: 259ea6ffcf151e77 &bull; 2015-12-24 19:18:29 UTC</small>\n            </h1>\n            <h2 class="cf-subheadline" data-translate="error_desc">Bad gateway</h2>\n        </div><!-- /.error-overview -->\n\n        <div class="cf-section cf-highlight cf-status-display">\n            <div class="cf-wrapper">\n                <div class="cf-columns cols-3">\n                  \n<div id="cf-browser-status" class="cf-column cf-status-item cf-browser-status ">\n  <div class="cf-icon-error-container">\n    <i class="cf-icon cf-icon-browser"></i>\n    <i class="cf-icon-status cf-icon-ok"></i>\n  </div>\n  <span class="cf-status-desc" data-translate="browser_desc">You</span>\n  <h3 class="cf-status-name" data-translate="browser_label">Browser</h3>\n  <span class="cf-status-label" data-translate="browser_status_label">Working</span>\n</div>\n\n<div id="cf-cloudflare-status" class="cf-column cf-status-item cf-cloudflare-status ">\n  <div class="cf-icon-error-container">\n    <i class="cf-icon cf-icon-cloud"></i>\n    <i class="cf-icon-status cf-icon-ok"></i>\n  </div>\n  <span class="cf-status-desc" data-translate="cloud_desc">San Jose</span>\n  <h3 class="cf-status-name" data-translate="cloud_label">CloudFlare</h3>\n  <span class="cf-status-label" data-translate="cloud_status_label">Working</span>\n</div>\n\n<div id="cf-host-status" class="cf-column cf-status-item cf-host-status cf-error-source">\n  <div class="cf-icon-error-container">\n    <i class="cf-icon cf-icon-server"></i>\n    <i class="cf-icon-status cf-icon-error"></i>\n  </div>\n  <span class="cf-status-desc" data-translate="server_desc">findme.pointlook.com</span>\n  <h3 class="cf-status-name" data-translate="server_label">Host</h3>\n  <span class="cf-status-label" data-translate="server_status_label">Error</span>\n</div>\n\n                </div>\n            </div>\n        </div><!-- /.status-display -->\n\n        <div class="cf-section cf-wrapper">\n            <div class="cf-columns two">\n                <div class="cf-column">\n                    <h2 data-translate="what_happened">What happened?</h2>\n                    <p>The web server reported a bad gateway error.</p>\n                </div>\n\n                <div class="cf-column">\n                    <h2 data-translate="what_can_i_do">What can I do?</h2>\n                    <p data-translate="try_again_in_a_few">Please try again in a few minutes.</p>\n                </div>\n            </div>\n        </div><!-- /.section -->\n\n        <div class="cf-error-footer cf-wrapper">\n  <p>\n    <span class="cf-footer-item">CloudFlare Ray ID: <strong>259ea6ffcf151e77</strong></span>\n    <span class="cf-footer-separator">&bull;</span>\n    <span class="cf-footer-item"><span data-translate="your_ip">Your IP</span>: 162.217.72.80</span>\n    <span class="cf-footer-separator">&bull;</span>\n    <span class="cf-footer-item"><span data-translate="performance_security_by">Performance &amp; security by</span> <a data-orig-proto="https" data-orig-ref="www.cloudflare.com/5xx-error-landing?utm_source=error_footer" id="brand_link" target="_blank">CloudFlare</a></span>\n    \n  </p>\n</div><!-- /.error-footer -->\n\n\n    </div><!-- /#cf-error-details -->\n</div><!-- /#cf-wrapper -->\n'
1450984715 '<!DOCTYPE html>\n<!--[if lt IE 7]> <html class="no-js ie6 oldie" lang="en-US"> <![endif]-->\n<!--[if IE 7]>    <html class="no-js ie7 oldie" lang="en-US"> <![endif]-->\n<!--[if IE 8]>    <html class="no-js ie8 oldie" lang="en-US"> <![endif]-->\n<!--[if gt IE 8]><!--> <html class="no-js" lang="en-US"> <!--<![endif]-->\n<head>\n<meta http-equiv="refresh" content="0">\n\n<meta http-equiv="set-cookie" content="cf_use_ob=443; expires=Thu, 24-Dec-15 19:19:05 GMT; path=/">\n\n<meta http-equiv="set-cookie" content="cf_ob_info=502:259ea725aeed1ea1:SJC; expires=Thu, 24-Dec-15 19:19:05 GMT; path=/">\n\n\n<title>findme.pointlook.com | 502: Bad gateway</title>\n<meta charset="UTF-8" />\n<meta http-equiv="Content-Type" content="text/html; charset=UTF-8" />\n<meta http-equiv="X-UA-Compatible" content="IE=Edge,chrome=1" />\n<meta name="robots" content="noindex, nofollow" />\n<meta name="viewport" content="width=device-width,initial-scale=1,maximum-scale=1" />\n<link rel="stylesheet" id="cf_styles-css" href="/cdn-cgi/styles/cf.errors.css" type="text/css" media="screen,projection" />\n<!--[if lt IE 9]><link rel="stylesheet" id=\'cf_styles-ie-css\' href="/cdn-cgi/styles/cf.errors.ie.css" type="text/css" media="screen,projection" /><![endif]-->\n<style type="text/css">body{margin:0;padding:0}</style>\n<!--[if lte IE 9]><script type="text/javascript" src="/cdn-cgi/scripts/jquery.min.js"></script><![endif]-->\n<!--[if gte IE 10]><!--><script type="text/javascript" src="/cdn-cgi/scripts/zepto.min.js"></script><!--<![endif]-->\n<script type="text/javascript" src="/cdn-cgi/scripts/cf.common.js"></script>\n\n</head>\n<body>\n<div id="cf-wrapper">\n\n    \n\n    <div id="cf-error-details" class="cf-error-details-wrapper">\n        <div class="cf-wrapper cf-error-overview">\n            <h1>\n              <span class="cf-error-type" data-translate="error">Error</span>\n              <span class="cf-error-code">502</span>\n              <small class="heading-ray-id">Ray ID: 259ea725aeed1ea1 &bull; 2015-12-24 19:18:35 UTC</small>\n            </h1>\n            <h2 class="cf-subheadline" data-translate="error_desc">Bad gateway</h2>\n        </div><!-- /.error-overview -->\n\n        <div class="cf-section cf-highlight cf-status-display">\n            <div class="cf-wrapper">\n                <div class="cf-columns cols-3">\n                  \n<div id="cf-browser-status" class="cf-column cf-status-item cf-browser-status ">\n  <div class="cf-icon-error-container">\n    <i class="cf-icon cf-icon-browser"></i>\n    <i class="cf-icon-status cf-icon-ok"></i>\n  </div>\n  <span class="cf-status-desc" data-translate="browser_desc">You</span>\n  <h3 class="cf-status-name" data-translate="browser_label">Browser</h3>\n  <span class="cf-status-label" data-translate="browser_status_label">Working</span>\n</div>\n\n<div id="cf-cloudflare-status" class="cf-column cf-status-item cf-cloudflare-status ">\n  <div class="cf-icon-error-container">\n    <i class="cf-icon cf-icon-cloud"></i>\n    <i class="cf-icon-status cf-icon-ok"></i>\n  </div>\n  <span class="cf-status-desc" data-translate="cloud_desc">San Jose</span>\n  <h3 class="cf-status-name" data-translate="cloud_label">CloudFlare</h3>\n  <span class="cf-status-label" data-translate="cloud_status_label">Working</span>\n</div>\n\n<div id="cf-host-status" class="cf-column cf-status-item cf-host-status cf-error-source">\n  <div class="cf-icon-error-container">\n    <i class="cf-icon cf-icon-server"></i>\n    <i class="cf-icon-status cf-icon-error"></i>\n  </div>\n  <span class="cf-status-desc" data-translate="server_desc">findme.pointlook.com</span>\n  <h3 class="cf-status-name" data-translate="server_label">Host</h3>\n  <span class="cf-status-label" data-translate="server_status_label">Error</span>\n</div>\n\n                </div>\n            </div>\n        </div><!-- /.status-display -->\n\n        <div class="cf-section cf-wrapper">\n            <div class="cf-columns two">\n                <div class="cf-column">\n                    <h2 data-translate="what_happened">What happened?</h2>\n                    <p>The web server reported a bad gateway error.</p>\n                </div>\n\n                <div class="cf-column">\n                    <h2 data-translate="what_can_i_do">What can I do?</h2>\n                    <p data-translate="try_again_in_a_few">Please try again in a few minutes.</p>\n                </div>\n            </div>\n        </div><!-- /.section -->\n\n        <div class="cf-error-footer cf-wrapper">\n  <p>\n    <span class="cf-footer-item">CloudFlare Ray ID: <strong>259ea725aeed1ea1</strong></span>\n    <span class="cf-footer-separator">&bull;</span>\n    <span class="cf-footer-item"><span data-translate="your_ip">Your IP</span>: 162.217.72.80</span>\n    <span class="cf-footer-separator">&bull;</span>\n    <span class="cf-footer-item"><span data-translate="performance_security_by">Performance &amp; security by</span> <a data-orig-proto="https" data-orig-ref="www.cloudflare.com/5xx-error-landing?utm_source=error_footer" id="brand_link" target="_blank">CloudFlare</a></span>\n    \n  </p>\n</div><!-- /.error-footer -->\n\n\n    </div><!-- /#cf-error-details -->\n</div><!-- /#cf-wrapper -->\n'
1450984721 '{"result":"♡"}'
1450984727 '{"result":"♡"}'
1450984733 '{"result":"♡"}'
1450984739 '{"result":"♡"}'
1450984745 '{"result":"♡"}'
1450984751 '{"result":"♡"}'
1450984757 '{"result":"♡"}'
1450984763 '{"result":"♡"}'
1450984769 '{"result":"♡"}'
1450984775 '{"result":"♡"}'
1450984781 '{"result":"♡"}'
1450984787 '{"result":"♡"}'
1450984793 '{"result":"♡"}'
1450984799 '{"result":"♡"}'
1450984805 '{"result":"♡"}'
1450984811 '{"result":"♡"}'
1450984817 '{"result":"♡"}'
1450984823 '{"result":"♡"}'
1450984829 '{"result":"♡"}'
1450984835 '{"result":"♡"}'
1450984841 '{"result":"♡"}'
1450984847 '{"result":"♡"}'
1450984853 '{"result":"♡"}'
1450984859 '{"result":"♡"}'
1450984865 '{"result":"♡"}'
1450984871 '{"result":"♡"}'
1450984877 '{"result":"♡"}'
1450984883 '{"result":"♡"}'
1450984889 '{"result":"♡"}'
1450984896 '{"result":"♡"}'
1450984901 '{"result":"♡"}'
1450984907 '{"result":"♡"}'
1450984913 '{"result":"♡"}'
1450984919 '{"result":"♡"}'
1450984925 '{"result":"♡"}'
1450984931 '{"result":"♡"}'
1450984937 '{"result":"♡"}'
1450984943 '{"result":"♡"}'
1450984949 '{"result":"♡"}'
1450984955 '{"result":"♡"}'
1450984961 '{"result":"♡"}'
1450984967 '{"result":"♡"}'
1450984973 '{"result":"♡"}'
1450984979 '{"result":"♡"}'
1450984985 '{"result":"♡"}'
1450984991 '{"result":"♡"}'
1450984997 '{"result":"♡"}'
1450985003 '{"result":"♡"}'
1450985009 '{"result":"♡"}'
1450985015 '{"result":"♡"}'
1450985021 '{"result":"♡"}'
1450985027 '{"result":"♡"}'
1450985033 '{"result":"♡"}'
1450985039 '{"result":"♡"}'
1450985045 '{"result":"♡"}'
1450985051 '{"result":"♡"}'
1450985057 '{"result":"♡"}'
1450985063 '{"result":"♡"}'
1450985070 '{"result":"♡"}'
1450985075 '{"result":"♡"}'
1450985081 '{"result":"♡"}'
1450985087 '{"result":"♡"}'
1450985093 '{"result":"♡"}'
1450985099 '{"result":"♡"}'
1450985106 '{"result":"♡"}'
1450985111 '{"result":"♡"}'
1450985117 '{"result":"♡"}'
1450985123 '{"result":"♡"}'
1450985129 '{"result":"♡"}'
1450985135 '{"result":"♡"}'
1450985141 '{"result":"♡"}'
1450985147 '{"result":"♡"}'
1450985153 '{"result":"♡"}'
1450985159 '{"result":"♡"}'
1450985165 '{"result":"♡"}'
1450985171 '{"result":"♡"}'
1450985178 '{"result":"♡"}'
1450985183 '{"result":"♡"}'
1450985190 '{"result":"♡"}'
1450985195 '{"result":"♡"}'
1450985201 '{"result":"♡"}'
1450985207 '{"result":"♡"}'
1450985213 '{"result":"♡"}'
1450985219 '{"result":"♡"}'
1450985225 '{"result":"♡"}'
1450985231 '{"result":"♡"}'
1450985237 '{"result":"♡"}'
1450985243 '{"result":"♡"}'
1450985249 '{"result":"♡"}'
1450985255 '{"result":"♡"}'
1450985261 '{"result":"♡"}'
1450985268 '{"result":"♡"}'
1450985273 '{"result":"♡"}'
1450985280 '{"result":"♡"}'
1450985285 '{"result":"♡"}'
1450985291 '{"result":"♡"}'
1450985297 '{"result":"♡"}'
1450985303 '{"result":"♡"}'
1450985309 '{"result":"♡"}'
1450985315 '{"result":"♡"}'
1450985321 '{"result":"♡"}'
1450985328 '{"result":"♡"}'
1450985333 '{"result":"♡"}'
1450985339 '{"result":"♡"}'
1450985345 '{"result":"♡"}'
1450985352 '{"result":"♡"}'
1450985357 '{"result":"♡"}'
1450985363 '{"result":"♡"}'
1450985369 '{"result":"♡"}'
1450985375 '{"result":"♡"}'
1450985381 '{"result":"♡"}'
1450985387 '{"result":"♡"}'
1450985393 '{"result":"♡"}'
1450985399 '{"result":"♡"}'
1450985406 '{"result":"♡"}'
1450985412 '{"result":"♡"}'
1450985417 '{"result":"♡"}'
1450985423 '{"result":"♡"}'
1450985429 '{"result":"♡"}'
1450985436 '{"result":"♡"}'
1450985442 '{"result":"♡"}'
1450985447 '{"result":"♡"}'
1450985453 '{"result":"♡"}'
1450985460 '{"result":"♡"}'
1450985465 '{"result":"♡"}'
1450985471 '{"result":"♡"}'
1450985477 '{"result":"♡"}'
1450985483 '{"result":"♡"}'
1450985490 '{"result":"♡"}'
1450985495 '{"result":"♡"}'
1450985502 '{"result":"♡"}'
1450985508 '{"result":"♡"}'
1450985514 '{"result":"♡"}'
1450985519 '{"result":"♡"}'
1450985525 '{"result":"♡"}'
1450985531 '{"result":"♡"}'
1450985537 '{"result":"♡"}'
1450985543 '{"result":"♡"}'
1450985550 '{"result":"♡"}'
1450985555 '{"result":"♡"}'
1450985561 '{"result":"♡"}'
1450985567 '{"result":"♡"}'
1450985573 '{"result":"♡"}'
1450985579 '{"result":"♡"}'
1450985586 '{"result":"♡"}'
1450985591 '{"result":"♡"}'
1450985597 '{"result":"♡"}'
1450985604 '{"result":"♡"}'
1450985609 '{"result":"♡"}'
1450985615 '{"result":"♡"}'
1450985621 '{"result":"♡"}'
1450985628 '{"result":"♡"}'
1450985634 '{"result":"♡"}'
1450985639 '{"result":"♡"}'
1450985645 '{"result":"♡"}'
1450985652 '{"result":"♡"}'
1450985658 '{"result":"♡"}'
1450985664 '{"result":"♡"}'
1450985669 '{"result":"♡"}'
1450985675 '{"result":"♡"}'
1450985681 '{"result":"♡"}'
1450985687 '{"result":"♡"}'
1450985693 '{"result":"♡"}'
1450985701 '{"result":"♡"}'
1450985706 '{"result":"♡"}'
1450985712 '{"result":"♡"}'
1450985718 '{"result":"♡"}'
1450985724 '{"result":"♡"}'
1450985729 '{"result":"♡"}'
1450985735 '{"result":"♡"}'
1450985742 '{"result":"♡"}'
1450985748 '{"result":"♡"}'
1450985754 '{"result":"♡"}'
1450985761 '{"result":"♡"}'
1450985766 '{"result":"♡"}'
1450985772 '{"result":"♡"}'
1450985778 '{"result":"♡"}'
1450985784 '{"result":"♡"}'
1450985790 '{"result":"♡"}'
1450985795 '{"result":"♡"}'
1450985803 '{"result":"♡"}'
1450985808 '{"result":"♡"}'
1450985814 '{"result":"♡"}'
1450985819 '{"result":"♡"}'
1450985826 '{"result":"♡"}'
1450985831 '{"result":"♡"}'
1450985837 '{"result":"♡"}'
1450985844 '{"result":"♡"}'
1450985850 '{"result":"♡"}'
1450985856 '{"result":"♡"}'
1450985862 '{"result":"♡"}'
1450985867 '{"result":"♡"}'
1450985874 '{"result":"♡"}'
1450985879 '{"result":"♡"}'
1450985885 '{"result":"♡"}'
1450985892 '{"result":"♡"}'
1450985898 '{"result":"♡"}'
1450985904 '{"result":"♡"}'
1450985909 '{"result":"♡"}'
1450985916 '{"result":"♡"}'
1450985922 '{"result":"♡"}'
1450985928 '{"result":"♡"}'
1450985934 '{"result":"♡"}'
1450985940 '{"result":"♡"}'
1450985946 '{"result":"♡"}'
1450985952 '{"result":"♡"}'
1450985958 '{"result":"♡"}'
1450985964 '{"result":"♡"}'
1450985970 '{"result":"♡"}'
1450985976 '{"result":"♡"}'
1450985982 '{"result":"♡"}'
1450985988 '{"result":"♡"}'
1450985994 '{"result":"♡"}'
1450986000 '{"result":"♡"}'
1450986006 '{"result":"♡"}'
1450986012 '{"result":"♡"}'
1450986018 '{"result":"♡"}'
1450986024 '{"result":"♡"}'
1450986030 '{"result":"♡"}'
1450986036 '{"result":"♡"}'
1450986042 '{"result":"♡"}'
1450986048 '{"result":"♡"}'
1450986054 '{"result":"♡"}'
1450986060 '{"result":"♡"}'
1450986066 '{"result":"♡"}'
1450986072 '{"result":"♡"}'
1450986078 '{"result":"♡"}'
1450986084 '{"result":"♡"}'
1450986090 '{"result":"♡"}'
1450986096 '{"result":"♡"}'
1450986102 '{"result":"♡"}'
1450986108 '{"result":"♡"}'
1450986114 '{"result":"♡"}'
1450986120 '{"result":"♡"}'
1450986127 '{"result":"♡"}'
1450986132 '{"result":"♡"}'
1450986138 '{"result":"♡"}'
1450986144 '{"result":"♡"}'
1450986150 '{"result":"♡"}'
1450986156 '{"result":"♡"}'
1450986162 '{"result":"♡"}'
1450986168 '{"result":"♡"}'
1450986174 '{"result":"♡"}'
1450986180 '{"result":"♡"}'
1450986186 '{"result":"♡"}'
1450986192 '{"result":"♡"}'
1450986198 '{"result":"♡"}'
1450986204 '{"result":"♡"}'
1450986210 '{"result":"♡"}'
1450986216 '{"result":"♡"}'
1450986222 '{"result":"♡"}'
1450986228 '{"result":"♡"}'
1450986234 '{"result":"♡"}'
1450986240 '{"result":"♡"}'
1450986246 '{"result":"♡"}'
1450986252 '{"result":"♡"}'
1450986258 '{"result":"♡"}'
1450986264 '{"result":"♡"}'
1450986270 '{"result":"♡"}'
1450986276 '{"result":"♡"}'
1450986282 '{"result":"♡"}'
1450986288 '{"result":"♡"}'
1450986294 '{"result":"♡"}'
1450986300 '{"result":"♡"}'
1450986307 '{"result":"♡"}'
1450986312 '{"result":"♡"}'
1450986318 '{"result":"♡"}'
1450986324 '{"result":"♡"}'
1450986330 '{"result":"♡"}'
1450986336 '{"result":"♡"}'
1450986342 '{"result":"♡"}'
1450986348 '{"result":"♡"}'
1450986354 '{"result":"♡"}'
1450986360 '{"result":"♡"}'
1450986366 '{"result":"♡"}'
1450986372 '{"result":"♡"}'
1450986378 '{"result":"♡"}'
1450986384 '{"result":"♡"}'
1450986390 '{"result":"♡"}'
1450986396 '{"result":"♡"}'
1450986402 '{"result":"♡"}'
1450986408 '{"result":"♡"}'
1450986414 '{"result":"♡"}'
1450986420 '{"result":"♡"}'
1450986427 '{"result":"♡"}'
1450986432 '{"result":"♡"}'
1450986438 '{"result":"♡"}'
1450986444 '{"result":"♡"}'
1450986450 '{"result":"♡"}'
1450986456 '{"result":"♡"}'
1450986462 '{"result":"♡"}'
1450986468 '{"result":"♡"}'
1450986474 '{"result":"♡"}'
1450986480 '{"result":"♡"}'
1450986486 '{"result":"♡"}'
1450986492 '{"result":"♡"}'
1450986498 '{"result":"♡"}'
1450986505 '{"result":"♡"}'
1450986510 '{"result":"♡"}'
1450986516 '{"result":"♡"}'
1450986523 '{"result":"♡"}'
1450986528 '{"result":"♡"}'
1450986534 '{"result":"♡"}'
1450986540 '{"result":"♡"}'
1450986546 '{"result":"♡"}'
1450986552 '{"result":"♡"}'
1450986558 '{"result":"♡"}'
1450986564 '{"result":"♡"}'
undefined:1
Quota exceeded
^

SyntaxError: Unexpected token Q
    at Object.parse (native)
    at Request._callback (/Users/z/work/iot/board01/iot/app.js:20:24)
    at Request.self.callback (/Users/z/work/iot/board01/iot/node_modules/request/request.js:198:22)
    at emitTwo (events.js:88:13)
    at Request.emit (events.js:173:7)
    at Request.<anonymous> (/Users/z/work/iot/board01/iot/node_modules/request/request.js:1035:10)
    at emitOne (events.js:83:20)
    at Request.emit (events.js:170:7)
    at IncomingMessage.<anonymous> (/Users/z/work/iot/board01/iot/node_modules/request/request.js:962:12)
    at emitNone (events.js:73:20)
    at IncomingMessage.emit (events.js:167:7)
error: Forever detected script exited with code: 1
error: Script restart attempt #1
undefined:1
Quota exceeded
^

SyntaxError: Unexpected token Q
    at Object.parse (native)
    at Request._callback (/Users/z/work/iot/board01/iot/app.js:21:24)
    at Request.self.callback (/Users/z/work/iot/board01/iot/node_modules/request/request.js:198:22)
    at emitTwo (events.js:88:13)
    at Request.emit (events.js:173:7)
    at Request.<anonymous> (/Users/z/work/iot/board01/iot/node_modules/request/request.js:1035:10)
    at emitOne (events.js:83:20)
    at Request.emit (events.js:170:7)
    at IncomingMessage.<anonymous> (/Users/z/work/iot/board01/iot/node_modules/request/request.js:962:12)
    at emitNone (events.js:73:20)
error: Forever detected script exited with code: 1
