1450990523 '{"result":"♡"}'
1450991123 '{"result":"♡"}'
1450991723 '{"result":"♡"}'
1450992323 '{"result":"♡"}'
1451003030 '{"result":"♡"}'
1451010862 '{"result":"♡"}'
1451014109 '{"result":"♡"}'
1451017900 '{"result":"♡"}'
1451018500 '{"result":"♡"}'
1451019100 '{"result":"♡"}'
1451019700 '{"result":"♡"}'
1451020300 '{"result":"♡"}'
1451020900 '{"result":"♡"}'
1451021500 '{"result":"♡"}'
1451022100 '{"result":"♡"}'
1451022700 '{"result":"♡"}'
1451023300 '{"result":"♡"}'
1451023900 '{"result":"♡"}'
1451024500 '{"result":"♡"}'
1451025100 '{"result":"♡"}'
1451025700 '{"result":"♡"}'
1451026300 '{"result":"♡"}'
1451026900 '{"result":"♡"}'
1451027500 '{"result":"♡"}'
1451028100 '{"result":"♡"}'
1451028700 '{"result":"♡"}'
1451029300 '{"result":"♡"}'
1451029900 '{"result":"♡"}'
1451030500 '{"result":"♡"}'
1451031100 '{"result":"♡"}'
1451031700 '{"result":"♡"}'
1451032300 '{"result":"♡"}'
1451032900 '{"result":"♡"}'
1451033500 '{"result":"♡"}'
1451034100 '{"result":"♡"}'
1451034700 '{"result":"♡"}'
1451035300 '{"result":"♡"}'
1451035900 '{"result":"♡"}'
1451036500 '{"result":"♡"}'
1451037100 '{"result":"♡"}'
1451037700 '{"result":"♡"}'
1451038300 '{"result":"♡"}'
1451038900 '{"result":"♡"}'
1451039500 '{"result":"♡"}'
1451040100 '{"result":"♡"}'
1451040701 '{"result":"♡"}'
1451041300 '{"result":"♡"}'
1451041900 '{"result":"♡"}'
1451042500 '{"result":"♡"}'
1451043100 '{"result":"♡"}'
1451043700 '{"result":"♡"}'
1451044300 '{"result":"♡"}'
1451044900 '{"result":"♡"}'
1451045500 '{"result":"♡"}'
1451046100 '{"result":"♡"}'
1451046700 '{"result":"♡"}'
1451047300 '{"result":"♡"}'
1451047900 '{"result":"♡"}'
1451048500 '{"result":"♡"}'
1451049100 '{"result":"♡"}'
1451049700 '{"result":"♡"}'
1451050300 '{"result":"♡"}'
1451050900 '{"result":"♡"}'
1451051500 '{"result":"♡"}'
1451052100 '{"result":"♡"}'
1451052700 '{"result":"♡"}'
1451053300 '{"result":"♡"}'
1451053900 '{"result":"♡"}'
1451054500 '{"result":"♡"}'
1451055100 '{"result":"♡"}'
1451055700 '{"result":"♡"}'
1451056300 '{"result":"♡"}'
1451056900 '{"result":"♡"}'
1451057500 '{"result":"♡"}'
1451058100 '{"result":"♡"}'
1451058700 '{"result":"♡"}'
1451059300 '{"result":"♡"}'
1451059900 '{"result":"♡"}'
1451060500 '{"result":"♡"}'
1451061100 '{"result":"♡"}'
1451061700 '{"result":"♡"}'
1451062300 '{"result":"♡"}'
1451062900 '{"result":"♡"}'
1451063500 '{"result":"♡"}'
1451064100 '{"result":"♡"}'
1451064700 '{"result":"♡"}'
1451065300 '{"result":"♡"}'
1451065900 '{"result":"♡"}'
1451066500 '{"result":"♡"}'
1451067100 '{"result":"♡"}'
1451067700 '{"result":"♡"}'
1451068300 '{"result":"♡"}'
1451068900 '{"result":"♡"}'
1451069500 '{"result":"♡"}'
1451070100 '{"result":"♡"}'
1451070700 '{"result":"♡"}'
1451071300 '{"result":"♡"}'
1451071900 '{"result":"♡"}'
1451072500 '{"result":"♡"}'
1451073100 '{"result":"♡"}'
1451073700 '{"result":"♡"}'
1451074300 '{"result":"♡"}'
1451074901 '{"result":"♡"}'
1451075500 '{"result":"♡"}'
1451076100 '{"result":"♡"}'
1451076700 '{"result":"♡"}'
1451077300 '{"result":"♡"}'
1451077900 '{"result":"♡"}'
1451078500 '{"result":"♡"}'
1451079100 '{"result":"♡"}'
1451079700 '{"result":"♡"}'
1451080300 '{"result":"♡"}'
1451080900 '{"result":"♡"}'
1451081500 '{"result":"♡"}'
1451082100 '{"result":"♡"}'
1451082700 '{"result":"♡"}'
1451097400 '{"result":"♡"}'
1451109808 '{"result":"♡"}'
1451119748 '{"result":"♡"}'
1451126335 '{"result":"♡"}'
1451136069 '{"result":"♡"}'
1451144463 '{"result":"♡"}'
1451153274 '{"result":"♡"}'
1451165664 '{"result":"♡"}'
1451173552 '{"result":"♡"}'
1451174152 '{"result":"♡"}'
1451174752 '{"result":"♡"}'
1451175352 '{"result":"♡"}'
1451175952 '{"result":"♡"}'
1451176552 '{"result":"♡"}'
1451177152 '{"result":"♡"}'
1451177752 '{"result":"♡"}'
1451178352 '{"result":"♡"}'
1451178952 '{"result":"♡"}'
1451179552 '{"result":"♡"}'
1451180152 '{"result":"♡"}'
1451180752 '{"result":"♡"}'
1451181352 '{"result":"♡"}'
1451181952 '{"result":"♡"}'
1451182552 '{"result":"♡"}'
1451183152 '{"result":"♡"}'
1451183752 '{"result":"♡"}'
1451184352 '{"result":"♡"}'
1451184952 '{"result":"♡"}'
1451185552 '{"result":"♡"}'
1451186152 '{"result":"♡"}'
1451186752 '{"result":"♡"}'
1451187352 '{"result":"♡"}'
1451187952 '{"result":"♡"}'
1451188552 '{"result":"♡"}'
1451189152 '{"result":"♡"}'
1451189753 '{"result":"♡"}'
1451190352 '{"result":"♡"}'
1451190952 '{"result":"♡"}'
1451191552 '{"result":"♡"}'
1451192152 '{"result":"♡"}'
1451192752 '{"result":"♡"}'
1451193352 '{"result":"♡"}'
1451193952 '{"result":"♡"}'
1451194552 '{"result":"♡"}'
1451195152 '{"result":"♡"}'
1451195752 '{"result":"♡"}'
1451196352 '{"result":"♡"}'
1451196952 '{"result":"♡"}'
