2016-02-09T08:17:38.558Z - info:    Executing command vm image create
2016-02-09T08:17:38.643Z - silly:   Options:  name=win10, label=win10, isPremium=false, operatingSystemType=Windows, showInGui=true, hasOperatingSystem=true
2016-02-09T08:17:38.643Z - verbose: Blob url: https://pointlookstorage.blob.core.windows.net/vhds/win10
2016-02-09T08:17:38.644Z - verbose: Copying blob from https://webservers4178.blob.core.windows.net/vhds/mscore20161705037.vhd to https://pointlookstorage.blob.core.windows.net/vhds/win10
2016-02-09T08:17:38.644Z - warn:    Any existing blob will be overwritten at https://pointlookstorage.blob.core.windows.net/vhds/win10
2016-02-09T08:17:38.644Z - verbose: 
2016-02-09T08:17:38.646Z - silly:   requestOptions
2016-02-09T08:17:38.648Z - silly:   {
2016-02-09T08:17:38.648Z - silly:       rawResponse: false,
2016-02-09T08:17:38.648Z - silly:       queryString: {},
2016-02-09T08:17:38.648Z - silly:       method: 'GET',
2016-02-09T08:17:38.648Z - silly:       headers: { x-ms-version: '2014-10-01' },
2016-02-09T08:17:38.648Z - silly:       url: 'https://management.core.windows.net/049bf31f-4843-4777-bc9c-949558b7b7a8/services/storageservices/pointlookstorage/keys'
2016-02-09T08:17:38.648Z - silly:   }
2016-02-09T08:17:38.664Z - silly:   requestOptions
2016-02-09T08:17:38.665Z - silly:   {
2016-02-09T08:17:38.665Z - silly:       rawResponse: false,
2016-02-09T08:17:38.665Z - silly:       queryString: {},
2016-02-09T08:17:38.665Z - silly:       method: 'GET',
2016-02-09T08:17:38.665Z - silly:       headers: { x-ms-version: '2014-10-01' },
2016-02-09T08:17:38.665Z - silly:       url: 'https://management.core.windows.net/049bf31f-4843-4777-bc9c-949558b7b7a8/services/storageservices/pointlookstorage'
2016-02-09T08:17:38.665Z - silly:   }
2016-02-09T08:17:39.422Z - silly:   returnObject
2016-02-09T08:17:39.422Z - silly:   {
2016-02-09T08:17:39.422Z - silly:       statusCode: 200,
2016-02-09T08:17:39.423Z - silly:       header: {
2016-02-09T08:17:39.423Z - silly:           cache-control: 'no-cache',
2016-02-09T08:17:39.423Z - silly:           content-length: '1303',
2016-02-09T08:17:39.423Z - silly:           content-type: 'application/xml; charset=utf-8',
2016-02-09T08:17:39.423Z - silly:           server: '1.0.6198.311 (rd_rdfe_stable.160202-1748) Microsoft-HTTPAPI/2.0',
2016-02-09T08:17:39.423Z - silly:           x-ms-servedbyregion: 'ussouth3',
2016-02-09T08:17:39.423Z - silly:           x-ms-request-id: '2486ad199f00780682e4387e2eac3495',
2016-02-09T08:17:39.423Z - silly:           date: 'Tue, 09 Feb 2016 08:17:39 GMT',
2016-02-09T08:17:39.423Z - silly:           connection: 'close'
2016-02-09T08:17:39.424Z - silly:       },
2016-02-09T08:17:39.424Z - silly:       body: '<StorageService xmlns="http://schemas.microsoft.com/windowsazure" xmlns:i="http://www.w3.org/2001/XMLSchema-instance"><Url>https://management.core.windows.net/049bf31f-4843-4777-bc9c-949558b7b7a8/services/storageservices/pointlookstorage</Url><ServiceName>pointlookstorage</ServiceName><StorageServiceProperties><Description i:nil="true"/><Location>East US</Location><Label>cG9pbnRsb29rc3RvcmFnZQ==</Label><Status>Created</Status><Endpoints><Endpoint>https://pointlookstorage.blob.core.windows.net/</Endpoint><Endpoint>https://pointlookstorage.queue.core.windows.net/</Endpoint><Endpoint>https://pointlookstorage.table.core.windows.net/</Endpoint><Endpoint>https://pointlookstorage.file.core.windows.net/</Endpoint></Endpoints><GeoPrimaryRegion>East US</GeoPrimaryRegion><StatusOfPrimary>Available</StatusOfPrimary><GeoSecondaryRegion/><StatusOfSecondary/><CreationTime>2016-02-09T05:07:52Z</CreationTime><CustomDomains/><AccountType>Standard_LRS</AccountType></StorageServiceProperties><ExtendedProperties><ExtendedProperty><Name>ResourceGroup</Name><Value>Default-Storage-EastUS</Value></ExtendedProperty><ExtendedProperty><Name>ResourceLocation</Name><Value>East US</Value></ExtendedProperty></ExtendedProperties><Capabilities><Capability>PersistentVMRole</Capability></Capabilities></StorageService>'
2016-02-09T08:17:39.424Z - silly:   }
2016-02-09T08:17:40.571Z - silly:   returnObject
2016-02-09T08:17:40.572Z - silly:   {
2016-02-09T08:17:40.572Z - silly:       statusCode: 200,
2016-02-09T08:17:40.572Z - silly:       header: {
2016-02-09T08:17:40.572Z - silly:           cache-control: 'no-cache',
2016-02-09T08:17:40.573Z - silly:           content-length: '519',
2016-02-09T08:17:40.573Z - silly:           content-type: 'application/xml; charset=utf-8',
2016-02-09T08:17:40.573Z - silly:           server: '1.0.6198.311 (rd_rdfe_stable.160202-1748) Microsoft-HTTPAPI/2.0',
2016-02-09T08:17:40.573Z - silly:           x-ms-servedbyregion: 'ussouth3',
2016-02-09T08:17:40.573Z - silly:           x-ms-request-id: 'a4b1f37954ad7e6e85a8edf728629120',
2016-02-09T08:17:40.573Z - silly:           date: 'Tue, 09 Feb 2016 08:17:40 GMT',
2016-02-09T08:17:40.573Z - silly:           connection: 'close'
2016-02-09T08:17:40.573Z - silly:       },
2016-02-09T08:17:40.573Z - silly:       body: '<StorageService xmlns="http://schemas.microsoft.com/windowsazure" xmlns:i="http://www.w3.org/2001/XMLSchema-instance"><Url>https://management.core.windows.net/049bf31f-4843-4777-bc9c-949558b7b7a8/services/storageservices/pointlookstorage</Url><StorageServiceKeys><Primary>RO63OCjvjcCAR+yT4cfR9DppRvrCM0XpIYQmiiyrCm87kmd2b77XA3QIsY9t42dX+gHdYrJigBzJrr2FCBtbOg==</Primary><Secondary>tuz9pfb2BF5pEzI57Ua7im6PH5j0c3rYdfIqq70edRDF1Emk6AMlWcKTejQR+FZKplxKRgF1iohsjBLMI0sB5Q==</Secondary></StorageServiceKeys></StorageService>'
2016-02-09T08:17:40.573Z - silly:   }
2016-02-09T08:17:41.647Z - silly:   { isSuccessful: false,
  statusCode: 404,
  body: 
   { Error: 
      { Code: 'CannotVerifyCopySource',
        Message: 'The specified resource does not exist.\nRequestId:a2894078-0001-00f1-0112-6319dc000000\nTime:2016-02-09T08:17:42.6475937Z' } },
  headers: 
   { 'content-length': '229',
     'content-type': 'application/xml',
     server: 'Windows-Azure-Blob/1.0 Microsoft-HTTPAPI/2.0',
     'x-ms-request-id': 'a2894078-0001-00f1-0112-6319dc000000',
     'x-ms-version': '2015-02-21',
     date: 'Tue, 09 Feb 2016 08:17:42 GMT',
     connection: 'close' },
  md5: undefined }
2016-02-09T08:17:41.647Z - error:   Couldn't copy blob https://webservers4178.blob.core.windows.net/vhds/mscore20161705037.vhd to https://pointlookstorage.blob.core.windows.net/vhds/win10
2016-02-09T08:17:41.647Z - error:   The specified resource does not exist.
RequestId:a2894078-0001-00f1-0112-6319dc000000
Time:2016-02-09T08:17:42.6475937Z
2016-02-09T08:17:41.649Z - silly:   {
2016-02-09T08:17:41.649Z - silly:       stack: 'Error: The specified resource does not exist.\nRequestId:a2894078-0001-00f1-0112-6319dc000000\nTime:2016-02-09T08:17:42.6475937Z\n    at Function.StorageServiceClient._normalizeError (/Users/z/.nvm/versions/node/v5.1.0/lib/node_modules/azure-cli/node_modules/azure-storage/lib/common/services/storageserviceclient.js:1017:23)\n    at BlobService.StorageServiceClient._processResponse (/Users/z/.nvm/versions/node/v5.1.0/lib/node_modules/azure-cli/node_modules/azure-storage/lib/common/services/storageserviceclient.js:612:50)\n    at Request.processResponseCallback [as _callback] (/Users/z/.nvm/versions/node/v5.1.0/lib/node_modules/azure-cli/node_modules/azure-storage/lib/common/services/storageserviceclient.js:281:37)\n    at Request.self.callback (/Users/z/.nvm/versions/node/v5.1.0/lib/node_modules/azure-cli/node_modules/azure-storage/node_modules/request/request.js:354:22)\n    at emitTwo (events.js:87:13)\n    at Request.emit (events.js:172:7)\n    at Request.<anonymous> (/Users/z/.nvm/versions/node/v5.1.0/lib/node_modules/azure-cli/node_modules/azure-storage/node_modules/request/request.js:1207:14)\n    at emitOne (events.js:82:20)\n    at Request.emit (events.js:169:7)\n    at IncomingMessage.<anonymous> (/Users/z/.nvm/versions/node/v5.1.0/lib/node_modules/azure-cli/node_modules/azure-storage/node_modules/request/request.js:1153:12)\n',
2016-02-09T08:17:41.650Z - silly:       message: 'The specified resource does not exist.\nRequestId:a2894078-0001-00f1-0112-6319dc000000\nTime:2016-02-09T08:17:42.6475937Z',
2016-02-09T08:17:41.650Z - silly:       code: 'CannotVerifyCopySource',
2016-02-09T08:17:41.650Z - silly:       statusCode: 404,
2016-02-09T08:17:41.650Z - silly:       requestId: 'a2894078-0001-00f1-0112-6319dc000000'
2016-02-09T08:17:41.650Z - silly:   }
2016-02-09T08:17:41.651Z - info:    Error information has been recorded to /Users/z/.azure/azure.err
