2016-02-09T08:17:41.650Z:
{ [Error: The specified resource does not exist.
RequestId:a2894078-0001-00f1-0112-6319dc000000
Time:2016-02-09T08:17:42.6475937Z]
  code: 'CannotVerifyCopySource',
  statusCode: 404,
  requestId: 'a2894078-0001-00f1-0112-6319dc000000' }
Error: The specified resource does not exist.
RequestId:a2894078-0001-00f1-0112-6319dc000000
Time:2016-02-09T08:17:42.6475937Z
    at Function.StorageServiceClient._normalizeError (/Users/z/.nvm/versions/node/v5.1.0/lib/node_modules/azure-cli/node_modules/azure-storage/lib/common/services/storageserviceclient.js:1017:23)
    at BlobService.StorageServiceClient._processResponse (/Users/z/.nvm/versions/node/v5.1.0/lib/node_modules/azure-cli/node_modules/azure-storage/lib/common/services/storageserviceclient.js:612:50)
    at Request.processResponseCallback [as _callback] (/Users/z/.nvm/versions/node/v5.1.0/lib/node_modules/azure-cli/node_modules/azure-storage/lib/common/services/storageserviceclient.js:281:37)
    at Request.self.callback (/Users/z/.nvm/versions/node/v5.1.0/lib/node_modules/azure-cli/node_modules/azure-storage/node_modules/request/request.js:354:22)
    at emitTwo (events.js:87:13)
    at Request.emit (events.js:172:7)
    at Request.<anonymous> (/Users/z/.nvm/versions/node/v5.1.0/lib/node_modules/azure-cli/node_modules/azure-storage/node_modules/request/request.js:1207:14)
    at emitOne (events.js:82:20)
    at Request.emit (events.js:169:7)
    at IncomingMessage.<anonymous> (/Users/z/.nvm/versions/node/v5.1.0/lib/node_modules/azure-cli/node_modules/azure-storage/node_modules/request/request.js:1153:12)

