This file contains any messages produced by compilers while
running configure, to aid debugging if configure makes a mistake.

It was created by configure, which was
generated by GNU Autoconf 2.59.  Invocation command line was

  $ /Users/z/.kerl/builds/otp-18.2.1/otp_src_18.2.1/lib/erl_interface/./configure --prefix=/usr/local --prefix=/usr/local CFLAGS=-O0 ERL_TOP=/Users/z/.kerl/builds/otp-18.2.1/otp_src_18.2.1 --cache-file=/dev/null --srcdir=/Users/z/.kerl/builds/otp-18.2.1/otp_src_18.2.1/lib --cache-file=/dev/null --srcdir=/Users/z/.kerl/builds/otp-18.2.1/otp_src_18.2.1/lib/erl_interface/.

## --------- ##
## Platform. ##
## --------- ##

hostname = block9.PUBLIC.monkeybrains.net
uname -m = x86_64
uname -r = 14.5.0
uname -s = Darwin
uname -v = Darwin Kernel Version 14.5.0: Tue Sep  1 21:23:09 PDT 2015; root:xnu-2782.50.1~1/RELEASE_X86_64

/usr/bin/uname -p = i386
/bin/uname -X     = unknown

/bin/arch              = unknown
/usr/bin/arch -k       = unknown
/usr/convex/getsysinfo = unknown
hostinfo               = Mach kernel version:
	 Darwin Kernel Version 14.5.0: Tue Sep  1 21:23:09 PDT 2015; root:xnu-2782.50.1~1/RELEASE_X86_64
Kernel configured for up to 4 processors.
2 processors are physically available.
4 processors are logically available.
Processor type: i486 (Intel 80486)
Processors active: 0 1 2 3
Primary memory available: 8.00 gigabytes
Default processor set: 256 tasks, 1083 threads, 4 processors
Load average: 2.55, Mach factor: 1.44
/bin/machine           = unknown
/usr/bin/oslevel       = unknown
/bin/universe          = unknown

PATH: /Users/z/.nvm/versions/node/v5.2.0/bin
PATH: /Users/z/.gvm/bin
PATH: /Users/z/.rvm/bin
PATH: /Users/z/.gvm/bin
PATH: /Users/z/.gvm/bin
PATH: /Users/z/.pyenv/shims
PATH: /Users/z/bin
PATH: /Users/z/.pyenv/bin
PATH: /Users/z/.gvm/bin
PATH: /Users/z/.rvm/gems/ruby-2.2.3/bin
PATH: /Users/z/.rvm/gems/ruby-2.2.3@global/bin
PATH: /Users/z/.rvm/rubies/ruby-2.2.3/bin
PATH: /usr/local/bin
PATH: /usr/bin
PATH: /bin
PATH: /usr/sbin
PATH: /sbin
PATH: /opt/X11/bin
PATH: /Users/z/.rvm/bin
PATH: /Users/z/.rvm/bin
PATH: /Users/z/.gvm/bin
PATH: /Users/z/.gvm/bin
PATH: /Users/z/.rvm/gems/ruby-2.2.3/bin
PATH: /Users/z/.rvm/gems/ruby-2.2.3@global/bin
PATH: /Users/z/.rvm/rubies/ruby-2.2.3/bin
PATH: /usr/local/bin
PATH: /usr/bin
PATH: /bin
PATH: /usr/sbin
PATH: /sbin
PATH: /opt/X11/bin
PATH: /Users/z/.rvm/bin


## ----------- ##
## Core tests. ##
## ----------- ##

configure:1362: checking build system type
configure:1380: result: x86_64-apple-darwin14.5.0
configure:1388: checking host system type
configure:1402: result: x86_64-apple-darwin14.5.0
configure:1481: checking for gcc
configure:1497: found /usr/bin/gcc
configure:1507: result: gcc
configure:1751: checking for C compiler version
configure:1754: gcc --version </dev/null >&5
Configured with: --prefix=/Applications/Xcode.app/Contents/Developer/usr --with-gxx-include-dir=/usr/include/c++/4.2.1
Apple LLVM version 7.0.2 (clang-700.1.81)
Target: x86_64-apple-darwin14.5.0
Thread model: posix
configure:1757: $? = 0
configure:1759: gcc -v </dev/null >&5
Configured with: --prefix=/Applications/Xcode.app/Contents/Developer/usr --with-gxx-include-dir=/usr/include/c++/4.2.1
Apple LLVM version 7.0.2 (clang-700.1.81)
Target: x86_64-apple-darwin14.5.0
Thread model: posix
configure:1762: $? = 0
configure:1764: gcc -V </dev/null >&5
clang: error: argument to '-V' is missing (expected 1 value)
clang: error: no input files
configure:1767: $? = 1
configure:1790: checking for C compiler default output file name
configure:1793: gcc -O0   conftest.c  >&5
configure:1796: $? = 0
configure:1842: result: a.out
configure:1847: checking whether the C compiler works
configure:1853: ./a.out
configure:1856: $? = 0
configure:1873: result: yes
configure:1880: checking whether we are cross compiling
configure:1882: result: no
configure:1885: checking for suffix of executables
configure:1887: gcc -o conftest -O0   conftest.c  >&5
configure:1890: $? = 0
configure:1915: result: 
configure:1921: checking for suffix of object files
configure:1942: gcc -c -O0  conftest.c >&5
configure:1945: $? = 0
configure:1967: result: o
configure:1971: checking whether we are using the GNU C compiler
configure:1995: gcc -c -O0  conftest.c >&5
configure:2001: $? = 0
configure:2005: test -z 
			 || test ! -s conftest.err
configure:2008: $? = 0
configure:2011: test -s conftest.o
configure:2014: $? = 0
configure:2027: result: yes
configure:2033: checking whether gcc accepts -g
configure:2054: gcc -c -g  conftest.c >&5
configure:2060: $? = 0
configure:2064: test -z 
			 || test ! -s conftest.err
configure:2067: $? = 0
configure:2070: test -s conftest.o
configure:2073: $? = 0
configure:2084: result: yes
configure:2101: checking for gcc option to accept ANSI C
configure:2171: gcc  -c -O0  conftest.c >&5
configure:2177: $? = 0
configure:2181: test -z 
			 || test ! -s conftest.err
configure:2184: $? = 0
configure:2187: test -s conftest.o
configure:2190: $? = 0
configure:2208: result: none needed
configure:2226: gcc -c -O0  conftest.c >&5
conftest.c:2:3: error: unknown type name 'choke'
  choke me
  ^
conftest.c:2:11: error: expected ';' after top level declarator
  choke me
          ^
          ;
2 errors generated.
configure:2232: $? = 1
configure: failed program was:
| #ifndef __cplusplus
|   choke me
| #endif
configure:2370: checking how to run the C preprocessor
configure:2405: gcc -E  conftest.c
configure:2411: $? = 0
configure:2443: gcc -E  conftest.c
conftest.c:9:10: fatal error: 'ac_nonexistent.h' file not found
#include <ac_nonexistent.h>
         ^
1 error generated.
configure:2449: $? = 1
configure: failed program was:
| /* confdefs.h.  */
| 
| #define PACKAGE_NAME ""
| #define PACKAGE_TARNAME ""
| #define PACKAGE_VERSION ""
| #define PACKAGE_STRING ""
| #define PACKAGE_BUGREPORT ""
| /* end confdefs.h.  */
| #include <ac_nonexistent.h>
configure:2488: result: gcc -E
configure:2512: gcc -E  conftest.c
configure:2518: $? = 0
configure:2550: gcc -E  conftest.c
conftest.c:9:10: fatal error: 'ac_nonexistent.h' file not found
#include <ac_nonexistent.h>
         ^
1 error generated.
configure:2556: $? = 1
configure: failed program was:
| /* confdefs.h.  */
| 
| #define PACKAGE_NAME ""
| #define PACKAGE_TARNAME ""
| #define PACKAGE_VERSION ""
| #define PACKAGE_STRING ""
| #define PACKAGE_BUGREPORT ""
| /* end confdefs.h.  */
| #include <ac_nonexistent.h>
configure:2640: checking for ranlib
configure:2656: found /usr/bin/ranlib
configure:2667: result: ranlib
configure:2683: checking for ld.sh
configure:2712: result: no
configure:2760: checking for ld
configure:2776: found /usr/bin/ld
configure:2787: result: ld
configure:2803: checking for egrep
configure:2813: result: grep -E
configure:2818: checking for ANSI C header files
configure:2843: gcc -c -O0  conftest.c >&5
configure:2849: $? = 0
configure:2853: test -z 
			 || test ! -s conftest.err
configure:2856: $? = 0
configure:2859: test -s conftest.o
configure:2862: $? = 0
configure:2951: gcc -o conftest -O0   conftest.c  >&5
conftest.c:26:7: warning: implicitly declaring library function 'exit' with type 'void (int) __attribute__((noreturn))'
      exit(2);
      ^
conftest.c:26:7: note: include the header <stdlib.h> or explicitly provide a declaration for 'exit'
1 warning generated.
configure:2954: $? = 0
configure:2956: ./conftest
configure:2959: $? = 0
configure:2974: result: yes
configure:2998: checking for sys/types.h
configure:3014: gcc -c -O0  conftest.c >&5
configure:3020: $? = 0
configure:3024: test -z 
			 || test ! -s conftest.err
configure:3027: $? = 0
configure:3030: test -s conftest.o
configure:3033: $? = 0
configure:3044: result: yes
configure:2998: checking for sys/stat.h
configure:3014: gcc -c -O0  conftest.c >&5
configure:3020: $? = 0
configure:3024: test -z 
			 || test ! -s conftest.err
configure:3027: $? = 0
configure:3030: test -s conftest.o
configure:3033: $? = 0
configure:3044: result: yes
configure:2998: checking for stdlib.h
configure:3014: gcc -c -O0  conftest.c >&5
configure:3020: $? = 0
configure:3024: test -z 
			 || test ! -s conftest.err
configure:3027: $? = 0
configure:3030: test -s conftest.o
configure:3033: $? = 0
configure:3044: result: yes
configure:2998: checking for string.h
configure:3014: gcc -c -O0  conftest.c >&5
configure:3020: $? = 0
configure:3024: test -z 
			 || test ! -s conftest.err
configure:3027: $? = 0
configure:3030: test -s conftest.o
configure:3033: $? = 0
configure:3044: result: yes
configure:2998: checking for memory.h
configure:3014: gcc -c -O0  conftest.c >&5
configure:3020: $? = 0
configure:3024: test -z 
			 || test ! -s conftest.err
configure:3027: $? = 0
configure:3030: test -s conftest.o
configure:3033: $? = 0
configure:3044: result: yes
configure:2998: checking for strings.h
configure:3014: gcc -c -O0  conftest.c >&5
configure:3020: $? = 0
configure:3024: test -z 
			 || test ! -s conftest.err
configure:3027: $? = 0
configure:3030: test -s conftest.o
configure:3033: $? = 0
configure:3044: result: yes
configure:2998: checking for inttypes.h
configure:3014: gcc -c -O0  conftest.c >&5
configure:3020: $? = 0
configure:3024: test -z 
			 || test ! -s conftest.err
configure:3027: $? = 0
configure:3030: test -s conftest.o
configure:3033: $? = 0
configure:3044: result: yes
configure:2998: checking for stdint.h
configure:3014: gcc -c -O0  conftest.c >&5
configure:3020: $? = 0
configure:3024: test -z 
			 || test ! -s conftest.err
configure:3027: $? = 0
configure:3030: test -s conftest.o
configure:3033: $? = 0
configure:3044: result: yes
configure:2998: checking for unistd.h
configure:3014: gcc -c -O0  conftest.c >&5
configure:3020: $? = 0
configure:3024: test -z 
			 || test ! -s conftest.err
configure:3027: $? = 0
configure:3030: test -s conftest.o
configure:3033: $? = 0
configure:3044: result: yes
configure:3056: checking for short
configure:3080: gcc -c -O0  conftest.c >&5
configure:3086: $? = 0
configure:3090: test -z 
			 || test ! -s conftest.err
configure:3093: $? = 0
configure:3096: test -s conftest.o
configure:3099: $? = 0
configure:3110: result: yes
configure:3113: checking size of short
configure:3432: gcc -o conftest -O0   conftest.c  >&5
configure:3435: $? = 0
configure:3437: ./conftest
configure:3440: $? = 0
configure:3463: result: 2
configure:3470: checking for int
configure:3494: gcc -c -O0  conftest.c >&5
configure:3500: $? = 0
configure:3504: test -z 
			 || test ! -s conftest.err
configure:3507: $? = 0
configure:3510: test -s conftest.o
configure:3513: $? = 0
configure:3524: result: yes
configure:3527: checking size of int
configure:3846: gcc -o conftest -O0   conftest.c  >&5
configure:3849: $? = 0
configure:3851: ./conftest
configure:3854: $? = 0
configure:3877: result: 4
configure:3884: checking for long
configure:3908: gcc -c -O0  conftest.c >&5
configure:3914: $? = 0
configure:3918: test -z 
			 || test ! -s conftest.err
configure:3921: $? = 0
configure:3924: test -s conftest.o
configure:3927: $? = 0
configure:3938: result: yes
configure:3941: checking size of long
configure:4260: gcc -o conftest -O0   conftest.c  >&5
configure:4263: $? = 0
configure:4265: ./conftest
configure:4268: $? = 0
configure:4291: result: 8
configure:4298: checking for void *
configure:4322: gcc -c -O0  conftest.c >&5
configure:4328: $? = 0
configure:4332: test -z 
			 || test ! -s conftest.err
configure:4335: $? = 0
configure:4338: test -s conftest.o
configure:4341: $? = 0
configure:4352: result: yes
configure:4355: checking size of void *
configure:4674: gcc -o conftest -O0   conftest.c  >&5
configure:4677: $? = 0
configure:4679: ./conftest
configure:4682: $? = 0
configure:4705: result: 8
configure:4712: checking for long long
configure:4736: gcc -c -O0  conftest.c >&5
configure:4742: $? = 0
configure:4746: test -z 
			 || test ! -s conftest.err
configure:4749: $? = 0
configure:4752: test -s conftest.o
configure:4755: $? = 0
configure:4766: result: yes
configure:4769: checking size of long long
configure:5088: gcc -o conftest -O0   conftest.c  >&5
configure:5091: $? = 0
configure:5093: ./conftest
configure:5096: $? = 0
configure:5119: result: 8
configure:5172: checking for ar
configure:5188: found /usr/bin/ar
configure:5199: result: ar
configure:5240: checking for a BSD-compatible install
configure:5295: result: /usr/local/bin/ginstall -c
configure:5306: checking how to create a directory including parents
configure:5327: result: /usr/local/bin/ginstall -c -d
configure:5348: checking for gethostbyname in -lnsl
configure:5378: gcc -o conftest -O0 -DEI_64BIT   conftest.c -lnsl   >&5
ld: library not found for -lnsl
clang: error: linker command failed with exit code 1 (use -v to see invocation)
configure:5384: $? = 1
configure: failed program was:
| /* confdefs.h.  */
| 
| #define PACKAGE_NAME ""
| #define PACKAGE_TARNAME ""
| #define PACKAGE_VERSION ""
| #define PACKAGE_STRING ""
| #define PACKAGE_BUGREPORT ""
| #define STDC_HEADERS 1
| #define HAVE_SYS_TYPES_H 1
| #define HAVE_SYS_STAT_H 1
| #define HAVE_STDLIB_H 1
| #define HAVE_STRING_H 1
| #define HAVE_MEMORY_H 1
| #define HAVE_STRINGS_H 1
| #define HAVE_INTTYPES_H 1
| #define HAVE_STDINT_H 1
| #define HAVE_UNISTD_H 1
| #define SIZEOF_SHORT 2
| #define SIZEOF_INT 4
| #define SIZEOF_LONG 8
| #define SIZEOF_VOID_P 8
| #define SIZEOF_LONG_LONG 8
| /* end confdefs.h.  */
| 
| /* Override any gcc2 internal prototype to avoid an error.  */
| #ifdef __cplusplus
| extern "C"
| #endif
| /* We use char because int might match the return type of a gcc2
|    builtin and then its argument prototype would still apply.  */
| char gethostbyname ();
| int
| main ()
| {
| gethostbyname ();
|   ;
|   return 0;
| }
configure:5410: result: no
configure:5422: checking for getpeername in -lsocket
configure:5452: gcc -o conftest -O0 -DEI_64BIT   conftest.c -lsocket   >&5
ld: library not found for -lsocket
clang: error: linker command failed with exit code 1 (use -v to see invocation)
configure:5458: $? = 1
configure: failed program was:
| /* confdefs.h.  */
| 
| #define PACKAGE_NAME ""
| #define PACKAGE_TARNAME ""
| #define PACKAGE_VERSION ""
| #define PACKAGE_STRING ""
| #define PACKAGE_BUGREPORT ""
| #define STDC_HEADERS 1
| #define HAVE_SYS_TYPES_H 1
| #define HAVE_SYS_STAT_H 1
| #define HAVE_STDLIB_H 1
| #define HAVE_STRING_H 1
| #define HAVE_MEMORY_H 1
| #define HAVE_STRINGS_H 1
| #define HAVE_INTTYPES_H 1
| #define HAVE_STDINT_H 1
| #define HAVE_UNISTD_H 1
| #define SIZEOF_SHORT 2
| #define SIZEOF_INT 4
| #define SIZEOF_LONG 8
| #define SIZEOF_VOID_P 8
| #define SIZEOF_LONG_LONG 8
| /* end confdefs.h.  */
| 
| /* Override any gcc2 internal prototype to avoid an error.  */
| #ifdef __cplusplus
| extern "C"
| #endif
| /* We use char because int might match the return type of a gcc2
|    builtin and then its argument prototype would still apply.  */
| char getpeername ();
| int
| main ()
| {
| getpeername ();
|   ;
|   return 0;
| }
configure:5484: result: no
configure:5497: checking for ANSI C header files
configure:5653: result: yes
configure:5663: checking for sys/wait.h that is POSIX.1 compatible
configure:5694: gcc -c -O0 -DEI_64BIT  conftest.c >&5
configure:5700: $? = 0
configure:5704: test -z 
			 || test ! -s conftest.err
configure:5707: $? = 0
configure:5710: test -s conftest.o
configure:5713: $? = 0
configure:5724: result: yes
configure:5762: checking arpa/inet.h usability
configure:5774: gcc -c -O0 -DEI_64BIT  conftest.c >&5
configure:5780: $? = 0
configure:5784: test -z 
			 || test ! -s conftest.err
configure:5787: $? = 0
configure:5790: test -s conftest.o
configure:5793: $? = 0
configure:5803: result: yes
configure:5807: checking arpa/inet.h presence
configure:5817: gcc -E  conftest.c
configure:5823: $? = 0
configure:5843: result: yes
configure:5878: checking for arpa/inet.h
configure:5885: result: yes
configure:5762: checking fcntl.h usability
configure:5774: gcc -c -O0 -DEI_64BIT  conftest.c >&5
configure:5780: $? = 0
configure:5784: test -z 
			 || test ! -s conftest.err
configure:5787: $? = 0
configure:5790: test -s conftest.o
configure:5793: $? = 0
configure:5803: result: yes
configure:5807: checking fcntl.h presence
configure:5817: gcc -E  conftest.c
configure:5823: $? = 0
configure:5843: result: yes
configure:5878: checking for fcntl.h
configure:5885: result: yes
configure:5762: checking limits.h usability
configure:5774: gcc -c -O0 -DEI_64BIT  conftest.c >&5
configure:5780: $? = 0
configure:5784: test -z 
			 || test ! -s conftest.err
configure:5787: $? = 0
configure:5790: test -s conftest.o
configure:5793: $? = 0
configure:5803: result: yes
configure:5807: checking limits.h presence
configure:5817: gcc -E  conftest.c
configure:5823: $? = 0
configure:5843: result: yes
configure:5878: checking for limits.h
configure:5885: result: yes
configure:5762: checking malloc.h usability
configure:5774: gcc -c -O0 -DEI_64BIT  conftest.c >&5
conftest.c:63:10: fatal error: 'malloc.h' file not found
#include <malloc.h>
         ^
1 error generated.
configure:5780: $? = 1
configure: failed program was:
| /* confdefs.h.  */
| 
| #define PACKAGE_NAME ""
| #define PACKAGE_TARNAME ""
| #define PACKAGE_VERSION ""
| #define PACKAGE_STRING ""
| #define PACKAGE_BUGREPORT ""
| #define STDC_HEADERS 1
| #define HAVE_SYS_TYPES_H 1
| #define HAVE_SYS_STAT_H 1
| #define HAVE_STDLIB_H 1
| #define HAVE_STRING_H 1
| #define HAVE_MEMORY_H 1
| #define HAVE_STRINGS_H 1
| #define HAVE_INTTYPES_H 1
| #define HAVE_STDINT_H 1
| #define HAVE_UNISTD_H 1
| #define SIZEOF_SHORT 2
| #define SIZEOF_INT 4
| #define SIZEOF_LONG 8
| #define SIZEOF_VOID_P 8
| #define SIZEOF_LONG_LONG 8
| #define STDC_HEADERS 1
| #define HAVE_SYS_WAIT_H 1
| #define HAVE_ARPA_INET_H 1
| #define HAVE_FCNTL_H 1
| #define HAVE_LIMITS_H 1
| /* end confdefs.h.  */
| #include <stdio.h>
| #if HAVE_SYS_TYPES_H
| # include <sys/types.h>
| #endif
| #if HAVE_SYS_STAT_H
| # include <sys/stat.h>
| #endif
| #if STDC_HEADERS
| # include <stdlib.h>
| # include <stddef.h>
| #else
| # if HAVE_STDLIB_H
| #  include <stdlib.h>
| # endif
| #endif
| #if HAVE_STRING_H
| # if !STDC_HEADERS && HAVE_MEMORY_H
| #  include <memory.h>
| # endif
| # include <string.h>
| #endif
| #if HAVE_STRINGS_H
| # include <strings.h>
| #endif
| #if HAVE_INTTYPES_H
| # include <inttypes.h>
| #else
| # if HAVE_STDINT_H
| #  include <stdint.h>
| # endif
| #endif
| #if HAVE_UNISTD_H
| # include <unistd.h>
| #endif
| #include <malloc.h>
configure:5803: result: no
configure:5807: checking malloc.h presence
configure:5817: gcc -E  conftest.c
conftest.c:29:10: fatal error: 'malloc.h' file not found
#include <malloc.h>
         ^
1 error generated.
configure:5823: $? = 1
configure: failed program was:
| /* confdefs.h.  */
| 
| #define PACKAGE_NAME ""
| #define PACKAGE_TARNAME ""
| #define PACKAGE_VERSION ""
| #define PACKAGE_STRING ""
| #define PACKAGE_BUGREPORT ""
| #define STDC_HEADERS 1
| #define HAVE_SYS_TYPES_H 1
| #define HAVE_SYS_STAT_H 1
| #define HAVE_STDLIB_H 1
| #define HAVE_STRING_H 1
| #define HAVE_MEMORY_H 1
| #define HAVE_STRINGS_H 1
| #define HAVE_INTTYPES_H 1
| #define HAVE_STDINT_H 1
| #define HAVE_UNISTD_H 1
| #define SIZEOF_SHORT 2
| #define SIZEOF_INT 4
| #define SIZEOF_LONG 8
| #define SIZEOF_VOID_P 8
| #define SIZEOF_LONG_LONG 8
| #define STDC_HEADERS 1
| #define HAVE_SYS_WAIT_H 1
| #define HAVE_ARPA_INET_H 1
| #define HAVE_FCNTL_H 1
| #define HAVE_LIMITS_H 1
| /* end confdefs.h.  */
| #include <malloc.h>
configure:5843: result: no
configure:5878: checking for malloc.h
configure:5885: result: no
configure:5762: checking netdb.h usability
configure:5774: gcc -c -O0 -DEI_64BIT  conftest.c >&5
configure:5780: $? = 0
configure:5784: test -z 
			 || test ! -s conftest.err
configure:5787: $? = 0
configure:5790: test -s conftest.o
configure:5793: $? = 0
configure:5803: result: yes
configure:5807: checking netdb.h presence
configure:5817: gcc -E  conftest.c
configure:5823: $? = 0
configure:5843: result: yes
configure:5878: checking for netdb.h
configure:5885: result: yes
configure:5762: checking netinet/in.h usability
configure:5774: gcc -c -O0 -DEI_64BIT  conftest.c >&5
configure:5780: $? = 0
configure:5784: test -z 
			 || test ! -s conftest.err
configure:5787: $? = 0
configure:5790: test -s conftest.o
configure:5793: $? = 0
configure:5803: result: yes
configure:5807: checking netinet/in.h presence
configure:5817: gcc -E  conftest.c
configure:5823: $? = 0
configure:5843: result: yes
configure:5878: checking for netinet/in.h
configure:5885: result: yes
configure:5762: checking stddef.h usability
configure:5774: gcc -c -O0 -DEI_64BIT  conftest.c >&5
configure:5780: $? = 0
configure:5784: test -z 
			 || test ! -s conftest.err
configure:5787: $? = 0
configure:5790: test -s conftest.o
configure:5793: $? = 0
configure:5803: result: yes
configure:5807: checking stddef.h presence
configure:5817: gcc -E  conftest.c
configure:5823: $? = 0
configure:5843: result: yes
configure:5878: checking for stddef.h
configure:5885: result: yes
configure:5753: checking for stdlib.h
configure:5758: result: yes
configure:5753: checking for string.h
configure:5758: result: yes
configure:5762: checking sys/param.h usability
configure:5774: gcc -c -O0 -DEI_64BIT  conftest.c >&5
configure:5780: $? = 0
configure:5784: test -z 
			 || test ! -s conftest.err
configure:5787: $? = 0
configure:5790: test -s conftest.o
configure:5793: $? = 0
configure:5803: result: yes
configure:5807: checking sys/param.h presence
configure:5817: gcc -E  conftest.c
configure:5823: $? = 0
configure:5843: result: yes
configure:5878: checking for sys/param.h
configure:5885: result: yes
configure:5762: checking sys/socket.h usability
configure:5774: gcc -c -O0 -DEI_64BIT  conftest.c >&5
configure:5780: $? = 0
configure:5784: test -z 
			 || test ! -s conftest.err
configure:5787: $? = 0
configure:5790: test -s conftest.o
configure:5793: $? = 0
configure:5803: result: yes
configure:5807: checking sys/socket.h presence
configure:5817: gcc -E  conftest.c
configure:5823: $? = 0
configure:5843: result: yes
configure:5878: checking for sys/socket.h
configure:5885: result: yes
configure:5762: checking sys/select.h usability
configure:5774: gcc -c -O0 -DEI_64BIT  conftest.c >&5
configure:5780: $? = 0
configure:5784: test -z 
			 || test ! -s conftest.err
configure:5787: $? = 0
configure:5790: test -s conftest.o
configure:5793: $? = 0
configure:5803: result: yes
configure:5807: checking sys/select.h presence
configure:5817: gcc -E  conftest.c
configure:5823: $? = 0
configure:5843: result: yes
configure:5878: checking for sys/select.h
configure:5885: result: yes
configure:5762: checking sys/time.h usability
configure:5774: gcc -c -O0 -DEI_64BIT  conftest.c >&5
configure:5780: $? = 0
configure:5784: test -z 
			 || test ! -s conftest.err
configure:5787: $? = 0
configure:5790: test -s conftest.o
configure:5793: $? = 0
configure:5803: result: yes
configure:5807: checking sys/time.h presence
configure:5817: gcc -E  conftest.c
configure:5823: $? = 0
configure:5843: result: yes
configure:5878: checking for sys/time.h
configure:5885: result: yes
configure:5753: checking for unistd.h
configure:5758: result: yes
configure:5753: checking for sys/types.h
configure:5758: result: yes
configure:5901: checking for uid_t in sys/types.h
configure:5924: result: yes
configure:5939: checking for pid_t
configure:5963: gcc -c -O0 -DEI_64BIT  conftest.c >&5
configure:5969: $? = 0
configure:5973: test -z 
			 || test ! -s conftest.err
configure:5976: $? = 0
configure:5979: test -s conftest.o
configure:5982: $? = 0
configure:5993: result: yes
configure:6005: checking for size_t
configure:6029: gcc -c -O0 -DEI_64BIT  conftest.c >&5
configure:6035: $? = 0
configure:6039: test -z 
			 || test ! -s conftest.err
configure:6042: $? = 0
configure:6045: test -s conftest.o
configure:6048: $? = 0
configure:6059: result: yes
configure:6071: checking whether time.h and sys/time.h may both be included
configure:6096: gcc -c -O0 -DEI_64BIT  conftest.c >&5
configure:6102: $? = 0
configure:6106: test -z 
			 || test ! -s conftest.err
configure:6109: $? = 0
configure:6112: test -s conftest.o
configure:6115: $? = 0
configure:6126: result: yes
configure:6136: checking for socklen_t usability
configure:6155: gcc -c -O0 -DEI_64BIT  conftest.c >&5
configure:6161: $? = 0
configure:6165: test -z 
			 || test ! -s conftest.err
configure:6168: $? = 0
configure:6171: test -s conftest.o
configure:6174: $? = 0
configure:6176: result: yes
configure:6195: checking for working alloca.h
configure:6216: gcc -o conftest -O0 -DEI_64BIT   conftest.c  >&5
configure:6222: $? = 0
configure:6226: test -z 
			 || test ! -s conftest.err
configure:6229: $? = 0
configure:6232: test -s conftest
configure:6235: $? = 0
configure:6247: result: yes
configure:6257: checking for alloca
configure:6298: gcc -o conftest -O0 -DEI_64BIT   conftest.c  >&5
configure:6304: $? = 0
configure:6308: test -z 
			 || test ! -s conftest.err
configure:6311: $? = 0
configure:6314: test -s conftest
configure:6317: $? = 0
configure:6329: result: yes
configure:6554: checking whether gcc needs -traditional
conftest.c:44:10: fatal error: 'termio.h' file not found
#include <termio.h>
         ^
1 error generated.
configure:6596: result: no
configure:6604: checking for working memcmp
configure:6652: gcc -o conftest -O0 -DEI_64BIT   conftest.c  >&5
configure:6655: $? = 0
configure:6657: ./conftest
configure:6660: $? = 0
configure:6674: result: yes
configure:6712: checking for dup2
configure:6769: gcc -o conftest -O0 -DEI_64BIT   conftest.c  >&5
configure:6775: $? = 0
configure:6779: test -z 
			 || test ! -s conftest.err
configure:6782: $? = 0
configure:6785: test -s conftest
configure:6788: $? = 0
configure:6800: result: yes
configure:6712: checking for gethostbyaddr
configure:6769: gcc -o conftest -O0 -DEI_64BIT   conftest.c  >&5
configure:6775: $? = 0
configure:6779: test -z 
			 || test ! -s conftest.err
configure:6782: $? = 0
configure:6785: test -s conftest
configure:6788: $? = 0
configure:6800: result: yes
configure:6712: checking for gethostbyname
configure:6769: gcc -o conftest -O0 -DEI_64BIT   conftest.c  >&5
configure:6775: $? = 0
configure:6779: test -z 
			 || test ! -s conftest.err
configure:6782: $? = 0
configure:6785: test -s conftest
configure:6788: $? = 0
configure:6800: result: yes
configure:6712: checking for gethostbyaddr_r
configure:6769: gcc -o conftest -O0 -DEI_64BIT   conftest.c  >&5
Undefined symbols for architecture x86_64:
  "_gethostbyaddr_r", referenced from:
      _main in conftest-bc64da.o
      _f in conftest-bc64da.o
ld: symbol(s) not found for architecture x86_64
clang: error: linker command failed with exit code 1 (use -v to see invocation)
configure:6775: $? = 1
configure: failed program was:
| /* confdefs.h.  */
| 
| #define PACKAGE_NAME ""
| #define PACKAGE_TARNAME ""
| #define PACKAGE_VERSION ""
| #define PACKAGE_STRING ""
| #define PACKAGE_BUGREPORT ""
| #define STDC_HEADERS 1
| #define HAVE_SYS_TYPES_H 1
| #define HAVE_SYS_STAT_H 1
| #define HAVE_STDLIB_H 1
| #define HAVE_STRING_H 1
| #define HAVE_MEMORY_H 1
| #define HAVE_STRINGS_H 1
| #define HAVE_INTTYPES_H 1
| #define HAVE_STDINT_H 1
| #define HAVE_UNISTD_H 1
| #define SIZEOF_SHORT 2
| #define SIZEOF_INT 4
| #define SIZEOF_LONG 8
| #define SIZEOF_VOID_P 8
| #define SIZEOF_LONG_LONG 8
| #define STDC_HEADERS 1
| #define HAVE_SYS_WAIT_H 1
| #define HAVE_ARPA_INET_H 1
| #define HAVE_FCNTL_H 1
| #define HAVE_LIMITS_H 1
| #define HAVE_NETDB_H 1
| #define HAVE_NETINET_IN_H 1
| #define HAVE_STDDEF_H 1
| #define HAVE_STDLIB_H 1
| #define HAVE_STRING_H 1
| #define HAVE_SYS_PARAM_H 1
| #define HAVE_SYS_SOCKET_H 1
| #define HAVE_SYS_SELECT_H 1
| #define HAVE_SYS_TIME_H 1
| #define HAVE_UNISTD_H 1
| #define HAVE_SYS_TYPES_H 1
| #define TIME_WITH_SYS_TIME 1
| #define HAVE_SOCKLEN_T
| #define HAVE_ALLOCA_H 1
| #define HAVE_ALLOCA 1
| #define HAVE_DUP2 1
| #define HAVE_GETHOSTBYADDR 1
| #define HAVE_GETHOSTBYNAME 1
| /* end confdefs.h.  */
| /* Define gethostbyaddr_r to an innocuous variant, in case <limits.h> declares gethostbyaddr_r.
|    For example, HP-UX 11i <limits.h> declares gettimeofday.  */
| #define gethostbyaddr_r innocuous_gethostbyaddr_r
| 
| /* System header to define __stub macros and hopefully few prototypes,
|     which can conflict with char gethostbyaddr_r (); below.
|     Prefer <limits.h> to <assert.h> if __STDC__ is defined, since
|     <limits.h> exists even on freestanding compilers.  */
| 
| #ifdef __STDC__
| # include <limits.h>
| #else
| # include <assert.h>
| #endif
| 
| #undef gethostbyaddr_r
| 
| /* Override any gcc2 internal prototype to avoid an error.  */
| #ifdef __cplusplus
| extern "C"
| {
| #endif
| /* We use char because int might match the return type of a gcc2
|    builtin and then its argument prototype would still apply.  */
| char gethostbyaddr_r ();
| /* The GNU C library defines this for functions which it implements
|     to always fail with ENOSYS.  Some functions are actually named
|     something starting with __ and the normal name is an alias.  */
| #if defined (__stub_gethostbyaddr_r) || defined (__stub___gethostbyaddr_r)
| choke me
| #else
| char (*f) () = gethostbyaddr_r;
| #endif
| #ifdef __cplusplus
| }
| #endif
| 
| int
| main ()
| {
| return f != gethostbyaddr_r;
|   ;
|   return 0;
| }
configure:6800: result: no
configure:6712: checking for gethostbyname_r
configure:6769: gcc -o conftest -O0 -DEI_64BIT   conftest.c  >&5
Undefined symbols for architecture x86_64:
  "_gethostbyname_r", referenced from:
      _main in conftest-2af177.o
      _f in conftest-2af177.o
ld: symbol(s) not found for architecture x86_64
clang: error: linker command failed with exit code 1 (use -v to see invocation)
configure:6775: $? = 1
configure: failed program was:
| /* confdefs.h.  */
| 
| #define PACKAGE_NAME ""
| #define PACKAGE_TARNAME ""
| #define PACKAGE_VERSION ""
| #define PACKAGE_STRING ""
| #define PACKAGE_BUGREPORT ""
| #define STDC_HEADERS 1
| #define HAVE_SYS_TYPES_H 1
| #define HAVE_SYS_STAT_H 1
| #define HAVE_STDLIB_H 1
| #define HAVE_STRING_H 1
| #define HAVE_MEMORY_H 1
| #define HAVE_STRINGS_H 1
| #define HAVE_INTTYPES_H 1
| #define HAVE_STDINT_H 1
| #define HAVE_UNISTD_H 1
| #define SIZEOF_SHORT 2
| #define SIZEOF_INT 4
| #define SIZEOF_LONG 8
| #define SIZEOF_VOID_P 8
| #define SIZEOF_LONG_LONG 8
| #define STDC_HEADERS 1
| #define HAVE_SYS_WAIT_H 1
| #define HAVE_ARPA_INET_H 1
| #define HAVE_FCNTL_H 1
| #define HAVE_LIMITS_H 1
| #define HAVE_NETDB_H 1
| #define HAVE_NETINET_IN_H 1
| #define HAVE_STDDEF_H 1
| #define HAVE_STDLIB_H 1
| #define HAVE_STRING_H 1
| #define HAVE_SYS_PARAM_H 1
| #define HAVE_SYS_SOCKET_H 1
| #define HAVE_SYS_SELECT_H 1
| #define HAVE_SYS_TIME_H 1
| #define HAVE_UNISTD_H 1
| #define HAVE_SYS_TYPES_H 1
| #define TIME_WITH_SYS_TIME 1
| #define HAVE_SOCKLEN_T
| #define HAVE_ALLOCA_H 1
| #define HAVE_ALLOCA 1
| #define HAVE_DUP2 1
| #define HAVE_GETHOSTBYADDR 1
| #define HAVE_GETHOSTBYNAME 1
| /* end confdefs.h.  */
| /* Define gethostbyname_r to an innocuous variant, in case <limits.h> declares gethostbyname_r.
|    For example, HP-UX 11i <limits.h> declares gettimeofday.  */
| #define gethostbyname_r innocuous_gethostbyname_r
| 
| /* System header to define __stub macros and hopefully few prototypes,
|     which can conflict with char gethostbyname_r (); below.
|     Prefer <limits.h> to <assert.h> if __STDC__ is defined, since
|     <limits.h> exists even on freestanding compilers.  */
| 
| #ifdef __STDC__
| # include <limits.h>
| #else
| # include <assert.h>
| #endif
| 
| #undef gethostbyname_r
| 
| /* Override any gcc2 internal prototype to avoid an error.  */
| #ifdef __cplusplus
| extern "C"
| {
| #endif
| /* We use char because int might match the return type of a gcc2
|    builtin and then its argument prototype would still apply.  */
| char gethostbyname_r ();
| /* The GNU C library defines this for functions which it implements
|     to always fail with ENOSYS.  Some functions are actually named
|     something starting with __ and the normal name is an alias.  */
| #if defined (__stub_gethostbyname_r) || defined (__stub___gethostbyname_r)
| choke me
| #else
| char (*f) () = gethostbyname_r;
| #endif
| #ifdef __cplusplus
| }
| #endif
| 
| int
| main ()
| {
| return f != gethostbyname_r;
|   ;
|   return 0;
| }
configure:6800: result: no
configure:6712: checking for gethostname
configure:6769: gcc -o conftest -O0 -DEI_64BIT   conftest.c  >&5
configure:6775: $? = 0
configure:6779: test -z 
			 || test ! -s conftest.err
configure:6782: $? = 0
configure:6785: test -s conftest
configure:6788: $? = 0
configure:6800: result: yes
configure:6712: checking for writev
configure:6769: gcc -o conftest -O0 -DEI_64BIT   conftest.c  >&5
configure:6775: $? = 0
configure:6779: test -z 
			 || test ! -s conftest.err
configure:6782: $? = 0
configure:6785: test -s conftest
configure:6788: $? = 0
configure:6800: result: yes
configure:6712: checking for gethrtime
configure:6769: gcc -o conftest -O0 -DEI_64BIT   conftest.c  >&5
Undefined symbols for architecture x86_64:
  "_gethrtime", referenced from:
      _main in conftest-637a0c.o
      _f in conftest-637a0c.o
ld: symbol(s) not found for architecture x86_64
clang: error: linker command failed with exit code 1 (use -v to see invocation)
configure:6775: $? = 1
configure: failed program was:
| /* confdefs.h.  */
| 
| #define PACKAGE_NAME ""
| #define PACKAGE_TARNAME ""
| #define PACKAGE_VERSION ""
| #define PACKAGE_STRING ""
| #define PACKAGE_BUGREPORT ""
| #define STDC_HEADERS 1
| #define HAVE_SYS_TYPES_H 1
| #define HAVE_SYS_STAT_H 1
| #define HAVE_STDLIB_H 1
| #define HAVE_STRING_H 1
| #define HAVE_MEMORY_H 1
| #define HAVE_STRINGS_H 1
| #define HAVE_INTTYPES_H 1
| #define HAVE_STDINT_H 1
| #define HAVE_UNISTD_H 1
| #define SIZEOF_SHORT 2
| #define SIZEOF_INT 4
| #define SIZEOF_LONG 8
| #define SIZEOF_VOID_P 8
| #define SIZEOF_LONG_LONG 8
| #define STDC_HEADERS 1
| #define HAVE_SYS_WAIT_H 1
| #define HAVE_ARPA_INET_H 1
| #define HAVE_FCNTL_H 1
| #define HAVE_LIMITS_H 1
| #define HAVE_NETDB_H 1
| #define HAVE_NETINET_IN_H 1
| #define HAVE_STDDEF_H 1
| #define HAVE_STDLIB_H 1
| #define HAVE_STRING_H 1
| #define HAVE_SYS_PARAM_H 1
| #define HAVE_SYS_SOCKET_H 1
| #define HAVE_SYS_SELECT_H 1
| #define HAVE_SYS_TIME_H 1
| #define HAVE_UNISTD_H 1
| #define HAVE_SYS_TYPES_H 1
| #define TIME_WITH_SYS_TIME 1
| #define HAVE_SOCKLEN_T
| #define HAVE_ALLOCA_H 1
| #define HAVE_ALLOCA 1
| #define HAVE_DUP2 1
| #define HAVE_GETHOSTBYADDR 1
| #define HAVE_GETHOSTBYNAME 1
| #define HAVE_GETHOSTNAME 1
| #define HAVE_WRITEV 1
| /* end confdefs.h.  */
| /* Define gethrtime to an innocuous variant, in case <limits.h> declares gethrtime.
|    For example, HP-UX 11i <limits.h> declares gettimeofday.  */
| #define gethrtime innocuous_gethrtime
| 
| /* System header to define __stub macros and hopefully few prototypes,
|     which can conflict with char gethrtime (); below.
|     Prefer <limits.h> to <assert.h> if __STDC__ is defined, since
|     <limits.h> exists even on freestanding compilers.  */
| 
| #ifdef __STDC__
| # include <limits.h>
| #else
| # include <assert.h>
| #endif
| 
| #undef gethrtime
| 
| /* Override any gcc2 internal prototype to avoid an error.  */
| #ifdef __cplusplus
| extern "C"
| {
| #endif
| /* We use char because int might match the return type of a gcc2
|    builtin and then its argument prototype would still apply.  */
| char gethrtime ();
| /* The GNU C library defines this for functions which it implements
|     to always fail with ENOSYS.  Some functions are actually named
|     something starting with __ and the normal name is an alias.  */
| #if defined (__stub_gethrtime) || defined (__stub___gethrtime)
| choke me
| #else
| char (*f) () = gethrtime;
| #endif
| #ifdef __cplusplus
| }
| #endif
| 
| int
| main ()
| {
| return f != gethrtime;
|   ;
|   return 0;
| }
configure:6800: result: no
configure:6712: checking for gettimeofday
configure:6769: gcc -o conftest -O0 -DEI_64BIT   conftest.c  >&5
configure:6775: $? = 0
configure:6779: test -z 
			 || test ! -s conftest.err
configure:6782: $? = 0
configure:6785: test -s conftest
configure:6788: $? = 0
configure:6800: result: yes
configure:6712: checking for inet_ntoa
configure:6769: gcc -o conftest -O0 -DEI_64BIT   conftest.c  >&5
configure:6775: $? = 0
configure:6779: test -z 
			 || test ! -s conftest.err
configure:6782: $? = 0
configure:6785: test -s conftest
configure:6788: $? = 0
configure:6800: result: yes
configure:6712: checking for memchr
configure:6769: gcc -o conftest -O0 -DEI_64BIT   conftest.c  >&5
conftest.c:75:6: warning: incompatible redeclaration of library function 'memchr' [-Wincompatible-library-redeclaration]
char memchr ();
     ^
conftest.c:75:6: note: 'memchr' is a builtin with type 'void *(const void *, int, unsigned long)'
1 warning generated.
configure:6775: $? = 0
configure:6779: test -z 
			 || test ! -s conftest.err
configure:6782: $? = 0
configure:6785: test -s conftest
configure:6788: $? = 0
configure:6800: result: yes
configure:6712: checking for memmove
configure:6769: gcc -o conftest -O0 -DEI_64BIT   conftest.c  >&5
conftest.c:76:6: warning: incompatible redeclaration of library function 'memmove' [-Wincompatible-library-redeclaration]
char memmove ();
     ^
conftest.c:76:6: note: 'memmove' is a builtin with type 'void *(void *, const void *, unsigned long)'
1 warning generated.
configure:6775: $? = 0
configure:6779: test -z 
			 || test ! -s conftest.err
configure:6782: $? = 0
configure:6785: test -s conftest
configure:6788: $? = 0
configure:6800: result: yes
configure:6712: checking for memset
configure:6769: gcc -o conftest -O0 -DEI_64BIT   conftest.c  >&5
conftest.c:77:6: warning: incompatible redeclaration of library function 'memset' [-Wincompatible-library-redeclaration]
char memset ();
     ^
conftest.c:77:6: note: 'memset' is a builtin with type 'void *(void *, int, unsigned long)'
1 warning generated.
configure:6775: $? = 0
configure:6779: test -z 
			 || test ! -s conftest.err
configure:6782: $? = 0
configure:6785: test -s conftest
configure:6788: $? = 0
configure:6800: result: yes
configure:6712: checking for select
configure:6769: gcc -o conftest -O0 -DEI_64BIT   conftest.c  >&5
configure:6775: $? = 0
configure:6779: test -z 
			 || test ! -s conftest.err
configure:6782: $? = 0
configure:6785: test -s conftest
configure:6788: $? = 0
configure:6800: result: yes
configure:6712: checking for socket
configure:6769: gcc -o conftest -O0 -DEI_64BIT   conftest.c  >&5
configure:6775: $? = 0
configure:6779: test -z 
			 || test ! -s conftest.err
configure:6782: $? = 0
configure:6785: test -s conftest
configure:6788: $? = 0
configure:6800: result: yes
configure:6712: checking for strchr
configure:6769: gcc -o conftest -O0 -DEI_64BIT   conftest.c  >&5
conftest.c:80:6: warning: incompatible redeclaration of library function 'strchr' [-Wincompatible-library-redeclaration]
char strchr ();
     ^
conftest.c:80:6: note: 'strchr' is a builtin with type 'char *(const char *, int)'
1 warning generated.
configure:6775: $? = 0
configure:6779: test -z 
			 || test ! -s conftest.err
configure:6782: $? = 0
configure:6785: test -s conftest
configure:6788: $? = 0
configure:6800: result: yes
configure:6712: checking for strerror
configure:6769: gcc -o conftest -O0 -DEI_64BIT   conftest.c  >&5
conftest.c:81:6: warning: incompatible redeclaration of library function 'strerror' [-Wincompatible-library-redeclaration]
char strerror ();
     ^
conftest.c:81:6: note: 'strerror' is a builtin with type 'char *(int)'
1 warning generated.
configure:6775: $? = 0
configure:6779: test -z 
			 || test ! -s conftest.err
configure:6782: $? = 0
configure:6785: test -s conftest
configure:6788: $? = 0
configure:6800: result: yes
configure:6712: checking for strrchr
configure:6769: gcc -o conftest -O0 -DEI_64BIT   conftest.c  >&5
conftest.c:82:6: warning: incompatible redeclaration of library function 'strrchr' [-Wincompatible-library-redeclaration]
char strrchr ();
     ^
conftest.c:82:6: note: 'strrchr' is a builtin with type 'char *(const char *, int)'
1 warning generated.
configure:6775: $? = 0
configure:6779: test -z 
			 || test ! -s conftest.err
configure:6782: $? = 0
configure:6785: test -s conftest
configure:6788: $? = 0
configure:6800: result: yes
configure:6712: checking for strstr
configure:6769: gcc -o conftest -O0 -DEI_64BIT   conftest.c  >&5
conftest.c:83:6: warning: incompatible redeclaration of library function 'strstr' [-Wincompatible-library-redeclaration]
char strstr ();
     ^
conftest.c:83:6: note: 'strstr' is a builtin with type 'char *(const char *, const char *)'
1 warning generated.
configure:6775: $? = 0
configure:6779: test -z 
			 || test ! -s conftest.err
configure:6782: $? = 0
configure:6785: test -s conftest
configure:6788: $? = 0
configure:6800: result: yes
configure:6712: checking for uname
configure:6769: gcc -o conftest -O0 -DEI_64BIT   conftest.c  >&5
configure:6775: $? = 0
configure:6779: test -z 
			 || test ! -s conftest.err
configure:6782: $? = 0
configure:6785: test -s conftest
configure:6788: $? = 0
configure:6800: result: yes
configure:6810: checking for res_gethostbyname
configure:6867: gcc -o conftest -O0 -DEI_64BIT   conftest.c  >&5
Undefined symbols for architecture x86_64:
  "_res_gethostbyname", referenced from:
      _main in conftest-12ace7.o
      _f in conftest-12ace7.o
ld: symbol(s) not found for architecture x86_64
clang: error: linker command failed with exit code 1 (use -v to see invocation)
configure:6873: $? = 1
configure: failed program was:
| /* confdefs.h.  */
| 
| #define PACKAGE_NAME ""
| #define PACKAGE_TARNAME ""
| #define PACKAGE_VERSION ""
| #define PACKAGE_STRING ""
| #define PACKAGE_BUGREPORT ""
| #define STDC_HEADERS 1
| #define HAVE_SYS_TYPES_H 1
| #define HAVE_SYS_STAT_H 1
| #define HAVE_STDLIB_H 1
| #define HAVE_STRING_H 1
| #define HAVE_MEMORY_H 1
| #define HAVE_STRINGS_H 1
| #define HAVE_INTTYPES_H 1
| #define HAVE_STDINT_H 1
| #define HAVE_UNISTD_H 1
| #define SIZEOF_SHORT 2
| #define SIZEOF_INT 4
| #define SIZEOF_LONG 8
| #define SIZEOF_VOID_P 8
| #define SIZEOF_LONG_LONG 8
| #define STDC_HEADERS 1
| #define HAVE_SYS_WAIT_H 1
| #define HAVE_ARPA_INET_H 1
| #define HAVE_FCNTL_H 1
| #define HAVE_LIMITS_H 1
| #define HAVE_NETDB_H 1
| #define HAVE_NETINET_IN_H 1
| #define HAVE_STDDEF_H 1
| #define HAVE_STDLIB_H 1
| #define HAVE_STRING_H 1
| #define HAVE_SYS_PARAM_H 1
| #define HAVE_SYS_SOCKET_H 1
| #define HAVE_SYS_SELECT_H 1
| #define HAVE_SYS_TIME_H 1
| #define HAVE_UNISTD_H 1
| #define HAVE_SYS_TYPES_H 1
| #define TIME_WITH_SYS_TIME 1
| #define HAVE_SOCKLEN_T
| #define HAVE_ALLOCA_H 1
| #define HAVE_ALLOCA 1
| #define HAVE_DUP2 1
| #define HAVE_GETHOSTBYADDR 1
| #define HAVE_GETHOSTBYNAME 1
| #define HAVE_GETHOSTNAME 1
| #define HAVE_WRITEV 1
| #define HAVE_GETTIMEOFDAY 1
| #define HAVE_INET_NTOA 1
| #define HAVE_MEMCHR 1
| #define HAVE_MEMMOVE 1
| #define HAVE_MEMSET 1
| #define HAVE_SELECT 1
| #define HAVE_SOCKET 1
| #define HAVE_STRCHR 1
| #define HAVE_STRERROR 1
| #define HAVE_STRRCHR 1
| #define HAVE_STRSTR 1
| #define HAVE_UNAME 1
| /* end confdefs.h.  */
| /* Define res_gethostbyname to an innocuous variant, in case <limits.h> declares res_gethostbyname.
|    For example, HP-UX 11i <limits.h> declares gettimeofday.  */
| #define res_gethostbyname innocuous_res_gethostbyname
| 
| /* System header to define __stub macros and hopefully few prototypes,
|     which can conflict with char res_gethostbyname (); below.
|     Prefer <limits.h> to <assert.h> if __STDC__ is defined, since
|     <limits.h> exists even on freestanding compilers.  */
| 
| #ifdef __STDC__
| # include <limits.h>
| #else
| # include <assert.h>
| #endif
| 
| #undef res_gethostbyname
| 
| /* Override any gcc2 internal prototype to avoid an error.  */
| #ifdef __cplusplus
| extern "C"
| {
| #endif
| /* We use char because int might match the return type of a gcc2
|    builtin and then its argument prototype would still apply.  */
| char res_gethostbyname ();
| /* The GNU C library defines this for functions which it implements
|     to always fail with ENOSYS.  Some functions are actually named
|     something starting with __ and the normal name is an alias.  */
| #if defined (__stub_res_gethostbyname) || defined (__stub___res_gethostbyname)
| choke me
| #else
| char (*f) () = res_gethostbyname;
| #endif
| #ifdef __cplusplus
| }
| #endif
| 
| int
| main ()
| {
| return f != res_gethostbyname;
|   ;
|   return 0;
| }
configure:6898: result: no
configure:6904: checking for res_gethostbyname in -lresolv
configure:6934: gcc -o conftest -O0 -DEI_64BIT   conftest.c -lresolv   >&5
Undefined symbols for architecture x86_64:
  "_res_gethostbyname", referenced from:
      _main in conftest-57314c.o
ld: symbol(s) not found for architecture x86_64
clang: error: linker command failed with exit code 1 (use -v to see invocation)
configure:6940: $? = 1
configure: failed program was:
| /* confdefs.h.  */
| 
| #define PACKAGE_NAME ""
| #define PACKAGE_TARNAME ""
| #define PACKAGE_VERSION ""
| #define PACKAGE_STRING ""
| #define PACKAGE_BUGREPORT ""
| #define STDC_HEADERS 1
| #define HAVE_SYS_TYPES_H 1
| #define HAVE_SYS_STAT_H 1
| #define HAVE_STDLIB_H 1
| #define HAVE_STRING_H 1
| #define HAVE_MEMORY_H 1
| #define HAVE_STRINGS_H 1
| #define HAVE_INTTYPES_H 1
| #define HAVE_STDINT_H 1
| #define HAVE_UNISTD_H 1
| #define SIZEOF_SHORT 2
| #define SIZEOF_INT 4
| #define SIZEOF_LONG 8
| #define SIZEOF_VOID_P 8
| #define SIZEOF_LONG_LONG 8
| #define STDC_HEADERS 1
| #define HAVE_SYS_WAIT_H 1
| #define HAVE_ARPA_INET_H 1
| #define HAVE_FCNTL_H 1
| #define HAVE_LIMITS_H 1
| #define HAVE_NETDB_H 1
| #define HAVE_NETINET_IN_H 1
| #define HAVE_STDDEF_H 1
| #define HAVE_STDLIB_H 1
| #define HAVE_STRING_H 1
| #define HAVE_SYS_PARAM_H 1
| #define HAVE_SYS_SOCKET_H 1
| #define HAVE_SYS_SELECT_H 1
| #define HAVE_SYS_TIME_H 1
| #define HAVE_UNISTD_H 1
| #define HAVE_SYS_TYPES_H 1
| #define TIME_WITH_SYS_TIME 1
| #define HAVE_SOCKLEN_T
| #define HAVE_ALLOCA_H 1
| #define HAVE_ALLOCA 1
| #define HAVE_DUP2 1
| #define HAVE_GETHOSTBYADDR 1
| #define HAVE_GETHOSTBYNAME 1
| #define HAVE_GETHOSTNAME 1
| #define HAVE_WRITEV 1
| #define HAVE_GETTIMEOFDAY 1
| #define HAVE_INET_NTOA 1
| #define HAVE_MEMCHR 1
| #define HAVE_MEMMOVE 1
| #define HAVE_MEMSET 1
| #define HAVE_SELECT 1
| #define HAVE_SOCKET 1
| #define HAVE_STRCHR 1
| #define HAVE_STRERROR 1
| #define HAVE_STRRCHR 1
| #define HAVE_STRSTR 1
| #define HAVE_UNAME 1
| /* end confdefs.h.  */
| 
| /* Override any gcc2 internal prototype to avoid an error.  */
| #ifdef __cplusplus
| extern "C"
| #endif
| /* We use char because int might match the return type of a gcc2
|    builtin and then its argument prototype would still apply.  */
| char res_gethostbyname ();
| int
| main ()
| {
| res_gethostbyname ();
|   ;
|   return 0;
| }
configure:6966: result: no
configure:6980: checking for clock_gettime
configure:7037: gcc -o conftest -O0 -DEI_64BIT   conftest.c  >&5
Undefined symbols for architecture x86_64:
  "_clock_gettime", referenced from:
      _main in conftest-5167a5.o
      _f in conftest-5167a5.o
ld: symbol(s) not found for architecture x86_64
clang: error: linker command failed with exit code 1 (use -v to see invocation)
configure:7043: $? = 1
configure: failed program was:
| /* confdefs.h.  */
| 
| #define PACKAGE_NAME ""
| #define PACKAGE_TARNAME ""
| #define PACKAGE_VERSION ""
| #define PACKAGE_STRING ""
| #define PACKAGE_BUGREPORT ""
| #define STDC_HEADERS 1
| #define HAVE_SYS_TYPES_H 1
| #define HAVE_SYS_STAT_H 1
| #define HAVE_STDLIB_H 1
| #define HAVE_STRING_H 1
| #define HAVE_MEMORY_H 1
| #define HAVE_STRINGS_H 1
| #define HAVE_INTTYPES_H 1
| #define HAVE_STDINT_H 1
| #define HAVE_UNISTD_H 1
| #define SIZEOF_SHORT 2
| #define SIZEOF_INT 4
| #define SIZEOF_LONG 8
| #define SIZEOF_VOID_P 8
| #define SIZEOF_LONG_LONG 8
| #define STDC_HEADERS 1
| #define HAVE_SYS_WAIT_H 1
| #define HAVE_ARPA_INET_H 1
| #define HAVE_FCNTL_H 1
| #define HAVE_LIMITS_H 1
| #define HAVE_NETDB_H 1
| #define HAVE_NETINET_IN_H 1
| #define HAVE_STDDEF_H 1
| #define HAVE_STDLIB_H 1
| #define HAVE_STRING_H 1
| #define HAVE_SYS_PARAM_H 1
| #define HAVE_SYS_SOCKET_H 1
| #define HAVE_SYS_SELECT_H 1
| #define HAVE_SYS_TIME_H 1
| #define HAVE_UNISTD_H 1
| #define HAVE_SYS_TYPES_H 1
| #define TIME_WITH_SYS_TIME 1
| #define HAVE_SOCKLEN_T
| #define HAVE_ALLOCA_H 1
| #define HAVE_ALLOCA 1
| #define HAVE_DUP2 1
| #define HAVE_GETHOSTBYADDR 1
| #define HAVE_GETHOSTBYNAME 1
| #define HAVE_GETHOSTNAME 1
| #define HAVE_WRITEV 1
| #define HAVE_GETTIMEOFDAY 1
| #define HAVE_INET_NTOA 1
| #define HAVE_MEMCHR 1
| #define HAVE_MEMMOVE 1
| #define HAVE_MEMSET 1
| #define HAVE_SELECT 1
| #define HAVE_SOCKET 1
| #define HAVE_STRCHR 1
| #define HAVE_STRERROR 1
| #define HAVE_STRRCHR 1
| #define HAVE_STRSTR 1
| #define HAVE_UNAME 1
| /* end confdefs.h.  */
| /* Define clock_gettime to an innocuous variant, in case <limits.h> declares clock_gettime.
|    For example, HP-UX 11i <limits.h> declares gettimeofday.  */
| #define clock_gettime innocuous_clock_gettime
| 
| /* System header to define __stub macros and hopefully few prototypes,
|     which can conflict with char clock_gettime (); below.
|     Prefer <limits.h> to <assert.h> if __STDC__ is defined, since
|     <limits.h> exists even on freestanding compilers.  */
| 
| #ifdef __STDC__
| # include <limits.h>
| #else
| # include <assert.h>
| #endif
| 
| #undef clock_gettime
| 
| /* Override any gcc2 internal prototype to avoid an error.  */
| #ifdef __cplusplus
| extern "C"
| {
| #endif
| /* We use char because int might match the return type of a gcc2
|    builtin and then its argument prototype would still apply.  */
| char clock_gettime ();
| /* The GNU C library defines this for functions which it implements
|     to always fail with ENOSYS.  Some functions are actually named
|     something starting with __ and the normal name is an alias.  */
| #if defined (__stub_clock_gettime) || defined (__stub___clock_gettime)
| choke me
| #else
| char (*f) () = clock_gettime;
| #endif
| #ifdef __cplusplus
| }
| #endif
| 
| int
| main ()
| {
| return f != clock_gettime;
|   ;
|   return 0;
| }
configure:7068: result: no
configure:7074: checking for clock_gettime in -lrt
configure:7104: gcc -o conftest -O0 -DEI_64BIT   conftest.c -lrt   >&5
ld: library not found for -lrt
clang: error: linker command failed with exit code 1 (use -v to see invocation)
configure:7110: $? = 1
configure: failed program was:
| /* confdefs.h.  */
| 
| #define PACKAGE_NAME ""
| #define PACKAGE_TARNAME ""
| #define PACKAGE_VERSION ""
| #define PACKAGE_STRING ""
| #define PACKAGE_BUGREPORT ""
| #define STDC_HEADERS 1
| #define HAVE_SYS_TYPES_H 1
| #define HAVE_SYS_STAT_H 1
| #define HAVE_STDLIB_H 1
| #define HAVE_STRING_H 1
| #define HAVE_MEMORY_H 1
| #define HAVE_STRINGS_H 1
| #define HAVE_INTTYPES_H 1
| #define HAVE_STDINT_H 1
| #define HAVE_UNISTD_H 1
| #define SIZEOF_SHORT 2
| #define SIZEOF_INT 4
| #define SIZEOF_LONG 8
| #define SIZEOF_VOID_P 8
| #define SIZEOF_LONG_LONG 8
| #define STDC_HEADERS 1
| #define HAVE_SYS_WAIT_H 1
| #define HAVE_ARPA_INET_H 1
| #define HAVE_FCNTL_H 1
| #define HAVE_LIMITS_H 1
| #define HAVE_NETDB_H 1
| #define HAVE_NETINET_IN_H 1
| #define HAVE_STDDEF_H 1
| #define HAVE_STDLIB_H 1
| #define HAVE_STRING_H 1
| #define HAVE_SYS_PARAM_H 1
| #define HAVE_SYS_SOCKET_H 1
| #define HAVE_SYS_SELECT_H 1
| #define HAVE_SYS_TIME_H 1
| #define HAVE_UNISTD_H 1
| #define HAVE_SYS_TYPES_H 1
| #define TIME_WITH_SYS_TIME 1
| #define HAVE_SOCKLEN_T
| #define HAVE_ALLOCA_H 1
| #define HAVE_ALLOCA 1
| #define HAVE_DUP2 1
| #define HAVE_GETHOSTBYADDR 1
| #define HAVE_GETHOSTBYNAME 1
| #define HAVE_GETHOSTNAME 1
| #define HAVE_WRITEV 1
| #define HAVE_GETTIMEOFDAY 1
| #define HAVE_INET_NTOA 1
| #define HAVE_MEMCHR 1
| #define HAVE_MEMMOVE 1
| #define HAVE_MEMSET 1
| #define HAVE_SELECT 1
| #define HAVE_SOCKET 1
| #define HAVE_STRCHR 1
| #define HAVE_STRERROR 1
| #define HAVE_STRRCHR 1
| #define HAVE_STRSTR 1
| #define HAVE_UNAME 1
| /* end confdefs.h.  */
| 
| /* Override any gcc2 internal prototype to avoid an error.  */
| #ifdef __cplusplus
| extern "C"
| #endif
| /* We use char because int might match the return type of a gcc2
|    builtin and then its argument prototype would still apply.  */
| char clock_gettime ();
| int
| main ()
| {
| clock_gettime ();
|   ;
|   return 0;
| }
configure:7136: result: no
configure:7501: checking for mixed cygwin or msys and native VC++ environment
configure:7526: result: no
configure:7542: checking for mixed cygwin and native MinGW environment
configure:7560: result: no
configure:7569: checking if we mix cygwin with any native compiler
configure:7575: result: no
configure:7581: checking if we mix msys with another native compiler
configure:7587: result: no
configure:7607: checking for native win32 threads
configure:7624: result: no
configure:7632: checking for pthread_create in -lpthread
configure:7662: gcc -o conftest -O0 -DEI_64BIT   conftest.c -lpthread   >&5
configure:7668: $? = 0
configure:7672: test -z 
			 || test ! -s conftest.err
configure:7675: $? = 0
configure:7678: test -s conftest
configure:7681: $? = 0
configure:7694: result: yes
configure:8482: checking pthread.h usability
configure:8494: gcc -c -O0 -DEI_64BIT   -D_THREAD_SAFE -D_REENTRANT -DPOSIX_THREADS conftest.c >&5
configure:8500: $? = 0
configure:8504: test -z 
			 || test ! -s conftest.err
configure:8507: $? = 0
configure:8510: test -s conftest.o
configure:8513: $? = 0
configure:8523: result: yes
configure:8527: checking pthread.h presence
configure:8537: gcc -E   -D_THREAD_SAFE -D_REENTRANT -DPOSIX_THREADS conftest.c
configure:8543: $? = 0
configure:8563: result: yes
configure:8598: checking for pthread.h
configure:8605: result: yes
configure:8629: checking pthread/mit/pthread.h usability
configure:8641: gcc -c -O0 -DEI_64BIT   -D_THREAD_SAFE -D_REENTRANT -DPOSIX_THREADS conftest.c >&5
conftest.c:96:10: fatal error: 'pthread/mit/pthread.h' file not found
#include <pthread/mit/pthread.h>
         ^
1 error generated.
configure:8647: $? = 1
configure: failed program was:
| /* confdefs.h.  */
| 
| #define PACKAGE_NAME ""
| #define PACKAGE_TARNAME ""
| #define PACKAGE_VERSION ""
| #define PACKAGE_STRING ""
| #define PACKAGE_BUGREPORT ""
| #define STDC_HEADERS 1
| #define HAVE_SYS_TYPES_H 1
| #define HAVE_SYS_STAT_H 1
| #define HAVE_STDLIB_H 1
| #define HAVE_STRING_H 1
| #define HAVE_MEMORY_H 1
| #define HAVE_STRINGS_H 1
| #define HAVE_INTTYPES_H 1
| #define HAVE_STDINT_H 1
| #define HAVE_UNISTD_H 1
| #define SIZEOF_SHORT 2
| #define SIZEOF_INT 4
| #define SIZEOF_LONG 8
| #define SIZEOF_VOID_P 8
| #define SIZEOF_LONG_LONG 8
| #define STDC_HEADERS 1
| #define HAVE_SYS_WAIT_H 1
| #define HAVE_ARPA_INET_H 1
| #define HAVE_FCNTL_H 1
| #define HAVE_LIMITS_H 1
| #define HAVE_NETDB_H 1
| #define HAVE_NETINET_IN_H 1
| #define HAVE_STDDEF_H 1
| #define HAVE_STDLIB_H 1
| #define HAVE_STRING_H 1
| #define HAVE_SYS_PARAM_H 1
| #define HAVE_SYS_SOCKET_H 1
| #define HAVE_SYS_SELECT_H 1
| #define HAVE_SYS_TIME_H 1
| #define HAVE_UNISTD_H 1
| #define HAVE_SYS_TYPES_H 1
| #define TIME_WITH_SYS_TIME 1
| #define HAVE_SOCKLEN_T
| #define HAVE_ALLOCA_H 1
| #define HAVE_ALLOCA 1
| #define HAVE_DUP2 1
| #define HAVE_GETHOSTBYADDR 1
| #define HAVE_GETHOSTBYNAME 1
| #define HAVE_GETHOSTNAME 1
| #define HAVE_WRITEV 1
| #define HAVE_GETTIMEOFDAY 1
| #define HAVE_INET_NTOA 1
| #define HAVE_MEMCHR 1
| #define HAVE_MEMMOVE 1
| #define HAVE_MEMSET 1
| #define HAVE_SELECT 1
| #define HAVE_SOCKET 1
| #define HAVE_STRCHR 1
| #define HAVE_STRERROR 1
| #define HAVE_STRRCHR 1
| #define HAVE_STRSTR 1
| #define HAVE_UNAME 1
| #define HAVE_PTHREAD_H 1
| /* end confdefs.h.  */
| #include <stdio.h>
| #if HAVE_SYS_TYPES_H
| # include <sys/types.h>
| #endif
| #if HAVE_SYS_STAT_H
| # include <sys/stat.h>
| #endif
| #if STDC_HEADERS
| # include <stdlib.h>
| # include <stddef.h>
| #else
| # if HAVE_STDLIB_H
| #  include <stdlib.h>
| # endif
| #endif
| #if HAVE_STRING_H
| # if !STDC_HEADERS && HAVE_MEMORY_H
| #  include <memory.h>
| # endif
| # include <string.h>
| #endif
| #if HAVE_STRINGS_H
| # include <strings.h>
| #endif
| #if HAVE_INTTYPES_H
| # include <inttypes.h>
| #else
| # if HAVE_STDINT_H
| #  include <stdint.h>
| # endif
| #endif
| #if HAVE_UNISTD_H
| # include <unistd.h>
| #endif
| #include <pthread/mit/pthread.h>
configure:8670: result: no
configure:8674: checking pthread/mit/pthread.h presence
configure:8684: gcc -E   -D_THREAD_SAFE -D_REENTRANT -DPOSIX_THREADS conftest.c
conftest.c:62:10: fatal error: 'pthread/mit/pthread.h' file not found
#include <pthread/mit/pthread.h>
         ^
1 error generated.
configure:8690: $? = 1
configure: failed program was:
| /* confdefs.h.  */
| 
| #define PACKAGE_NAME ""
| #define PACKAGE_TARNAME ""
| #define PACKAGE_VERSION ""
| #define PACKAGE_STRING ""
| #define PACKAGE_BUGREPORT ""
| #define STDC_HEADERS 1
| #define HAVE_SYS_TYPES_H 1
| #define HAVE_SYS_STAT_H 1
| #define HAVE_STDLIB_H 1
| #define HAVE_STRING_H 1
| #define HAVE_MEMORY_H 1
| #define HAVE_STRINGS_H 1
| #define HAVE_INTTYPES_H 1
| #define HAVE_STDINT_H 1
| #define HAVE_UNISTD_H 1
| #define SIZEOF_SHORT 2
| #define SIZEOF_INT 4
| #define SIZEOF_LONG 8
| #define SIZEOF_VOID_P 8
| #define SIZEOF_LONG_LONG 8
| #define STDC_HEADERS 1
| #define HAVE_SYS_WAIT_H 1
| #define HAVE_ARPA_INET_H 1
| #define HAVE_FCNTL_H 1
| #define HAVE_LIMITS_H 1
| #define HAVE_NETDB_H 1
| #define HAVE_NETINET_IN_H 1
| #define HAVE_STDDEF_H 1
| #define HAVE_STDLIB_H 1
| #define HAVE_STRING_H 1
| #define HAVE_SYS_PARAM_H 1
| #define HAVE_SYS_SOCKET_H 1
| #define HAVE_SYS_SELECT_H 1
| #define HAVE_SYS_TIME_H 1
| #define HAVE_UNISTD_H 1
| #define HAVE_SYS_TYPES_H 1
| #define TIME_WITH_SYS_TIME 1
| #define HAVE_SOCKLEN_T
| #define HAVE_ALLOCA_H 1
| #define HAVE_ALLOCA 1
| #define HAVE_DUP2 1
| #define HAVE_GETHOSTBYADDR 1
| #define HAVE_GETHOSTBYNAME 1
| #define HAVE_GETHOSTNAME 1
| #define HAVE_WRITEV 1
| #define HAVE_GETTIMEOFDAY 1
| #define HAVE_INET_NTOA 1
| #define HAVE_MEMCHR 1
| #define HAVE_MEMMOVE 1
| #define HAVE_MEMSET 1
| #define HAVE_SELECT 1
| #define HAVE_SOCKET 1
| #define HAVE_STRCHR 1
| #define HAVE_STRERROR 1
| #define HAVE_STRRCHR 1
| #define HAVE_STRSTR 1
| #define HAVE_UNAME 1
| #define HAVE_PTHREAD_H 1
| /* end confdefs.h.  */
| #include <pthread/mit/pthread.h>
configure:8710: result: no
configure:8745: checking for pthread/mit/pthread.h
configure:8752: result: no
configure:8812: checking if we can add -Werror=return-type to WERRORFLAGS (via CFLAGS)
configure:8832: gcc -c -Werror=return-type   conftest.c >&5
configure:8838: $? = 0
configure:8842: test -z 
			 || test ! -s conftest.err
configure:8845: $? = 0
configure:8848: test -s conftest.o
configure:8851: $? = 0
configure:8863: result: yes
configure:9023: creating ./config.status

## ---------------------- ##
## Running config.status. ##
## ---------------------- ##

This file was extended by config.status, which was
generated by GNU Autoconf 2.59.  Invocation command line was

  CONFIG_FILES    = 
  CONFIG_HEADERS  = 
  CONFIG_LINKS    = 
  CONFIG_COMMANDS = 
  $ ./config.status 

on block9.PUBLIC.monkeybrains.net

config.status:680: creating src/x86_64-apple-darwin14.5.0/Makefile
config.status:680: creating src/x86_64-apple-darwin14.5.0/eidefs.mk
config.status:777: creating src/x86_64-apple-darwin14.5.0/config.h

## ---------------- ##
## Cache variables. ##
## ---------------- ##

ac_cv_build=x86_64-apple-darwin14.5.0
ac_cv_build_alias=x86_64-apple-darwin14.5.0
ac_cv_c_compiler_gnu=yes
ac_cv_env_CC_set=
ac_cv_env_CC_value=
ac_cv_env_CFLAGS_set=set
ac_cv_env_CFLAGS_value=-O0
ac_cv_env_CPPFLAGS_set=
ac_cv_env_CPPFLAGS_value=
ac_cv_env_CPP_set=
ac_cv_env_CPP_value=
ac_cv_env_LDFLAGS_set=
ac_cv_env_LDFLAGS_value=
ac_cv_env_build_alias_set=
ac_cv_env_build_alias_value=
ac_cv_env_host_alias_set=
ac_cv_env_host_alias_value=
ac_cv_env_target_alias_set=
ac_cv_env_target_alias_value=
ac_cv_exeext=
ac_cv_func_alloca_works=yes
ac_cv_func_clock_gettime=no
ac_cv_func_dup2=yes
ac_cv_func_gethostbyaddr=yes
ac_cv_func_gethostbyaddr_r=no
ac_cv_func_gethostbyname=yes
ac_cv_func_gethostbyname_r=no
ac_cv_func_gethostname=yes
ac_cv_func_gethrtime=no
ac_cv_func_gettimeofday=yes
ac_cv_func_inet_ntoa=yes
ac_cv_func_memchr=yes
ac_cv_func_memcmp_working=yes
ac_cv_func_memmove=yes
ac_cv_func_memset=yes
ac_cv_func_res_gethostbyname=no
ac_cv_func_select=yes
ac_cv_func_socket=yes
ac_cv_func_strchr=yes
ac_cv_func_strerror=yes
ac_cv_func_strrchr=yes
ac_cv_func_strstr=yes
ac_cv_func_uname=yes
ac_cv_func_writev=yes
ac_cv_header_arpa_inet_h=yes
ac_cv_header_fcntl_h=yes
ac_cv_header_inttypes_h=yes
ac_cv_header_limits_h=yes
ac_cv_header_malloc_h=no
ac_cv_header_memory_h=yes
ac_cv_header_netdb_h=yes
ac_cv_header_netinet_in_h=yes
ac_cv_header_pthread_h=yes
ac_cv_header_pthread_mit_pthread_h=no
ac_cv_header_stdc=yes
ac_cv_header_stddef_h=yes
ac_cv_header_stdint_h=yes
ac_cv_header_stdlib_h=yes
ac_cv_header_string_h=yes
ac_cv_header_strings_h=yes
ac_cv_header_sys_param_h=yes
ac_cv_header_sys_select_h=yes
ac_cv_header_sys_socket_h=yes
ac_cv_header_sys_stat_h=yes
ac_cv_header_sys_time_h=yes
ac_cv_header_sys_types_h=yes
ac_cv_header_sys_wait_h=yes
ac_cv_header_time=yes
ac_cv_header_unistd_h=yes
ac_cv_host=x86_64-apple-darwin14.5.0
ac_cv_host_alias=x86_64-apple-darwin14.5.0
ac_cv_lib_nsl_gethostbyname=no
ac_cv_lib_pthread_pthread_create=yes
ac_cv_lib_resolv_res_gethostbyname=no
ac_cv_lib_rt_clock_gettime=no
ac_cv_lib_socket_getpeername=no
ac_cv_objext=o
ac_cv_path_install='/usr/local/bin/ginstall -c'
ac_cv_prog_CPP='gcc -E'
ac_cv_prog_ac_ct_AR=ar
ac_cv_prog_ac_ct_CC=gcc
ac_cv_prog_ac_ct_LD=ld
ac_cv_prog_ac_ct_RANLIB=ranlib
ac_cv_prog_cc_g=yes
ac_cv_prog_cc_stdc=
ac_cv_prog_egrep='grep -E'
ac_cv_prog_gcc_traditional=no
ac_cv_prog_mkdir_p='/usr/local/bin/ginstall -c -d'
ac_cv_sizeof_int=4
ac_cv_sizeof_long=8
ac_cv_sizeof_long_long=8
ac_cv_sizeof_short=2
ac_cv_sizeof_void_p=8
ac_cv_type_int=yes
ac_cv_type_long=yes
ac_cv_type_long_long=yes
ac_cv_type_pid_t=yes
ac_cv_type_short=yes
ac_cv_type_size_t=yes
ac_cv_type_uid_t=yes
ac_cv_type_void_p=yes
ac_cv_working_alloca_h=yes

## ----------------- ##
## Output variables. ##
## ----------------- ##

ALLOCA=''
AR='ar'
CC='gcc'
CFLAGS='-Werror=return-type  -O0 -DEI_64BIT'
CPP='gcc -E'
CPPFLAGS=''
DEFS='-DHAVE_CONFIG_H'
ECHO_C='ECHO_N=''
ECHO_T=''
EGREP='grep -E'
EI_THREADS='true'
EXEEXT=''
GETCONF=''
INSTALL_DATA='${INSTALL} -m 644 -p'
INSTALL_DIR='/usr/local/bin/ginstall -c -d'
INSTALL_PROGRAM='${INSTALL}'
INSTALL_SCRIPT='${INSTALL}'
LD='ld'
LDFLAGS=''
LIBOBJS=''
LIBS=''
LIB_CFLAGS='-Werror=return-type  -O0 -DEI_64BIT -fPIC'
LTLIBOBJS=''
MIXED_CYGWIN='no'
MIXED_CYGWIN_MINGW='no'
MIXED_CYGWIN_VC='no'
MIXED_MSYS='no'
MIXED_MSYS_VC='no'
MIXED_VC='no'
OBJEXT='o'
PACKAGE_BUGREPORT=''
PACKAGE_NAME=''
PACKAGE_STRING=''
PACKAGE_TARNAME=''
PACKAGE_VERSION=''
PATH_SEPARATOR=':'
RANLIB='ranlib'
SHELL='/bin/sh'
TARGET='x86_64-apple-darwin14.5.0'
THR_DEFS=' -D_THREAD_SAFE -D_REENTRANT -DPOSIX_THREADS'
THR_LIBS='-lpthread'
WFLAGS='-Wall -Wstrict-prototypes -Wmissing-prototypes -Wmissing-declarations -Wnested-externs -Winline -fno-strict-aliasing'
ac_ct_AR='ar'
ac_ct_CC='gcc'
ac_ct_LD='ld'
ac_ct_RANLIB='ranlib'
ac_pt_GETCONF=''
bindir='${exec_prefix}/bin'
build='x86_64-apple-darwin14.5.0'
build_alias=''
build_cpu='x86_64'
build_os='darwin14.5.0'
build_vendor='apple'
datadir='${prefix}/share'
exec_prefix='${prefix}'
host='x86_64-apple-darwin14.5.0'
host_alias=''
host_cpu='x86_64'
host_os='darwin14.5.0'
host_vendor='apple'
includedir='${prefix}/include'
infodir='${prefix}/info'
libdir='${exec_prefix}/lib'
libexecdir='${exec_prefix}/libexec'
localstatedir='${prefix}/var'
mandir='${prefix}/man'
oldincludedir='/usr/include'
prefix='/usr/local'
program_transform_name='s,x,x,'
sbindir='${exec_prefix}/sbin'
sharedstatedir='${prefix}/com'
sysconfdir='${prefix}/etc'
target_alias=''

## ----------- ##
## confdefs.h. ##
## ----------- ##

#define HAVE_ALLOCA 1
#define HAVE_ALLOCA_H 1
#define HAVE_ARPA_INET_H 1
#define HAVE_DUP2 1
#define HAVE_FCNTL_H 1
#define HAVE_GETHOSTBYADDR 1
#define HAVE_GETHOSTBYNAME 1
#define HAVE_GETHOSTNAME 1
#define HAVE_GETTIMEOFDAY 1
#define HAVE_INET_NTOA 1
#define HAVE_INTTYPES_H 1
#define HAVE_LIMITS_H 1
#define HAVE_MEMCHR 1
#define HAVE_MEMMOVE 1
#define HAVE_MEMORY_H 1
#define HAVE_MEMSET 1
#define HAVE_NETDB_H 1
#define HAVE_NETINET_IN_H 1
#define HAVE_PTHREAD_H 1
#define HAVE_SELECT 1
#define HAVE_SOCKET 1
#define HAVE_SOCKLEN_T
#define HAVE_STDDEF_H 1
#define HAVE_STDINT_H 1
#define HAVE_STDLIB_H 1
#define HAVE_STDLIB_H 1
#define HAVE_STRCHR 1
#define HAVE_STRERROR 1
#define HAVE_STRINGS_H 1
#define HAVE_STRING_H 1
#define HAVE_STRING_H 1
#define HAVE_STRRCHR 1
#define HAVE_STRSTR 1
#define HAVE_SYS_PARAM_H 1
#define HAVE_SYS_SELECT_H 1
#define HAVE_SYS_SOCKET_H 1
#define HAVE_SYS_STAT_H 1
#define HAVE_SYS_TIME_H 1
#define HAVE_SYS_TYPES_H 1
#define HAVE_SYS_TYPES_H 1
#define HAVE_SYS_WAIT_H 1
#define HAVE_UNAME 1
#define HAVE_UNISTD_H 1
#define HAVE_UNISTD_H 1
#define HAVE_WRITEV 1
#define PACKAGE_BUGREPORT ""
#define PACKAGE_NAME ""
#define PACKAGE_STRING ""
#define PACKAGE_TARNAME ""
#define PACKAGE_VERSION ""
#define SIZEOF_INT 4
#define SIZEOF_LONG 8
#define SIZEOF_LONG_LONG 8
#define SIZEOF_SHORT 2
#define SIZEOF_VOID_P 8
#define STDC_HEADERS 1
#define STDC_HEADERS 1
#define TIME_WITH_SYS_TIME 1

configure: exit 0
