This file contains any messages produced by compilers while
running configure, to aid debugging if configure makes a mistake.

It was created by configure, which was
generated by GNU Autoconf 2.59.  Invocation command line was

  $ /Users/z/.kerl/builds/otp-18.2.1/otp_src_18.2.1/lib/wx/./configure --prefix=/usr/local --prefix=/usr/local CFLAGS=-O0 ERL_TOP=/Users/z/.kerl/builds/otp-18.2.1/otp_src_18.2.1 --cache-file=/dev/null --srcdir=/Users/z/.kerl/builds/otp-18.2.1/otp_src_18.2.1/lib --cache-file=/dev/null --srcdir=/Users/z/.kerl/builds/otp-18.2.1/otp_src_18.2.1/lib/wx/.

## --------- ##
## Platform. ##
## --------- ##

hostname = block9.PUBLIC.monkeybrains.net
uname -m = x86_64
uname -r = 14.5.0
uname -s = Darwin
uname -v = Darwin Kernel Version 14.5.0: Tue Sep  1 21:23:09 PDT 2015; root:xnu-2782.50.1~1/RELEASE_X86_64

/usr/bin/uname -p = i386
/bin/uname -X     = unknown

/bin/arch              = unknown
/usr/bin/arch -k       = unknown
/usr/convex/getsysinfo = unknown
hostinfo               = Mach kernel version:
	 Darwin Kernel Version 14.5.0: Tue Sep  1 21:23:09 PDT 2015; root:xnu-2782.50.1~1/RELEASE_X86_64
Kernel configured for up to 4 processors.
2 processors are physically available.
4 processors are logically available.
Processor type: i486 (Intel 80486)
Processors active: 0 1 2 3
Primary memory available: 8.00 gigabytes
Default processor set: 256 tasks, 1081 threads, 4 processors
Load average: 2.00, Mach factor: 1.98
/bin/machine           = unknown
/usr/bin/oslevel       = unknown
/bin/universe          = unknown

PATH: /Users/z/.nvm/versions/node/v5.2.0/bin
PATH: /Users/z/.gvm/bin
PATH: /Users/z/.rvm/bin
PATH: /Users/z/.gvm/bin
PATH: /Users/z/.gvm/bin
PATH: /Users/z/.pyenv/shims
PATH: /Users/z/bin
PATH: /Users/z/.pyenv/bin
PATH: /Users/z/.gvm/bin
PATH: /Users/z/.rvm/gems/ruby-2.2.3/bin
PATH: /Users/z/.rvm/gems/ruby-2.2.3@global/bin
PATH: /Users/z/.rvm/rubies/ruby-2.2.3/bin
PATH: /usr/local/bin
PATH: /usr/bin
PATH: /bin
PATH: /usr/sbin
PATH: /sbin
PATH: /opt/X11/bin
PATH: /Users/z/.rvm/bin
PATH: /Users/z/.rvm/bin
PATH: /Users/z/.gvm/bin
PATH: /Users/z/.gvm/bin
PATH: /Users/z/.rvm/gems/ruby-2.2.3/bin
PATH: /Users/z/.rvm/gems/ruby-2.2.3@global/bin
PATH: /Users/z/.rvm/rubies/ruby-2.2.3/bin
PATH: /usr/local/bin
PATH: /usr/bin
PATH: /bin
PATH: /usr/sbin
PATH: /sbin
PATH: /opt/X11/bin
PATH: /Users/z/.rvm/bin


## ----------- ##
## Core tests. ##
## ----------- ##

configure:1442: checking build system type
configure:1460: result: x86_64-apple-darwin14.5.0
configure:1468: checking host system type
configure:1482: result: x86_64-apple-darwin14.5.0
configure:1553: checking for gcc
configure:1569: found /usr/bin/gcc
configure:1579: result: gcc
configure:1823: checking for C compiler version
configure:1826: gcc --version </dev/null >&5
Configured with: --prefix=/Applications/Xcode.app/Contents/Developer/usr --with-gxx-include-dir=/usr/include/c++/4.2.1
Apple LLVM version 7.0.2 (clang-700.1.81)
Target: x86_64-apple-darwin14.5.0
Thread model: posix
configure:1829: $? = 0
configure:1831: gcc -v </dev/null >&5
Configured with: --prefix=/Applications/Xcode.app/Contents/Developer/usr --with-gxx-include-dir=/usr/include/c++/4.2.1
Apple LLVM version 7.0.2 (clang-700.1.81)
Target: x86_64-apple-darwin14.5.0
Thread model: posix
configure:1834: $? = 0
configure:1836: gcc -V </dev/null >&5
clang: error: argument to '-V' is missing (expected 1 value)
clang: error: no input files
configure:1839: $? = 1
configure:1862: checking for C compiler default output file name
configure:1865: gcc -O0   conftest.c  >&5
configure:1868: $? = 0
configure:1914: result: a.out
configure:1919: checking whether the C compiler works
configure:1925: ./a.out
configure:1928: $? = 0
configure:1945: result: yes
configure:1952: checking whether we are cross compiling
configure:1954: result: no
configure:1957: checking for suffix of executables
configure:1959: gcc -o conftest -O0   conftest.c  >&5
configure:1962: $? = 0
configure:1987: result: 
configure:1993: checking for suffix of object files
configure:2014: gcc -c -O0  conftest.c >&5
configure:2017: $? = 0
configure:2039: result: o
configure:2043: checking whether we are using the GNU C compiler
configure:2067: gcc -c -O0  conftest.c >&5
configure:2073: $? = 0
configure:2077: test -z 
			 || test ! -s conftest.err
configure:2080: $? = 0
configure:2083: test -s conftest.o
configure:2086: $? = 0
configure:2099: result: yes
configure:2105: checking whether gcc accepts -g
configure:2126: gcc -c -g  conftest.c >&5
configure:2132: $? = 0
configure:2136: test -z 
			 || test ! -s conftest.err
configure:2139: $? = 0
configure:2142: test -s conftest.o
configure:2145: $? = 0
configure:2156: result: yes
configure:2173: checking for gcc option to accept ANSI C
configure:2243: gcc  -c -O0  conftest.c >&5
configure:2249: $? = 0
configure:2253: test -z 
			 || test ! -s conftest.err
configure:2256: $? = 0
configure:2259: test -s conftest.o
configure:2262: $? = 0
configure:2280: result: none needed
configure:2298: gcc -c -O0  conftest.c >&5
conftest.c:2:3: error: unknown type name 'choke'
  choke me
  ^
conftest.c:2:11: error: expected ';' after top level declarator
  choke me
          ^
          ;
2 errors generated.
configure:2304: $? = 1
configure: failed program was:
| #ifndef __cplusplus
|   choke me
| #endif
configure:2489: checking for g++
configure:2505: found /usr/bin/g++
configure:2515: result: g++
configure:2531: checking for C++ compiler version
configure:2534: g++ --version </dev/null >&5
Configured with: --prefix=/Applications/Xcode.app/Contents/Developer/usr --with-gxx-include-dir=/usr/include/c++/4.2.1
Apple LLVM version 7.0.2 (clang-700.1.81)
Target: x86_64-apple-darwin14.5.0
Thread model: posix
configure:2537: $? = 0
configure:2539: g++ -v </dev/null >&5
Configured with: --prefix=/Applications/Xcode.app/Contents/Developer/usr --with-gxx-include-dir=/usr/include/c++/4.2.1
Apple LLVM version 7.0.2 (clang-700.1.81)
Target: x86_64-apple-darwin14.5.0
Thread model: posix
configure:2542: $? = 0
configure:2544: g++ -V </dev/null >&5
clang: error: argument to '-V' is missing (expected 1 value)
clang: error: no input files
configure:2547: $? = 1
configure:2550: checking whether we are using the GNU C++ compiler
configure:2574: g++ -c   conftest.cc >&5
configure:2580: $? = 0
configure:2584: test -z 
			 || test ! -s conftest.err
configure:2587: $? = 0
configure:2590: test -s conftest.o
configure:2593: $? = 0
configure:2606: result: yes
configure:2612: checking whether g++ accepts -g
configure:2633: g++ -c -g  conftest.cc >&5
configure:2639: $? = 0
configure:2643: test -z 
			 || test ! -s conftest.err
configure:2646: $? = 0
configure:2649: test -s conftest.o
configure:2652: $? = 0
configure:2663: result: yes
configure:2705: g++ -c -g -O2  conftest.cc >&5
configure:2711: $? = 0
configure:2715: test -z 
			 || test ! -s conftest.err
configure:2718: $? = 0
configure:2721: test -s conftest.o
configure:2724: $? = 0
configure:2750: g++ -c -g -O2  conftest.cc >&5
conftest.cc:13:1: error: use of undeclared identifier 'exit'
exit (42);
^
1 error generated.
configure:2756: $? = 1
configure: failed program was:
| /* confdefs.h.  */
| 
| #define PACKAGE_NAME ""
| #define PACKAGE_TARNAME ""
| #define PACKAGE_VERSION ""
| #define PACKAGE_STRING ""
| #define PACKAGE_BUGREPORT ""
| /* end confdefs.h.  */
| 
| int
| main ()
| {
| exit (42);
|   ;
|   return 0;
| }
configure:2705: g++ -c -g -O2  conftest.cc >&5
conftest.cc:9:17: error: use of undeclared identifier 'std'
extern "C" void std::exit (int) throw (); using std::exit;
                ^
conftest.cc:9:49: error: use of undeclared identifier 'std'
extern "C" void std::exit (int) throw (); using std::exit;
                                                ^
2 errors generated.
configure:2711: $? = 1
configure: failed program was:
| /* confdefs.h.  */
| 
| #define PACKAGE_NAME ""
| #define PACKAGE_TARNAME ""
| #define PACKAGE_VERSION ""
| #define PACKAGE_STRING ""
| #define PACKAGE_BUGREPORT ""
| /* end confdefs.h.  */
| extern "C" void std::exit (int) throw (); using std::exit;
| #include <stdlib.h>
| int
| main ()
| {
| exit (42);
|   ;
|   return 0;
| }
configure:2705: g++ -c -g -O2  conftest.cc >&5
conftest.cc:9:17: error: use of undeclared identifier 'std'
extern "C" void std::exit (int); using std::exit;
                ^
conftest.cc:9:40: error: use of undeclared identifier 'std'
extern "C" void std::exit (int); using std::exit;
                                       ^
2 errors generated.
configure:2711: $? = 1
configure: failed program was:
| /* confdefs.h.  */
| 
| #define PACKAGE_NAME ""
| #define PACKAGE_TARNAME ""
| #define PACKAGE_VERSION ""
| #define PACKAGE_STRING ""
| #define PACKAGE_BUGREPORT ""
| /* end confdefs.h.  */
| extern "C" void std::exit (int); using std::exit;
| #include <stdlib.h>
| int
| main ()
| {
| exit (42);
|   ;
|   return 0;
| }
configure:2705: g++ -c -g -O2  conftest.cc >&5
configure:2711: $? = 0
configure:2715: test -z 
			 || test ! -s conftest.err
configure:2718: $? = 0
configure:2721: test -s conftest.o
configure:2724: $? = 0
configure:2750: g++ -c -g -O2  conftest.cc >&5
configure:2756: $? = 0
configure:2760: test -z 
			 || test ! -s conftest.err
configure:2763: $? = 0
configure:2766: test -s conftest.o
configure:2769: $? = 0
configure:2833: checking for ranlib
configure:2849: found /usr/bin/ranlib
configure:2860: result: ranlib
configure:2877: checking how to run the C preprocessor
configure:2912: gcc -E  conftest.c
configure:2918: $? = 0
configure:2950: gcc -E  conftest.c
conftest.c:12:10: fatal error: 'ac_nonexistent.h' file not found
#include <ac_nonexistent.h>
         ^
1 error generated.
configure:2956: $? = 1
configure: failed program was:
| /* confdefs.h.  */
| 
| #define PACKAGE_NAME ""
| #define PACKAGE_TARNAME ""
| #define PACKAGE_VERSION ""
| #define PACKAGE_STRING ""
| #define PACKAGE_BUGREPORT ""
| #ifdef __cplusplus
| extern "C" void exit (int) throw ();
| #endif
| /* end confdefs.h.  */
| #include <ac_nonexistent.h>
configure:2995: result: gcc -E
configure:3019: gcc -E  conftest.c
configure:3025: $? = 0
configure:3057: gcc -E  conftest.c
conftest.c:12:10: fatal error: 'ac_nonexistent.h' file not found
#include <ac_nonexistent.h>
         ^
1 error generated.
configure:3063: $? = 1
configure: failed program was:
| /* confdefs.h.  */
| 
| #define PACKAGE_NAME ""
| #define PACKAGE_TARNAME ""
| #define PACKAGE_VERSION ""
| #define PACKAGE_STRING ""
| #define PACKAGE_BUGREPORT ""
| #ifdef __cplusplus
| extern "C" void exit (int) throw ();
| #endif
| /* end confdefs.h.  */
| #include <ac_nonexistent.h>
configure:3107: Building for darwin14.5.0
configure:3115: checking for mixed cygwin or msys and native VC++ environment
configure:3140: result: no
configure:3156: checking for mixed cygwin and native MinGW environment
configure:3174: result: no
configure:3183: checking if we mix cygwin with any native compiler
configure:3189: result: no
configure:3195: checking if we mix msys with another native compiler
configure:3201: result: no
configure:3216: checking for egrep
configure:3226: result: grep -E
configure:3231: checking for ANSI C header files
configure:3256: gcc -c -O0  conftest.c >&5
configure:3262: $? = 0
configure:3266: test -z 
			 || test ! -s conftest.err
configure:3269: $? = 0
configure:3272: test -s conftest.o
configure:3275: $? = 0
configure:3364: gcc -o conftest -O0   conftest.c  >&5
conftest.c:29:7: warning: implicitly declaring library function 'exit' with type 'void (int) __attribute__((noreturn))'
      exit(2);
      ^
conftest.c:29:7: note: include the header <stdlib.h> or explicitly provide a declaration for 'exit'
1 warning generated.
configure:3367: $? = 0
configure:3369: ./conftest
configure:3372: $? = 0
configure:3387: result: yes
configure:3411: checking for sys/types.h
configure:3427: gcc -c -O0  conftest.c >&5
configure:3433: $? = 0
configure:3437: test -z 
			 || test ! -s conftest.err
configure:3440: $? = 0
configure:3443: test -s conftest.o
configure:3446: $? = 0
configure:3457: result: yes
configure:3411: checking for sys/stat.h
configure:3427: gcc -c -O0  conftest.c >&5
configure:3433: $? = 0
configure:3437: test -z 
			 || test ! -s conftest.err
configure:3440: $? = 0
configure:3443: test -s conftest.o
configure:3446: $? = 0
configure:3457: result: yes
configure:3411: checking for stdlib.h
configure:3427: gcc -c -O0  conftest.c >&5
configure:3433: $? = 0
configure:3437: test -z 
			 || test ! -s conftest.err
configure:3440: $? = 0
configure:3443: test -s conftest.o
configure:3446: $? = 0
configure:3457: result: yes
configure:3411: checking for string.h
configure:3427: gcc -c -O0  conftest.c >&5
configure:3433: $? = 0
configure:3437: test -z 
			 || test ! -s conftest.err
configure:3440: $? = 0
configure:3443: test -s conftest.o
configure:3446: $? = 0
configure:3457: result: yes
configure:3411: checking for memory.h
configure:3427: gcc -c -O0  conftest.c >&5
configure:3433: $? = 0
configure:3437: test -z 
			 || test ! -s conftest.err
configure:3440: $? = 0
configure:3443: test -s conftest.o
configure:3446: $? = 0
configure:3457: result: yes
configure:3411: checking for strings.h
configure:3427: gcc -c -O0  conftest.c >&5
configure:3433: $? = 0
configure:3437: test -z 
			 || test ! -s conftest.err
configure:3440: $? = 0
configure:3443: test -s conftest.o
configure:3446: $? = 0
configure:3457: result: yes
configure:3411: checking for inttypes.h
configure:3427: gcc -c -O0  conftest.c >&5
configure:3433: $? = 0
configure:3437: test -z 
			 || test ! -s conftest.err
configure:3440: $? = 0
configure:3443: test -s conftest.o
configure:3446: $? = 0
configure:3457: result: yes
configure:3411: checking for stdint.h
configure:3427: gcc -c -O0  conftest.c >&5
configure:3433: $? = 0
configure:3437: test -z 
			 || test ! -s conftest.err
configure:3440: $? = 0
configure:3443: test -s conftest.o
configure:3446: $? = 0
configure:3457: result: yes
configure:3411: checking for unistd.h
configure:3427: gcc -c -O0  conftest.c >&5
configure:3433: $? = 0
configure:3437: test -z 
			 || test ! -s conftest.err
configure:3440: $? = 0
configure:3443: test -s conftest.o
configure:3446: $? = 0
configure:3457: result: yes
configure:3469: checking for void *
configure:3493: gcc -c -O0  conftest.c >&5
configure:3499: $? = 0
configure:3503: test -z 
			 || test ! -s conftest.err
configure:3506: $? = 0
configure:3509: test -s conftest.o
configure:3512: $? = 0
configure:3523: result: yes
configure:3526: checking size of void *
configure:3845: gcc -o conftest -O0   conftest.c  >&5
configure:3848: $? = 0
configure:3850: ./conftest
configure:3853: $? = 0
configure:3876: result: 8
configure:3891: checking Checking wxWidgets for min version:
configure:3895: result: -mmacosx-version-min=10.10
configure:3898: checking if compiler accepts -ObjC
configure:3917: gcc -c -O0 -ObjC  conftest.c >&5
configure:3923: $? = 0
configure:3927: test -z 
			 || test ! -s conftest.err
configure:3930: $? = 0
configure:3933: test -s conftest.o
configure:3936: $? = 0
configure:3947: result: yes
configure:4089: checking GL/gl.h usability
configure:4101: gcc -c -g -Wall -fPIC -O0 -mmacosx-version-min=10.10 -Wno-deprecated-declarations -fno-strict-aliasing  -D_MACOSX -D_THREAD_SAFE -D_REENTRANT conftest.c >&5
conftest.c:57:10: fatal error: 'GL/gl.h' file not found
#include <GL/gl.h>
         ^
1 error generated.
configure:4107: $? = 1
configure: failed program was:
| /* confdefs.h.  */
| 
| #define PACKAGE_NAME ""
| #define PACKAGE_TARNAME ""
| #define PACKAGE_VERSION ""
| #define PACKAGE_STRING ""
| #define PACKAGE_BUGREPORT ""
| #ifdef __cplusplus
| extern "C" void exit (int) throw ();
| #endif
| #define STDC_HEADERS 1
| #define HAVE_SYS_TYPES_H 1
| #define HAVE_SYS_STAT_H 1
| #define HAVE_STDLIB_H 1
| #define HAVE_STRING_H 1
| #define HAVE_MEMORY_H 1
| #define HAVE_STRINGS_H 1
| #define HAVE_INTTYPES_H 1
| #define HAVE_STDINT_H 1
| #define HAVE_UNISTD_H 1
| #define SIZEOF_VOID_P 8
| /* end confdefs.h.  */
| #include <stdio.h>
| #if HAVE_SYS_TYPES_H
| # include <sys/types.h>
| #endif
| #if HAVE_SYS_STAT_H
| # include <sys/stat.h>
| #endif
| #if STDC_HEADERS
| # include <stdlib.h>
| # include <stddef.h>
| #else
| # if HAVE_STDLIB_H
| #  include <stdlib.h>
| # endif
| #endif
| #if HAVE_STRING_H
| # if !STDC_HEADERS && HAVE_MEMORY_H
| #  include <memory.h>
| # endif
| # include <string.h>
| #endif
| #if HAVE_STRINGS_H
| # include <strings.h>
| #endif
| #if HAVE_INTTYPES_H
| # include <inttypes.h>
| #else
| # if HAVE_STDINT_H
| #  include <stdint.h>
| # endif
| #endif
| #if HAVE_UNISTD_H
| # include <unistd.h>
| #endif
| #include <GL/gl.h>
configure:4130: result: no
configure:4134: checking GL/gl.h presence
configure:4144: gcc -E  -D_MACOSX -D_THREAD_SAFE -D_REENTRANT conftest.c
conftest.c:23:10: fatal error: 'GL/gl.h' file not found
#include <GL/gl.h>
         ^
1 error generated.
configure:4150: $? = 1
configure: failed program was:
| /* confdefs.h.  */
| 
| #define PACKAGE_NAME ""
| #define PACKAGE_TARNAME ""
| #define PACKAGE_VERSION ""
| #define PACKAGE_STRING ""
| #define PACKAGE_BUGREPORT ""
| #ifdef __cplusplus
| extern "C" void exit (int) throw ();
| #endif
| #define STDC_HEADERS 1
| #define HAVE_SYS_TYPES_H 1
| #define HAVE_SYS_STAT_H 1
| #define HAVE_STDLIB_H 1
| #define HAVE_STRING_H 1
| #define HAVE_MEMORY_H 1
| #define HAVE_STRINGS_H 1
| #define HAVE_INTTYPES_H 1
| #define HAVE_STDINT_H 1
| #define HAVE_UNISTD_H 1
| #define SIZEOF_VOID_P 8
| /* end confdefs.h.  */
| #include <GL/gl.h>
configure:4170: result: no
configure:4205: checking for GL/gl.h
configure:4212: result: no
configure:4236: checking OpenGL/gl.h usability
configure:4248: gcc -c -g -Wall -fPIC -O0 -mmacosx-version-min=10.10 -Wno-deprecated-declarations -fno-strict-aliasing  -D_MACOSX -D_THREAD_SAFE -D_REENTRANT conftest.c >&5
configure:4254: $? = 0
configure:4258: test -z 
			 || test ! -s conftest.err
configure:4261: $? = 0
configure:4264: test -s conftest.o
configure:4267: $? = 0
configure:4277: result: yes
configure:4281: checking OpenGL/gl.h presence
configure:4291: gcc -E  -D_MACOSX -D_THREAD_SAFE -D_REENTRANT conftest.c
configure:4297: $? = 0
configure:4317: result: yes
configure:4352: checking for OpenGL/gl.h
configure:4359: result: yes
configure:4779: checking GL/glu.h usability
configure:4791: gcc -c -g -Wall -fPIC -O0 -mmacosx-version-min=10.10 -Wno-deprecated-declarations -fno-strict-aliasing  -D_MACOSX -D_THREAD_SAFE -D_REENTRANT conftest.c >&5
conftest.c:58:10: fatal error: 'GL/glu.h' file not found
#include <GL/glu.h>
         ^
1 error generated.
configure:4797: $? = 1
configure: failed program was:
| /* confdefs.h.  */
| 
| #define PACKAGE_NAME ""
| #define PACKAGE_TARNAME ""
| #define PACKAGE_VERSION ""
| #define PACKAGE_STRING ""
| #define PACKAGE_BUGREPORT ""
| #ifdef __cplusplus
| extern "C" void exit (int) throw ();
| #endif
| #define STDC_HEADERS 1
| #define HAVE_SYS_TYPES_H 1
| #define HAVE_SYS_STAT_H 1
| #define HAVE_STDLIB_H 1
| #define HAVE_STRING_H 1
| #define HAVE_MEMORY_H 1
| #define HAVE_STRINGS_H 1
| #define HAVE_INTTYPES_H 1
| #define HAVE_STDINT_H 1
| #define HAVE_UNISTD_H 1
| #define SIZEOF_VOID_P 8
| #define HAVE_OPENGL_GL_H 1
| /* end confdefs.h.  */
| #include <stdio.h>
| #if HAVE_SYS_TYPES_H
| # include <sys/types.h>
| #endif
| #if HAVE_SYS_STAT_H
| # include <sys/stat.h>
| #endif
| #if STDC_HEADERS
| # include <stdlib.h>
| # include <stddef.h>
| #else
| # if HAVE_STDLIB_H
| #  include <stdlib.h>
| # endif
| #endif
| #if HAVE_STRING_H
| # if !STDC_HEADERS && HAVE_MEMORY_H
| #  include <memory.h>
| # endif
| # include <string.h>
| #endif
| #if HAVE_STRINGS_H
| # include <strings.h>
| #endif
| #if HAVE_INTTYPES_H
| # include <inttypes.h>
| #else
| # if HAVE_STDINT_H
| #  include <stdint.h>
| # endif
| #endif
| #if HAVE_UNISTD_H
| # include <unistd.h>
| #endif
| #include <GL/glu.h>
configure:4820: result: no
configure:4824: checking GL/glu.h presence
configure:4834: gcc -E  -D_MACOSX -D_THREAD_SAFE -D_REENTRANT conftest.c
conftest.c:24:10: fatal error: 'GL/glu.h' file not found
#include <GL/glu.h>
         ^
1 error generated.
configure:4840: $? = 1
configure: failed program was:
| /* confdefs.h.  */
| 
| #define PACKAGE_NAME ""
| #define PACKAGE_TARNAME ""
| #define PACKAGE_VERSION ""
| #define PACKAGE_STRING ""
| #define PACKAGE_BUGREPORT ""
| #ifdef __cplusplus
| extern "C" void exit (int) throw ();
| #endif
| #define STDC_HEADERS 1
| #define HAVE_SYS_TYPES_H 1
| #define HAVE_SYS_STAT_H 1
| #define HAVE_STDLIB_H 1
| #define HAVE_STRING_H 1
| #define HAVE_MEMORY_H 1
| #define HAVE_STRINGS_H 1
| #define HAVE_INTTYPES_H 1
| #define HAVE_STDINT_H 1
| #define HAVE_UNISTD_H 1
| #define SIZEOF_VOID_P 8
| #define HAVE_OPENGL_GL_H 1
| /* end confdefs.h.  */
| #include <GL/glu.h>
configure:4860: result: no
configure:4895: checking for GL/glu.h
configure:4902: result: no
configure:4926: checking OpenGL/glu.h usability
configure:4938: gcc -c -g -Wall -fPIC -O0 -mmacosx-version-min=10.10 -Wno-deprecated-declarations -fno-strict-aliasing  -D_MACOSX -D_THREAD_SAFE -D_REENTRANT conftest.c >&5
configure:4944: $? = 0
configure:4948: test -z 
			 || test ! -s conftest.err
configure:4951: $? = 0
configure:4954: test -s conftest.o
configure:4957: $? = 0
configure:4967: result: yes
configure:4971: checking OpenGL/glu.h presence
configure:4981: gcc -E  -D_MACOSX -D_THREAD_SAFE -D_REENTRANT conftest.c
configure:4987: $? = 0
configure:5007: result: yes
configure:5042: checking for OpenGL/glu.h
configure:5049: result: yes
configure:5308: checking for debug build of wxWidgets
configure:5342: checking for wx-config
configure:5361: found /usr/local/bin/wx-config
configure:5374: result: /usr/local/bin/wx-config
configure:5391: checking for wxWidgets version >= 2.8.4 (--unicode --debug=yes)
configure:5434: result: yes (version 3.0.2)
configure:5438: checking for wxWidgets static library
configure:5442: result: no
configure:5584: checking for standard build of wxWidgets
configure:5617: checking for wx-config
configure:5649: result: /usr/local/bin/wx-config
configure:5666: checking for wxWidgets version >= 2.8.4 (--unicode --debug=no)
configure:5709: result: yes (version 3.0.2)
configure:5713: checking for wxWidgets static library
configure:5717: result: no
configure:6043: checking if wxwidgets have opengl support
configure:6082: g++ -c  -g -Wall -fPIC -O0 -mmacosx-version-min=10.10 -Wno-deprecated-declarations -fno-strict-aliasing  -D_MACOSX -D_THREAD_SAFE -D_REENTRANT -I/usr/local/Cellar/wxmac/3.0.2_1/lib/wx/include/osx_cocoa-unicode-3.0 -I/usr/local/Cellar/wxmac/3.0.2_1/include/wx-3.0 -D_FILE_OFFSET_BITS=64 -DwxDEBUG_LEVEL=0 -DWXUSINGDLL -D__WXMAC__ -D__WXOSX__ -D__WXOSX_COCOA__   -D_MACOSX -D_THREAD_SAFE -D_REENTRANT conftest.cc >&5
In file included from conftest.cc:29:
In file included from /usr/local/Cellar/wxmac/3.0.2_1/include/wx-3.0/wx/wx.h:24:
In file included from /usr/local/Cellar/wxmac/3.0.2_1/include/wx-3.0/wx/event.h:21:
In file included from /usr/local/Cellar/wxmac/3.0.2_1/include/wx-3.0/wx/cursor.h:60:
In file included from /usr/local/Cellar/wxmac/3.0.2_1/include/wx-3.0/wx/osx/cursor.h:14:
In file included from /usr/local/Cellar/wxmac/3.0.2_1/include/wx-3.0/wx/bitmap.h:20:
In file included from /usr/local/Cellar/wxmac/3.0.2_1/include/wx-3.0/wx/colour.h:55:
In file included from /usr/local/Cellar/wxmac/3.0.2_1/include/wx-3.0/wx/variant.h:401:
/usr/local/Cellar/wxmac/3.0.2_1/include/wx-3.0/wx/any.h:336:5: warning: expression with side effects will be evaluated despite being used as an operand to 'typeid' [-Wpotentially-evaluated-expression]
    WX_DECLARE_ANY_VALUE_TYPE(wxAnyValueTypeImpl<T>)
    ^
/usr/local/Cellar/wxmac/3.0.2_1/include/wx-3.0/wx/any.h:167:25: note: expanded from macro 'WX_DECLARE_ANY_VALUE_TYPE'
        return wxTypeId(*sm_instance.get()) == wxTypeId(*otherType); \
                        ^
/usr/local/Cellar/wxmac/3.0.2_1/include/wx-3.0/wx/typeinfo.h:84:47: note: expanded from macro 'wxTypeId'
#define wxTypeId(OBJ) wxTypeIdentifier(typeid(OBJ).name())
                                              ^
In file included from conftest.cc:29:
In file included from /usr/local/Cellar/wxmac/3.0.2_1/include/wx-3.0/wx/wx.h:24:
In file included from /usr/local/Cellar/wxmac/3.0.2_1/include/wx-3.0/wx/event.h:21:
In file included from /usr/local/Cellar/wxmac/3.0.2_1/include/wx-3.0/wx/cursor.h:60:
In file included from /usr/local/Cellar/wxmac/3.0.2_1/include/wx-3.0/wx/osx/cursor.h:14:
In file included from /usr/local/Cellar/wxmac/3.0.2_1/include/wx-3.0/wx/bitmap.h:20:
In file included from /usr/local/Cellar/wxmac/3.0.2_1/include/wx-3.0/wx/colour.h:55:
In file included from /usr/local/Cellar/wxmac/3.0.2_1/include/wx-3.0/wx/variant.h:401:
/usr/local/Cellar/wxmac/3.0.2_1/include/wx-3.0/wx/any.h:413:5: warning: expression with side effects will be evaluated despite being used as an operand to 'typeid' [-Wpotentially-evaluated-expression]
    WX_DECLARE_ANY_VALUE_TYPE(wxAnyValueTypeImplInt)
    ^
/usr/local/Cellar/wxmac/3.0.2_1/include/wx-3.0/wx/any.h:167:25: note: expanded from macro 'WX_DECLARE_ANY_VALUE_TYPE'
        return wxTypeId(*sm_instance.get()) == wxTypeId(*otherType); \
                        ^
/usr/local/Cellar/wxmac/3.0.2_1/include/wx-3.0/wx/typeinfo.h:84:47: note: expanded from macro 'wxTypeId'
#define wxTypeId(OBJ) wxTypeIdentifier(typeid(OBJ).name())
                                              ^
In file included from conftest.cc:29:
In file included from /usr/local/Cellar/wxmac/3.0.2_1/include/wx-3.0/wx/wx.h:24:
In file included from /usr/local/Cellar/wxmac/3.0.2_1/include/wx-3.0/wx/event.h:21:
In file included from /usr/local/Cellar/wxmac/3.0.2_1/include/wx-3.0/wx/cursor.h:60:
In file included from /usr/local/Cellar/wxmac/3.0.2_1/include/wx-3.0/wx/osx/cursor.h:14:
In file included from /usr/local/Cellar/wxmac/3.0.2_1/include/wx-3.0/wx/bitmap.h:20:
In file included from /usr/local/Cellar/wxmac/3.0.2_1/include/wx-3.0/wx/colour.h:55:
In file included from /usr/local/Cellar/wxmac/3.0.2_1/include/wx-3.0/wx/variant.h:401:
/usr/local/Cellar/wxmac/3.0.2_1/include/wx-3.0/wx/any.h:428:5: warning: expression with side effects will be evaluated despite being used as an operand to 'typeid' [-Wpotentially-evaluated-expression]
    WX_DECLARE_ANY_VALUE_TYPE(wxAnyValueTypeImplUint)
    ^
/usr/local/Cellar/wxmac/3.0.2_1/include/wx-3.0/wx/any.h:167:25: note: expanded from macro 'WX_DECLARE_ANY_VALUE_TYPE'
        return wxTypeId(*sm_instance.get()) == wxTypeId(*otherType); \
                        ^
/usr/local/Cellar/wxmac/3.0.2_1/include/wx-3.0/wx/typeinfo.h:84:47: note: expanded from macro 'wxTypeId'
#define wxTypeId(OBJ) wxTypeIdentifier(typeid(OBJ).name())
                                              ^
In file included from conftest.cc:29:
In file included from /usr/local/Cellar/wxmac/3.0.2_1/include/wx-3.0/wx/wx.h:24:
In file included from /usr/local/Cellar/wxmac/3.0.2_1/include/wx-3.0/wx/event.h:21:
In file included from /usr/local/Cellar/wxmac/3.0.2_1/include/wx-3.0/wx/cursor.h:60:
In file included from /usr/local/Cellar/wxmac/3.0.2_1/include/wx-3.0/wx/osx/cursor.h:14:
In file included from /usr/local/Cellar/wxmac/3.0.2_1/include/wx-3.0/wx/bitmap.h:20:
In file included from /usr/local/Cellar/wxmac/3.0.2_1/include/wx-3.0/wx/colour.h:55:
In file included from /usr/local/Cellar/wxmac/3.0.2_1/include/wx-3.0/wx/variant.h:401:
/usr/local/Cellar/wxmac/3.0.2_1/include/wx-3.0/wx/any.h:502:1: warning: expression with side effects will be evaluated despite being used as an operand to 'typeid' [-Wpotentially-evaluated-expression]
WX_ANY_DEFINE_CONVERTIBLE_TYPE_BASE(wxString, wxString, wxAnyConvertString)
^
/usr/local/Cellar/wxmac/3.0.2_1/include/wx-3.0/wx/any.h:489:68: note: expanded from macro 'WX_ANY_DEFINE_CONVERTIBLE_TYPE_BASE'
#define WX_ANY_DEFINE_CONVERTIBLE_TYPE_BASE(T, TYPENAME, CONVFUNC) \
                                                                   ^
/usr/local/Cellar/wxmac/3.0.2_1/include/wx-3.0/wx/any.h:465:5: note: expanded from macro '\
_WX_ANY_DEFINE_CONVERTIBLE_TYPE'
    WX_DECLARE_ANY_VALUE_TYPE(wxAnyValueTypeImpl##TYPENAME) \
    ^
/usr/local/Cellar/wxmac/3.0.2_1/include/wx-3.0/wx/any.h:167:25: note: expanded from macro 'WX_DECLARE_ANY_VALUE_TYPE'
        return wxTypeId(*sm_instance.get()) == wxTypeId(*otherType); \
                        ^
/usr/local/Cellar/wxmac/3.0.2_1/include/wx-3.0/wx/typeinfo.h:84:47: note: expanded from macro 'wxTypeId'
#define wxTypeId(OBJ) wxTypeIdentifier(typeid(OBJ).name())
                                              ^
In file included from conftest.cc:29:
In file included from /usr/local/Cellar/wxmac/3.0.2_1/include/wx-3.0/wx/wx.h:24:
In file included from /usr/local/Cellar/wxmac/3.0.2_1/include/wx-3.0/wx/event.h:21:
In file included from /usr/local/Cellar/wxmac/3.0.2_1/include/wx-3.0/wx/cursor.h:60:
In file included from /usr/local/Cellar/wxmac/3.0.2_1/include/wx-3.0/wx/osx/cursor.h:14:
In file included from /usr/local/Cellar/wxmac/3.0.2_1/include/wx-3.0/wx/bitmap.h:20:
In file included from /usr/local/Cellar/wxmac/3.0.2_1/include/wx-3.0/wx/colour.h:55:
In file included from /usr/local/Cellar/wxmac/3.0.2_1/include/wx-3.0/wx/variant.h:401:
/usr/local/Cellar/wxmac/3.0.2_1/include/wx-3.0/wx/any.h:503:1: warning: expression with side effects will be evaluated despite being used as an operand to 'typeid' [-Wpotentially-evaluated-expression]
WX_ANY_DEFINE_CONVERTIBLE_TYPE(const char*, ConstCharPtr,
^
/usr/local/Cellar/wxmac/3.0.2_1/include/wx-3.0/wx/any.h:486:67: note: expanded from macro 'WX_ANY_DEFINE_CONVERTIBLE_TYPE'
#define WX_ANY_DEFINE_CONVERTIBLE_TYPE(T, TYPENAME, CONVFUNC, BT) \
                                                                  ^
/usr/local/Cellar/wxmac/3.0.2_1/include/wx-3.0/wx/any.h:465:5: note: expanded from macro '\
_WX_ANY_DEFINE_CONVERTIBLE_TYPE'
    WX_DECLARE_ANY_VALUE_TYPE(wxAnyValueTypeImpl##TYPENAME) \
    ^
/usr/local/Cellar/wxmac/3.0.2_1/include/wx-3.0/wx/any.h:167:25: note: expanded from macro 'WX_DECLARE_ANY_VALUE_TYPE'
        return wxTypeId(*sm_instance.get()) == wxTypeId(*otherType); \
                        ^
/usr/local/Cellar/wxmac/3.0.2_1/include/wx-3.0/wx/typeinfo.h:84:47: note: expanded from macro 'wxTypeId'
#define wxTypeId(OBJ) wxTypeIdentifier(typeid(OBJ).name())
                                              ^
In file included from conftest.cc:29:
In file included from /usr/local/Cellar/wxmac/3.0.2_1/include/wx-3.0/wx/wx.h:24:
In file included from /usr/local/Cellar/wxmac/3.0.2_1/include/wx-3.0/wx/event.h:21:
In file included from /usr/local/Cellar/wxmac/3.0.2_1/include/wx-3.0/wx/cursor.h:60:
In file included from /usr/local/Cellar/wxmac/3.0.2_1/include/wx-3.0/wx/osx/cursor.h:14:
In file included from /usr/local/Cellar/wxmac/3.0.2_1/include/wx-3.0/wx/bitmap.h:20:
In file included from /usr/local/Cellar/wxmac/3.0.2_1/include/wx-3.0/wx/colour.h:55:
In file included from /usr/local/Cellar/wxmac/3.0.2_1/include/wx-3.0/wx/variant.h:401:
/usr/local/Cellar/wxmac/3.0.2_1/include/wx-3.0/wx/any.h:505:1: warning: expression with side effects will be evaluated despite being used as an operand to 'typeid' [-Wpotentially-evaluated-expression]
WX_ANY_DEFINE_CONVERTIBLE_TYPE(const wchar_t*, ConstWchar_tPtr,
^
/usr/local/Cellar/wxmac/3.0.2_1/include/wx-3.0/wx/any.h:486:67: note: expanded from macro 'WX_ANY_DEFINE_CONVERTIBLE_TYPE'
#define WX_ANY_DEFINE_CONVERTIBLE_TYPE(T, TYPENAME, CONVFUNC, BT) \
                                                                  ^
/usr/local/Cellar/wxmac/3.0.2_1/include/wx-3.0/wx/any.h:465:5: note: expanded from macro '\
_WX_ANY_DEFINE_CONVERTIBLE_TYPE'
    WX_DECLARE_ANY_VALUE_TYPE(wxAnyValueTypeImpl##TYPENAME) \
    ^
/usr/local/Cellar/wxmac/3.0.2_1/include/wx-3.0/wx/any.h:167:25: note: expanded from macro 'WX_DECLARE_ANY_VALUE_TYPE'
        return wxTypeId(*sm_instance.get()) == wxTypeId(*otherType); \
                        ^
/usr/local/Cellar/wxmac/3.0.2_1/include/wx-3.0/wx/typeinfo.h:84:47: note: expanded from macro 'wxTypeId'
#define wxTypeId(OBJ) wxTypeIdentifier(typeid(OBJ).name())
                                              ^
In file included from conftest.cc:29:
In file included from /usr/local/Cellar/wxmac/3.0.2_1/include/wx-3.0/wx/wx.h:24:
In file included from /usr/local/Cellar/wxmac/3.0.2_1/include/wx-3.0/wx/event.h:21:
In file included from /usr/local/Cellar/wxmac/3.0.2_1/include/wx-3.0/wx/cursor.h:60:
In file included from /usr/local/Cellar/wxmac/3.0.2_1/include/wx-3.0/wx/osx/cursor.h:14:
In file included from /usr/local/Cellar/wxmac/3.0.2_1/include/wx-3.0/wx/bitmap.h:20:
In file included from /usr/local/Cellar/wxmac/3.0.2_1/include/wx-3.0/wx/colour.h:55:
In file included from /usr/local/Cellar/wxmac/3.0.2_1/include/wx-3.0/wx/variant.h:401:
/usr/local/Cellar/wxmac/3.0.2_1/include/wx-3.0/wx/any.h:515:5: warning: expression with side effects will be evaluated despite being used as an operand to 'typeid' [-Wpotentially-evaluated-expression]
    WX_DECLARE_ANY_VALUE_TYPE(wxAnyValueTypeImpl<bool>)
    ^
/usr/local/Cellar/wxmac/3.0.2_1/include/wx-3.0/wx/any.h:167:25: note: expanded from macro 'WX_DECLARE_ANY_VALUE_TYPE'
        return wxTypeId(*sm_instance.get()) == wxTypeId(*otherType); \
                        ^
/usr/local/Cellar/wxmac/3.0.2_1/include/wx-3.0/wx/typeinfo.h:84:47: note: expanded from macro 'wxTypeId'
#define wxTypeId(OBJ) wxTypeIdentifier(typeid(OBJ).name())
                                              ^
In file included from conftest.cc:29:
In file included from /usr/local/Cellar/wxmac/3.0.2_1/include/wx-3.0/wx/wx.h:24:
In file included from /usr/local/Cellar/wxmac/3.0.2_1/include/wx-3.0/wx/event.h:21:
In file included from /usr/local/Cellar/wxmac/3.0.2_1/include/wx-3.0/wx/cursor.h:60:
In file included from /usr/local/Cellar/wxmac/3.0.2_1/include/wx-3.0/wx/osx/cursor.h:14:
In file included from /usr/local/Cellar/wxmac/3.0.2_1/include/wx-3.0/wx/bitmap.h:20:
In file included from /usr/local/Cellar/wxmac/3.0.2_1/include/wx-3.0/wx/colour.h:55:
In file included from /usr/local/Cellar/wxmac/3.0.2_1/include/wx-3.0/wx/variant.h:401:
/usr/local/Cellar/wxmac/3.0.2_1/include/wx-3.0/wx/any.h:532:5: warning: expression with side effects will be evaluated despite being used as an operand to 'typeid' [-Wpotentially-evaluated-expression]
    WX_DECLARE_ANY_VALUE_TYPE(wxAnyValueTypeImplDouble)
    ^
/usr/local/Cellar/wxmac/3.0.2_1/include/wx-3.0/wx/any.h:167:25: note: expanded from macro 'WX_DECLARE_ANY_VALUE_TYPE'
        return wxTypeId(*sm_instance.get()) == wxTypeId(*otherType); \
                        ^
/usr/local/Cellar/wxmac/3.0.2_1/include/wx-3.0/wx/typeinfo.h:84:47: note: expanded from macro 'wxTypeId'
#define wxTypeId(OBJ) wxTypeIdentifier(typeid(OBJ).name())
                                              ^
In file included from conftest.cc:29:
In file included from /usr/local/Cellar/wxmac/3.0.2_1/include/wx-3.0/wx/wx.h:24:
In file included from /usr/local/Cellar/wxmac/3.0.2_1/include/wx-3.0/wx/event.h:21:
In file included from /usr/local/Cellar/wxmac/3.0.2_1/include/wx-3.0/wx/cursor.h:60:
In file included from /usr/local/Cellar/wxmac/3.0.2_1/include/wx-3.0/wx/osx/cursor.h:14:
In file included from /usr/local/Cellar/wxmac/3.0.2_1/include/wx-3.0/wx/bitmap.h:20:
In file included from /usr/local/Cellar/wxmac/3.0.2_1/include/wx-3.0/wx/colour.h:55:
In file included from /usr/local/Cellar/wxmac/3.0.2_1/include/wx-3.0/wx/variant.h:401:
/usr/local/Cellar/wxmac/3.0.2_1/include/wx-3.0/wx/any.h:586:5: warning: expression with side effects will be evaluated despite being used as an operand to 'typeid' [-Wpotentially-evaluated-expression]
    wxDECLARE_ANY_TYPE(wxDateTime, WXDLLIMPEXP_BASE)
    ^
/usr/local/Cellar/wxmac/3.0.2_1/include/wx-3.0/wx/any.h:560:5: note: expanded from macro 'wxDECLARE_ANY_TYPE'
    WX_DECLARE_ANY_VALUE_TYPE(wxAnyValueTypeImpl<CLS>) \
    ^
/usr/local/Cellar/wxmac/3.0.2_1/include/wx-3.0/wx/any.h:167:25: note: expanded from macro 'WX_DECLARE_ANY_VALUE_TYPE'
        return wxTypeId(*sm_instance.get()) == wxTypeId(*otherType); \
                        ^
/usr/local/Cellar/wxmac/3.0.2_1/include/wx-3.0/wx/typeinfo.h:84:47: note: expanded from macro 'wxTypeId'
#define wxTypeId(OBJ) wxTypeIdentifier(typeid(OBJ).name())
                                              ^
In file included from conftest.cc:29:
In file included from /usr/local/Cellar/wxmac/3.0.2_1/include/wx-3.0/wx/wx.h:24:
In file included from /usr/local/Cellar/wxmac/3.0.2_1/include/wx-3.0/wx/event.h:21:
In file included from /usr/local/Cellar/wxmac/3.0.2_1/include/wx-3.0/wx/cursor.h:60:
In file included from /usr/local/Cellar/wxmac/3.0.2_1/include/wx-3.0/wx/osx/cursor.h:14:
In file included from /usr/local/Cellar/wxmac/3.0.2_1/include/wx-3.0/wx/bitmap.h:20:
In file included from /usr/local/Cellar/wxmac/3.0.2_1/include/wx-3.0/wx/colour.h:55:
In file included from /usr/local/Cellar/wxmac/3.0.2_1/include/wx-3.0/wx/variant.h:401:
/usr/local/Cellar/wxmac/3.0.2_1/include/wx-3.0/wx/any.h:611:5: warning: expression with side effects will be evaluated despite being used as an operand to 'typeid' [-Wpotentially-evaluated-expression]
    WX_DECLARE_ANY_VALUE_TYPE(wxAnyValueTypeImplVariantData)
    ^
/usr/local/Cellar/wxmac/3.0.2_1/include/wx-3.0/wx/any.h:167:25: note: expanded from macro 'WX_DECLARE_ANY_VALUE_TYPE'
        return wxTypeId(*sm_instance.get()) == wxTypeId(*otherType); \
                        ^
/usr/local/Cellar/wxmac/3.0.2_1/include/wx-3.0/wx/typeinfo.h:84:47: note: expanded from macro 'wxTypeId'
#define wxTypeId(OBJ) wxTypeIdentifier(typeid(OBJ).name())
                                              ^
10 warnings generated.
configure:6088: $? = 0
configure:6092: test -z 
			 || test ! -s conftest.err
configure:6095: $? = 0
configure:6098: test -s conftest.o
configure:6101: $? = 0
configure:6124: result: yes
configure:6134: checking for GLintptr
configure:6167: gcc -c -g -Wall -fPIC -O0 -mmacosx-version-min=10.10 -Wno-deprecated-declarations -fno-strict-aliasing  -D_MACOSX -D_THREAD_SAFE -D_REENTRANT -ObjC  -D_MACOSX -D_THREAD_SAFE -D_REENTRANT conftest.c >&5
configure:6173: $? = 0
configure:6177: test -z 
			 || test ! -s conftest.err
configure:6180: $? = 0
configure:6183: test -s conftest.o
configure:6186: $? = 0
configure:6197: result: yes
configure:6207: checking for GLintptrARB
configure:6240: gcc -c -g -Wall -fPIC -O0 -mmacosx-version-min=10.10 -Wno-deprecated-declarations -fno-strict-aliasing  -D_MACOSX -D_THREAD_SAFE -D_REENTRANT -ObjC  -D_MACOSX -D_THREAD_SAFE -D_REENTRANT conftest.c >&5
configure:6246: $? = 0
configure:6250: test -z 
			 || test ! -s conftest.err
configure:6253: $? = 0
configure:6256: test -s conftest.o
configure:6259: $? = 0
configure:6270: result: yes
configure:6280: checking for GLchar
configure:6313: gcc -c -g -Wall -fPIC -O0 -mmacosx-version-min=10.10 -Wno-deprecated-declarations -fno-strict-aliasing  -D_MACOSX -D_THREAD_SAFE -D_REENTRANT -ObjC  -D_MACOSX -D_THREAD_SAFE -D_REENTRANT conftest.c >&5
configure:6319: $? = 0
configure:6323: test -z 
			 || test ! -s conftest.err
configure:6326: $? = 0
configure:6329: test -s conftest.o
configure:6332: $? = 0
configure:6343: result: yes
configure:6353: checking for GLcharARB
configure:6386: gcc -c -g -Wall -fPIC -O0 -mmacosx-version-min=10.10 -Wno-deprecated-declarations -fno-strict-aliasing  -D_MACOSX -D_THREAD_SAFE -D_REENTRANT -ObjC  -D_MACOSX -D_THREAD_SAFE -D_REENTRANT conftest.c >&5
configure:6392: $? = 0
configure:6396: test -z 
			 || test ! -s conftest.err
configure:6399: $? = 0
configure:6402: test -s conftest.o
configure:6405: $? = 0
configure:6416: result: yes
configure:6426: checking for GLhalfARB
configure:6459: gcc -c -g -Wall -fPIC -O0 -mmacosx-version-min=10.10 -Wno-deprecated-declarations -fno-strict-aliasing  -D_MACOSX -D_THREAD_SAFE -D_REENTRANT -ObjC  -D_MACOSX -D_THREAD_SAFE -D_REENTRANT conftest.c >&5
configure:6465: $? = 0
configure:6469: test -z 
			 || test ! -s conftest.err
configure:6472: $? = 0
configure:6475: test -s conftest.o
configure:6478: $? = 0
configure:6489: result: yes
configure:6499: checking for GLint64EXT
configure:6532: gcc -c -g -Wall -fPIC -O0 -mmacosx-version-min=10.10 -Wno-deprecated-declarations -fno-strict-aliasing  -D_MACOSX -D_THREAD_SAFE -D_REENTRANT -ObjC  -D_MACOSX -D_THREAD_SAFE -D_REENTRANT conftest.c >&5
configure:6538: $? = 0
configure:6542: test -z 
			 || test ! -s conftest.err
configure:6545: $? = 0
configure:6548: test -s conftest.o
configure:6551: $? = 0
configure:6562: result: yes
configure:6575: checking GLU Callbacks uses Tiger Style
configure:6618: g++ -c  -g -Wall -fPIC -O0 -mmacosx-version-min=10.10 -Wno-deprecated-declarations -fno-strict-aliasing  -D_MACOSX -D_THREAD_SAFE -D_REENTRANT -I/usr/local/Cellar/wxmac/3.0.2_1/lib/wx/include/osx_cocoa-unicode-3.0 -I/usr/local/Cellar/wxmac/3.0.2_1/include/wx-3.0 -D_FILE_OFFSET_BITS=64 -DwxDEBUG_LEVEL=0 -DWXUSINGDLL -D__WXMAC__ -D__WXOSX__ -D__WXOSX_COCOA__   -D_MACOSX -D_THREAD_SAFE -D_REENTRANT conftest.cc >&5
conftest.cc:51:6: error: no matching function for call to 'gluTessCallback'
                   gluTessCallback(tess,GLU_TESS_VERTEX,(GLvoid (*)(...)) foo);
                   ^~~~~~~~~~~~~~~
/System/Library/Frameworks/OpenGL.framework/Headers/glu.h:291:13: note: candidate function not viable: no known conversion from 'GLvoid (*)(...)' to 'GLvoid (*)()' for 3rd argument
extern void gluTessCallback (GLUtesselator* tess, GLenum which, GLvoid (*CallBackFunc)()) OPENGL_DEPRECATED(10_0, 10_9);
            ^
1 error generated.
configure:6624: $? = 1
configure: failed program was:
| /* confdefs.h.  */
| 
| #define PACKAGE_NAME ""
| #define PACKAGE_TARNAME ""
| #define PACKAGE_VERSION ""
| #define PACKAGE_STRING ""
| #define PACKAGE_BUGREPORT ""
| #ifdef __cplusplus
| extern "C" void exit (int) throw ();
| #endif
| #define STDC_HEADERS 1
| #define HAVE_SYS_TYPES_H 1
| #define HAVE_SYS_STAT_H 1
| #define HAVE_STDLIB_H 1
| #define HAVE_STRING_H 1
| #define HAVE_MEMORY_H 1
| #define HAVE_STRINGS_H 1
| #define HAVE_INTTYPES_H 1
| #define HAVE_STDINT_H 1
| #define HAVE_UNISTD_H 1
| #define SIZEOF_VOID_P 8
| #define HAVE_OPENGL_GL_H 1
| #define HAVE_OPENGL_GLU_H 1
| #define HAVE_GL_SUPPORT 1
| #define HAVE_GLINTPTR 1
| #define HAVE_GLINTPTRARB 1
| #define HAVE_GLCHAR 1
| #define HAVE_GLCHARARB 1
| #define HAVE_GLHALFARB 1
| #define HAVE_GLINT64EXT 1
| /* end confdefs.h.  */
| 
|                 #ifdef WIN32
| 		# include <windows.h>
| 	        # include <gl/glu.h>
| 	        #elif defined(HAVE_GL_GL_H)
| 	        # include <GL/glu.h>
|                 #elif defined(HAVE_OPENGL_GL_H)
| 		# include <OpenGL/glu.h>
| 		#endif
| 		#ifndef CALLBACK
| 		# define CALLBACK
| 		#endif
| 		void CALLBACK foo() {};
| 
| int
| main ()
| {
| 
| 		   GLUtesselator* tess;
| 		   gluTessCallback(tess,GLU_TESS_VERTEX,(GLvoid (*)(...)) foo);
| 
|   ;
|   return 0;
| }
configure:6652: result: no
configure:6661: checking for wx/stc/stc.h
configure:6680: g++ -c  -g -Wall -fPIC -O0 -mmacosx-version-min=10.10 -Wno-deprecated-declarations -fno-strict-aliasing  -D_MACOSX -D_THREAD_SAFE -D_REENTRANT -I/usr/local/Cellar/wxmac/3.0.2_1/lib/wx/include/osx_cocoa-unicode-3.0 -I/usr/local/Cellar/wxmac/3.0.2_1/include/wx-3.0 -D_FILE_OFFSET_BITS=64 -DwxDEBUG_LEVEL=0 -DWXUSINGDLL -D__WXMAC__ -D__WXOSX__ -D__WXOSX_COCOA__   -D_MACOSX -D_THREAD_SAFE -D_REENTRANT conftest.cc >&5
In file included from conftest.cc:35:
In file included from /usr/local/Cellar/wxmac/3.0.2_1/include/wx-3.0/wx/wx.h:24:
In file included from /usr/local/Cellar/wxmac/3.0.2_1/include/wx-3.0/wx/event.h:21:
In file included from /usr/local/Cellar/wxmac/3.0.2_1/include/wx-3.0/wx/cursor.h:60:
In file included from /usr/local/Cellar/wxmac/3.0.2_1/include/wx-3.0/wx/osx/cursor.h:14:
In file included from /usr/local/Cellar/wxmac/3.0.2_1/include/wx-3.0/wx/bitmap.h:20:
In file included from /usr/local/Cellar/wxmac/3.0.2_1/include/wx-3.0/wx/colour.h:55:
In file included from /usr/local/Cellar/wxmac/3.0.2_1/include/wx-3.0/wx/variant.h:401:
/usr/local/Cellar/wxmac/3.0.2_1/include/wx-3.0/wx/any.h:336:5: warning: expression with side effects will be evaluated despite being used as an operand to 'typeid' [-Wpotentially-evaluated-expression]
    WX_DECLARE_ANY_VALUE_TYPE(wxAnyValueTypeImpl<T>)
    ^
/usr/local/Cellar/wxmac/3.0.2_1/include/wx-3.0/wx/any.h:167:25: note: expanded from macro 'WX_DECLARE_ANY_VALUE_TYPE'
        return wxTypeId(*sm_instance.get()) == wxTypeId(*otherType); \
                        ^
/usr/local/Cellar/wxmac/3.0.2_1/include/wx-3.0/wx/typeinfo.h:84:47: note: expanded from macro 'wxTypeId'
#define wxTypeId(OBJ) wxTypeIdentifier(typeid(OBJ).name())
                                              ^
In file included from conftest.cc:35:
In file included from /usr/local/Cellar/wxmac/3.0.2_1/include/wx-3.0/wx/wx.h:24:
In file included from /usr/local/Cellar/wxmac/3.0.2_1/include/wx-3.0/wx/event.h:21:
In file included from /usr/local/Cellar/wxmac/3.0.2_1/include/wx-3.0/wx/cursor.h:60:
In file included from /usr/local/Cellar/wxmac/3.0.2_1/include/wx-3.0/wx/osx/cursor.h:14:
In file included from /usr/local/Cellar/wxmac/3.0.2_1/include/wx-3.0/wx/bitmap.h:20:
In file included from /usr/local/Cellar/wxmac/3.0.2_1/include/wx-3.0/wx/colour.h:55:
In file included from /usr/local/Cellar/wxmac/3.0.2_1/include/wx-3.0/wx/variant.h:401:
/usr/local/Cellar/wxmac/3.0.2_1/include/wx-3.0/wx/any.h:413:5: warning: expression with side effects will be evaluated despite being used as an operand to 'typeid' [-Wpotentially-evaluated-expression]
    WX_DECLARE_ANY_VALUE_TYPE(wxAnyValueTypeImplInt)
    ^
/usr/local/Cellar/wxmac/3.0.2_1/include/wx-3.0/wx/any.h:167:25: note: expanded from macro 'WX_DECLARE_ANY_VALUE_TYPE'
        return wxTypeId(*sm_instance.get()) == wxTypeId(*otherType); \
                        ^
/usr/local/Cellar/wxmac/3.0.2_1/include/wx-3.0/wx/typeinfo.h:84:47: note: expanded from macro 'wxTypeId'
#define wxTypeId(OBJ) wxTypeIdentifier(typeid(OBJ).name())
                                              ^
In file included from conftest.cc:35:
In file included from /usr/local/Cellar/wxmac/3.0.2_1/include/wx-3.0/wx/wx.h:24:
In file included from /usr/local/Cellar/wxmac/3.0.2_1/include/wx-3.0/wx/event.h:21:
In file included from /usr/local/Cellar/wxmac/3.0.2_1/include/wx-3.0/wx/cursor.h:60:
In file included from /usr/local/Cellar/wxmac/3.0.2_1/include/wx-3.0/wx/osx/cursor.h:14:
In file included from /usr/local/Cellar/wxmac/3.0.2_1/include/wx-3.0/wx/bitmap.h:20:
In file included from /usr/local/Cellar/wxmac/3.0.2_1/include/wx-3.0/wx/colour.h:55:
In file included from /usr/local/Cellar/wxmac/3.0.2_1/include/wx-3.0/wx/variant.h:401:
/usr/local/Cellar/wxmac/3.0.2_1/include/wx-3.0/wx/any.h:428:5: warning: expression with side effects will be evaluated despite being used as an operand to 'typeid' [-Wpotentially-evaluated-expression]
    WX_DECLARE_ANY_VALUE_TYPE(wxAnyValueTypeImplUint)
    ^
/usr/local/Cellar/wxmac/3.0.2_1/include/wx-3.0/wx/any.h:167:25: note: expanded from macro 'WX_DECLARE_ANY_VALUE_TYPE'
        return wxTypeId(*sm_instance.get()) == wxTypeId(*otherType); \
                        ^
/usr/local/Cellar/wxmac/3.0.2_1/include/wx-3.0/wx/typeinfo.h:84:47: note: expanded from macro 'wxTypeId'
#define wxTypeId(OBJ) wxTypeIdentifier(typeid(OBJ).name())
                                              ^
In file included from conftest.cc:35:
In file included from /usr/local/Cellar/wxmac/3.0.2_1/include/wx-3.0/wx/wx.h:24:
In file included from /usr/local/Cellar/wxmac/3.0.2_1/include/wx-3.0/wx/event.h:21:
In file included from /usr/local/Cellar/wxmac/3.0.2_1/include/wx-3.0/wx/cursor.h:60:
In file included from /usr/local/Cellar/wxmac/3.0.2_1/include/wx-3.0/wx/osx/cursor.h:14:
In file included from /usr/local/Cellar/wxmac/3.0.2_1/include/wx-3.0/wx/bitmap.h:20:
In file included from /usr/local/Cellar/wxmac/3.0.2_1/include/wx-3.0/wx/colour.h:55:
In file included from /usr/local/Cellar/wxmac/3.0.2_1/include/wx-3.0/wx/variant.h:401:
/usr/local/Cellar/wxmac/3.0.2_1/include/wx-3.0/wx/any.h:502:1: warning: expression with side effects will be evaluated despite being used as an operand to 'typeid' [-Wpotentially-evaluated-expression]
WX_ANY_DEFINE_CONVERTIBLE_TYPE_BASE(wxString, wxString, wxAnyConvertString)
^
/usr/local/Cellar/wxmac/3.0.2_1/include/wx-3.0/wx/any.h:489:68: note: expanded from macro 'WX_ANY_DEFINE_CONVERTIBLE_TYPE_BASE'
#define WX_ANY_DEFINE_CONVERTIBLE_TYPE_BASE(T, TYPENAME, CONVFUNC) \
                                                                   ^
/usr/local/Cellar/wxmac/3.0.2_1/include/wx-3.0/wx/any.h:465:5: note: expanded from macro '\
_WX_ANY_DEFINE_CONVERTIBLE_TYPE'
    WX_DECLARE_ANY_VALUE_TYPE(wxAnyValueTypeImpl##TYPENAME) \
    ^
/usr/local/Cellar/wxmac/3.0.2_1/include/wx-3.0/wx/any.h:167:25: note: expanded from macro 'WX_DECLARE_ANY_VALUE_TYPE'
        return wxTypeId(*sm_instance.get()) == wxTypeId(*otherType); \
                        ^
/usr/local/Cellar/wxmac/3.0.2_1/include/wx-3.0/wx/typeinfo.h:84:47: note: expanded from macro 'wxTypeId'
#define wxTypeId(OBJ) wxTypeIdentifier(typeid(OBJ).name())
                                              ^
In file included from conftest.cc:35:
In file included from /usr/local/Cellar/wxmac/3.0.2_1/include/wx-3.0/wx/wx.h:24:
In file included from /usr/local/Cellar/wxmac/3.0.2_1/include/wx-3.0/wx/event.h:21:
In file included from /usr/local/Cellar/wxmac/3.0.2_1/include/wx-3.0/wx/cursor.h:60:
In file included from /usr/local/Cellar/wxmac/3.0.2_1/include/wx-3.0/wx/osx/cursor.h:14:
In file included from /usr/local/Cellar/wxmac/3.0.2_1/include/wx-3.0/wx/bitmap.h:20:
In file included from /usr/local/Cellar/wxmac/3.0.2_1/include/wx-3.0/wx/colour.h:55:
In file included from /usr/local/Cellar/wxmac/3.0.2_1/include/wx-3.0/wx/variant.h:401:
/usr/local/Cellar/wxmac/3.0.2_1/include/wx-3.0/wx/any.h:503:1: warning: expression with side effects will be evaluated despite being used as an operand to 'typeid' [-Wpotentially-evaluated-expression]
WX_ANY_DEFINE_CONVERTIBLE_TYPE(const char*, ConstCharPtr,
^
/usr/local/Cellar/wxmac/3.0.2_1/include/wx-3.0/wx/any.h:486:67: note: expanded from macro 'WX_ANY_DEFINE_CONVERTIBLE_TYPE'
#define WX_ANY_DEFINE_CONVERTIBLE_TYPE(T, TYPENAME, CONVFUNC, BT) \
                                                                  ^
/usr/local/Cellar/wxmac/3.0.2_1/include/wx-3.0/wx/any.h:465:5: note: expanded from macro '\
_WX_ANY_DEFINE_CONVERTIBLE_TYPE'
    WX_DECLARE_ANY_VALUE_TYPE(wxAnyValueTypeImpl##TYPENAME) \
    ^
/usr/local/Cellar/wxmac/3.0.2_1/include/wx-3.0/wx/any.h:167:25: note: expanded from macro 'WX_DECLARE_ANY_VALUE_TYPE'
        return wxTypeId(*sm_instance.get()) == wxTypeId(*otherType); \
                        ^
/usr/local/Cellar/wxmac/3.0.2_1/include/wx-3.0/wx/typeinfo.h:84:47: note: expanded from macro 'wxTypeId'
#define wxTypeId(OBJ) wxTypeIdentifier(typeid(OBJ).name())
                                              ^
In file included from conftest.cc:35:
In file included from /usr/local/Cellar/wxmac/3.0.2_1/include/wx-3.0/wx/wx.h:24:
In file included from /usr/local/Cellar/wxmac/3.0.2_1/include/wx-3.0/wx/event.h:21:
In file included from /usr/local/Cellar/wxmac/3.0.2_1/include/wx-3.0/wx/cursor.h:60:
In file included from /usr/local/Cellar/wxmac/3.0.2_1/include/wx-3.0/wx/osx/cursor.h:14:
In file included from /usr/local/Cellar/wxmac/3.0.2_1/include/wx-3.0/wx/bitmap.h:20:
In file included from /usr/local/Cellar/wxmac/3.0.2_1/include/wx-3.0/wx/colour.h:55:
In file included from /usr/local/Cellar/wxmac/3.0.2_1/include/wx-3.0/wx/variant.h:401:
/usr/local/Cellar/wxmac/3.0.2_1/include/wx-3.0/wx/any.h:505:1: warning: expression with side effects will be evaluated despite being used as an operand to 'typeid' [-Wpotentially-evaluated-expression]
WX_ANY_DEFINE_CONVERTIBLE_TYPE(const wchar_t*, ConstWchar_tPtr,
^
/usr/local/Cellar/wxmac/3.0.2_1/include/wx-3.0/wx/any.h:486:67: note: expanded from macro 'WX_ANY_DEFINE_CONVERTIBLE_TYPE'
#define WX_ANY_DEFINE_CONVERTIBLE_TYPE(T, TYPENAME, CONVFUNC, BT) \
                                                                  ^
/usr/local/Cellar/wxmac/3.0.2_1/include/wx-3.0/wx/any.h:465:5: note: expanded from macro '\
_WX_ANY_DEFINE_CONVERTIBLE_TYPE'
    WX_DECLARE_ANY_VALUE_TYPE(wxAnyValueTypeImpl##TYPENAME) \
    ^
/usr/local/Cellar/wxmac/3.0.2_1/include/wx-3.0/wx/any.h:167:25: note: expanded from macro 'WX_DECLARE_ANY_VALUE_TYPE'
        return wxTypeId(*sm_instance.get()) == wxTypeId(*otherType); \
                        ^
/usr/local/Cellar/wxmac/3.0.2_1/include/wx-3.0/wx/typeinfo.h:84:47: note: expanded from macro 'wxTypeId'
#define wxTypeId(OBJ) wxTypeIdentifier(typeid(OBJ).name())
                                              ^
In file included from conftest.cc:35:
In file included from /usr/local/Cellar/wxmac/3.0.2_1/include/wx-3.0/wx/wx.h:24:
In file included from /usr/local/Cellar/wxmac/3.0.2_1/include/wx-3.0/wx/event.h:21:
In file included from /usr/local/Cellar/wxmac/3.0.2_1/include/wx-3.0/wx/cursor.h:60:
In file included from /usr/local/Cellar/wxmac/3.0.2_1/include/wx-3.0/wx/osx/cursor.h:14:
In file included from /usr/local/Cellar/wxmac/3.0.2_1/include/wx-3.0/wx/bitmap.h:20:
In file included from /usr/local/Cellar/wxmac/3.0.2_1/include/wx-3.0/wx/colour.h:55:
In file included from /usr/local/Cellar/wxmac/3.0.2_1/include/wx-3.0/wx/variant.h:401:
/usr/local/Cellar/wxmac/3.0.2_1/include/wx-3.0/wx/any.h:515:5: warning: expression with side effects will be evaluated despite being used as an operand to 'typeid' [-Wpotentially-evaluated-expression]
    WX_DECLARE_ANY_VALUE_TYPE(wxAnyValueTypeImpl<bool>)
    ^
/usr/local/Cellar/wxmac/3.0.2_1/include/wx-3.0/wx/any.h:167:25: note: expanded from macro 'WX_DECLARE_ANY_VALUE_TYPE'
        return wxTypeId(*sm_instance.get()) == wxTypeId(*otherType); \
                        ^
/usr/local/Cellar/wxmac/3.0.2_1/include/wx-3.0/wx/typeinfo.h:84:47: note: expanded from macro 'wxTypeId'
#define wxTypeId(OBJ) wxTypeIdentifier(typeid(OBJ).name())
                                              ^
In file included from conftest.cc:35:
In file included from /usr/local/Cellar/wxmac/3.0.2_1/include/wx-3.0/wx/wx.h:24:
In file included from /usr/local/Cellar/wxmac/3.0.2_1/include/wx-3.0/wx/event.h:21:
In file included from /usr/local/Cellar/wxmac/3.0.2_1/include/wx-3.0/wx/cursor.h:60:
In file included from /usr/local/Cellar/wxmac/3.0.2_1/include/wx-3.0/wx/osx/cursor.h:14:
In file included from /usr/local/Cellar/wxmac/3.0.2_1/include/wx-3.0/wx/bitmap.h:20:
In file included from /usr/local/Cellar/wxmac/3.0.2_1/include/wx-3.0/wx/colour.h:55:
In file included from /usr/local/Cellar/wxmac/3.0.2_1/include/wx-3.0/wx/variant.h:401:
/usr/local/Cellar/wxmac/3.0.2_1/include/wx-3.0/wx/any.h:532:5: warning: expression with side effects will be evaluated despite being used as an operand to 'typeid' [-Wpotentially-evaluated-expression]
    WX_DECLARE_ANY_VALUE_TYPE(wxAnyValueTypeImplDouble)
    ^
/usr/local/Cellar/wxmac/3.0.2_1/include/wx-3.0/wx/any.h:167:25: note: expanded from macro 'WX_DECLARE_ANY_VALUE_TYPE'
        return wxTypeId(*sm_instance.get()) == wxTypeId(*otherType); \
                        ^
/usr/local/Cellar/wxmac/3.0.2_1/include/wx-3.0/wx/typeinfo.h:84:47: note: expanded from macro 'wxTypeId'
#define wxTypeId(OBJ) wxTypeIdentifier(typeid(OBJ).name())
                                              ^
In file included from conftest.cc:35:
In file included from /usr/local/Cellar/wxmac/3.0.2_1/include/wx-3.0/wx/wx.h:24:
In file included from /usr/local/Cellar/wxmac/3.0.2_1/include/wx-3.0/wx/event.h:21:
In file included from /usr/local/Cellar/wxmac/3.0.2_1/include/wx-3.0/wx/cursor.h:60:
In file included from /usr/local/Cellar/wxmac/3.0.2_1/include/wx-3.0/wx/osx/cursor.h:14:
In file included from /usr/local/Cellar/wxmac/3.0.2_1/include/wx-3.0/wx/bitmap.h:20:
In file included from /usr/local/Cellar/wxmac/3.0.2_1/include/wx-3.0/wx/colour.h:55:
In file included from /usr/local/Cellar/wxmac/3.0.2_1/include/wx-3.0/wx/variant.h:401:
/usr/local/Cellar/wxmac/3.0.2_1/include/wx-3.0/wx/any.h:586:5: warning: expression with side effects will be evaluated despite being used as an operand to 'typeid' [-Wpotentially-evaluated-expression]
    wxDECLARE_ANY_TYPE(wxDateTime, WXDLLIMPEXP_BASE)
    ^
/usr/local/Cellar/wxmac/3.0.2_1/include/wx-3.0/wx/any.h:560:5: note: expanded from macro 'wxDECLARE_ANY_TYPE'
    WX_DECLARE_ANY_VALUE_TYPE(wxAnyValueTypeImpl<CLS>) \
    ^
/usr/local/Cellar/wxmac/3.0.2_1/include/wx-3.0/wx/any.h:167:25: note: expanded from macro 'WX_DECLARE_ANY_VALUE_TYPE'
        return wxTypeId(*sm_instance.get()) == wxTypeId(*otherType); \
                        ^
/usr/local/Cellar/wxmac/3.0.2_1/include/wx-3.0/wx/typeinfo.h:84:47: note: expanded from macro 'wxTypeId'
#define wxTypeId(OBJ) wxTypeIdentifier(typeid(OBJ).name())
                                              ^
In file included from conftest.cc:35:
In file included from /usr/local/Cellar/wxmac/3.0.2_1/include/wx-3.0/wx/wx.h:24:
In file included from /usr/local/Cellar/wxmac/3.0.2_1/include/wx-3.0/wx/event.h:21:
In file included from /usr/local/Cellar/wxmac/3.0.2_1/include/wx-3.0/wx/cursor.h:60:
In file included from /usr/local/Cellar/wxmac/3.0.2_1/include/wx-3.0/wx/osx/cursor.h:14:
In file included from /usr/local/Cellar/wxmac/3.0.2_1/include/wx-3.0/wx/bitmap.h:20:
In file included from /usr/local/Cellar/wxmac/3.0.2_1/include/wx-3.0/wx/colour.h:55:
In file included from /usr/local/Cellar/wxmac/3.0.2_1/include/wx-3.0/wx/variant.h:401:
/usr/local/Cellar/wxmac/3.0.2_1/include/wx-3.0/wx/any.h:611:5: warning: expression with side effects will be evaluated despite being used as an operand to 'typeid' [-Wpotentially-evaluated-expression]
    WX_DECLARE_ANY_VALUE_TYPE(wxAnyValueTypeImplVariantData)
    ^
/usr/local/Cellar/wxmac/3.0.2_1/include/wx-3.0/wx/any.h:167:25: note: expanded from macro 'WX_DECLARE_ANY_VALUE_TYPE'
        return wxTypeId(*sm_instance.get()) == wxTypeId(*otherType); \
                        ^
/usr/local/Cellar/wxmac/3.0.2_1/include/wx-3.0/wx/typeinfo.h:84:47: note: expanded from macro 'wxTypeId'
#define wxTypeId(OBJ) wxTypeIdentifier(typeid(OBJ).name())
                                              ^
10 warnings generated.
configure:6686: $? = 0
configure:6690: test -z 
			 || test ! -s conftest.err
configure:6693: $? = 0
configure:6696: test -s conftest.o
configure:6699: $? = 0
configure:6710: result: yes
configure:6729: checking if we can link wxwidgets programs
configure:6773: g++ -o conftest  -g -Wall -fPIC -O0 -mmacosx-version-min=10.10 -Wno-deprecated-declarations -fno-strict-aliasing  -D_MACOSX -D_THREAD_SAFE -D_REENTRANT -I/usr/local/Cellar/wxmac/3.0.2_1/lib/wx/include/osx_cocoa-unicode-3.0 -I/usr/local/Cellar/wxmac/3.0.2_1/include/wx-3.0 -D_FILE_OFFSET_BITS=64 -DwxDEBUG_LEVEL=0 -DWXUSINGDLL -D__WXMAC__ -D__WXOSX__ -D__WXOSX_COCOA__   -D_MACOSX -D_THREAD_SAFE -D_REENTRANT -mmacosx-version-min=10.10 -bundle -flat_namespace -undefined warning -fPIC  conftest.cc  >&5
In file included from conftest.cc:42:
In file included from /usr/local/Cellar/wxmac/3.0.2_1/include/wx-3.0/wx/wx.h:24:
In file included from /usr/local/Cellar/wxmac/3.0.2_1/include/wx-3.0/wx/event.h:21:
In file included from /usr/local/Cellar/wxmac/3.0.2_1/include/wx-3.0/wx/cursor.h:60:
In file included from /usr/local/Cellar/wxmac/3.0.2_1/include/wx-3.0/wx/osx/cursor.h:14:
In file included from /usr/local/Cellar/wxmac/3.0.2_1/include/wx-3.0/wx/bitmap.h:20:
In file included from /usr/local/Cellar/wxmac/3.0.2_1/include/wx-3.0/wx/colour.h:55:
In file included from /usr/local/Cellar/wxmac/3.0.2_1/include/wx-3.0/wx/variant.h:401:
/usr/local/Cellar/wxmac/3.0.2_1/include/wx-3.0/wx/any.h:336:5: warning: expression with side effects will be evaluated despite being used as an operand to 'typeid' [-Wpotentially-evaluated-expression]
    WX_DECLARE_ANY_VALUE_TYPE(wxAnyValueTypeImpl<T>)
    ^
/usr/local/Cellar/wxmac/3.0.2_1/include/wx-3.0/wx/any.h:167:25: note: expanded from macro 'WX_DECLARE_ANY_VALUE_TYPE'
        return wxTypeId(*sm_instance.get()) == wxTypeId(*otherType); \
                        ^
/usr/local/Cellar/wxmac/3.0.2_1/include/wx-3.0/wx/typeinfo.h:84:47: note: expanded from macro 'wxTypeId'
#define wxTypeId(OBJ) wxTypeIdentifier(typeid(OBJ).name())
                                              ^
In file included from conftest.cc:42:
In file included from /usr/local/Cellar/wxmac/3.0.2_1/include/wx-3.0/wx/wx.h:24:
In file included from /usr/local/Cellar/wxmac/3.0.2_1/include/wx-3.0/wx/event.h:21:
In file included from /usr/local/Cellar/wxmac/3.0.2_1/include/wx-3.0/wx/cursor.h:60:
In file included from /usr/local/Cellar/wxmac/3.0.2_1/include/wx-3.0/wx/osx/cursor.h:14:
In file included from /usr/local/Cellar/wxmac/3.0.2_1/include/wx-3.0/wx/bitmap.h:20:
In file included from /usr/local/Cellar/wxmac/3.0.2_1/include/wx-3.0/wx/colour.h:55:
In file included from /usr/local/Cellar/wxmac/3.0.2_1/include/wx-3.0/wx/variant.h:401:
/usr/local/Cellar/wxmac/3.0.2_1/include/wx-3.0/wx/any.h:413:5: warning: expression with side effects will be evaluated despite being used as an operand to 'typeid' [-Wpotentially-evaluated-expression]
    WX_DECLARE_ANY_VALUE_TYPE(wxAnyValueTypeImplInt)
    ^
/usr/local/Cellar/wxmac/3.0.2_1/include/wx-3.0/wx/any.h:167:25: note: expanded from macro 'WX_DECLARE_ANY_VALUE_TYPE'
        return wxTypeId(*sm_instance.get()) == wxTypeId(*otherType); \
                        ^
/usr/local/Cellar/wxmac/3.0.2_1/include/wx-3.0/wx/typeinfo.h:84:47: note: expanded from macro 'wxTypeId'
#define wxTypeId(OBJ) wxTypeIdentifier(typeid(OBJ).name())
                                              ^
In file included from conftest.cc:42:
In file included from /usr/local/Cellar/wxmac/3.0.2_1/include/wx-3.0/wx/wx.h:24:
In file included from /usr/local/Cellar/wxmac/3.0.2_1/include/wx-3.0/wx/event.h:21:
In file included from /usr/local/Cellar/wxmac/3.0.2_1/include/wx-3.0/wx/cursor.h:60:
In file included from /usr/local/Cellar/wxmac/3.0.2_1/include/wx-3.0/wx/osx/cursor.h:14:
In file included from /usr/local/Cellar/wxmac/3.0.2_1/include/wx-3.0/wx/bitmap.h:20:
In file included from /usr/local/Cellar/wxmac/3.0.2_1/include/wx-3.0/wx/colour.h:55:
In file included from /usr/local/Cellar/wxmac/3.0.2_1/include/wx-3.0/wx/variant.h:401:
/usr/local/Cellar/wxmac/3.0.2_1/include/wx-3.0/wx/any.h:428:5: warning: expression with side effects will be evaluated despite being used as an operand to 'typeid' [-Wpotentially-evaluated-expression]
    WX_DECLARE_ANY_VALUE_TYPE(wxAnyValueTypeImplUint)
    ^
/usr/local/Cellar/wxmac/3.0.2_1/include/wx-3.0/wx/any.h:167:25: note: expanded from macro 'WX_DECLARE_ANY_VALUE_TYPE'
        return wxTypeId(*sm_instance.get()) == wxTypeId(*otherType); \
                        ^
/usr/local/Cellar/wxmac/3.0.2_1/include/wx-3.0/wx/typeinfo.h:84:47: note: expanded from macro 'wxTypeId'
#define wxTypeId(OBJ) wxTypeIdentifier(typeid(OBJ).name())
                                              ^
In file included from conftest.cc:42:
In file included from /usr/local/Cellar/wxmac/3.0.2_1/include/wx-3.0/wx/wx.h:24:
In file included from /usr/local/Cellar/wxmac/3.0.2_1/include/wx-3.0/wx/event.h:21:
In file included from /usr/local/Cellar/wxmac/3.0.2_1/include/wx-3.0/wx/cursor.h:60:
In file included from /usr/local/Cellar/wxmac/3.0.2_1/include/wx-3.0/wx/osx/cursor.h:14:
In file included from /usr/local/Cellar/wxmac/3.0.2_1/include/wx-3.0/wx/bitmap.h:20:
In file included from /usr/local/Cellar/wxmac/3.0.2_1/include/wx-3.0/wx/colour.h:55:
In file included from /usr/local/Cellar/wxmac/3.0.2_1/include/wx-3.0/wx/variant.h:401:
/usr/local/Cellar/wxmac/3.0.2_1/include/wx-3.0/wx/any.h:502:1: warning: expression with side effects will be evaluated despite being used as an operand to 'typeid' [-Wpotentially-evaluated-expression]
WX_ANY_DEFINE_CONVERTIBLE_TYPE_BASE(wxString, wxString, wxAnyConvertString)
^
/usr/local/Cellar/wxmac/3.0.2_1/include/wx-3.0/wx/any.h:489:68: note: expanded from macro 'WX_ANY_DEFINE_CONVERTIBLE_TYPE_BASE'
#define WX_ANY_DEFINE_CONVERTIBLE_TYPE_BASE(T, TYPENAME, CONVFUNC) \
                                                                   ^
/usr/local/Cellar/wxmac/3.0.2_1/include/wx-3.0/wx/any.h:465:5: note: expanded from macro '\
_WX_ANY_DEFINE_CONVERTIBLE_TYPE'
    WX_DECLARE_ANY_VALUE_TYPE(wxAnyValueTypeImpl##TYPENAME) \
    ^
/usr/local/Cellar/wxmac/3.0.2_1/include/wx-3.0/wx/any.h:167:25: note: expanded from macro 'WX_DECLARE_ANY_VALUE_TYPE'
        return wxTypeId(*sm_instance.get()) == wxTypeId(*otherType); \
                        ^
/usr/local/Cellar/wxmac/3.0.2_1/include/wx-3.0/wx/typeinfo.h:84:47: note: expanded from macro 'wxTypeId'
#define wxTypeId(OBJ) wxTypeIdentifier(typeid(OBJ).name())
                                              ^
In file included from conftest.cc:42:
In file included from /usr/local/Cellar/wxmac/3.0.2_1/include/wx-3.0/wx/wx.h:24:
In file included from /usr/local/Cellar/wxmac/3.0.2_1/include/wx-3.0/wx/event.h:21:
In file included from /usr/local/Cellar/wxmac/3.0.2_1/include/wx-3.0/wx/cursor.h:60:
In file included from /usr/local/Cellar/wxmac/3.0.2_1/include/wx-3.0/wx/osx/cursor.h:14:
In file included from /usr/local/Cellar/wxmac/3.0.2_1/include/wx-3.0/wx/bitmap.h:20:
In file included from /usr/local/Cellar/wxmac/3.0.2_1/include/wx-3.0/wx/colour.h:55:
In file included from /usr/local/Cellar/wxmac/3.0.2_1/include/wx-3.0/wx/variant.h:401:
/usr/local/Cellar/wxmac/3.0.2_1/include/wx-3.0/wx/any.h:503:1: warning: expression with side effects will be evaluated despite being used as an operand to 'typeid' [-Wpotentially-evaluated-expression]
WX_ANY_DEFINE_CONVERTIBLE_TYPE(const char*, ConstCharPtr,
^
/usr/local/Cellar/wxmac/3.0.2_1/include/wx-3.0/wx/any.h:486:67: note: expanded from macro 'WX_ANY_DEFINE_CONVERTIBLE_TYPE'
#define WX_ANY_DEFINE_CONVERTIBLE_TYPE(T, TYPENAME, CONVFUNC, BT) \
                                                                  ^
/usr/local/Cellar/wxmac/3.0.2_1/include/wx-3.0/wx/any.h:465:5: note: expanded from macro '\
_WX_ANY_DEFINE_CONVERTIBLE_TYPE'
    WX_DECLARE_ANY_VALUE_TYPE(wxAnyValueTypeImpl##TYPENAME) \
    ^
/usr/local/Cellar/wxmac/3.0.2_1/include/wx-3.0/wx/any.h:167:25: note: expanded from macro 'WX_DECLARE_ANY_VALUE_TYPE'
        return wxTypeId(*sm_instance.get()) == wxTypeId(*otherType); \
                        ^
/usr/local/Cellar/wxmac/3.0.2_1/include/wx-3.0/wx/typeinfo.h:84:47: note: expanded from macro 'wxTypeId'
#define wxTypeId(OBJ) wxTypeIdentifier(typeid(OBJ).name())
                                              ^
In file included from conftest.cc:42:
In file included from /usr/local/Cellar/wxmac/3.0.2_1/include/wx-3.0/wx/wx.h:24:
In file included from /usr/local/Cellar/wxmac/3.0.2_1/include/wx-3.0/wx/event.h:21:
In file included from /usr/local/Cellar/wxmac/3.0.2_1/include/wx-3.0/wx/cursor.h:60:
In file included from /usr/local/Cellar/wxmac/3.0.2_1/include/wx-3.0/wx/osx/cursor.h:14:
In file included from /usr/local/Cellar/wxmac/3.0.2_1/include/wx-3.0/wx/bitmap.h:20:
In file included from /usr/local/Cellar/wxmac/3.0.2_1/include/wx-3.0/wx/colour.h:55:
In file included from /usr/local/Cellar/wxmac/3.0.2_1/include/wx-3.0/wx/variant.h:401:
/usr/local/Cellar/wxmac/3.0.2_1/include/wx-3.0/wx/any.h:505:1: warning: expression with side effects will be evaluated despite being used as an operand to 'typeid' [-Wpotentially-evaluated-expression]
WX_ANY_DEFINE_CONVERTIBLE_TYPE(const wchar_t*, ConstWchar_tPtr,
^
/usr/local/Cellar/wxmac/3.0.2_1/include/wx-3.0/wx/any.h:486:67: note: expanded from macro 'WX_ANY_DEFINE_CONVERTIBLE_TYPE'
#define WX_ANY_DEFINE_CONVERTIBLE_TYPE(T, TYPENAME, CONVFUNC, BT) \
                                                                  ^
/usr/local/Cellar/wxmac/3.0.2_1/include/wx-3.0/wx/any.h:465:5: note: expanded from macro '\
_WX_ANY_DEFINE_CONVERTIBLE_TYPE'
    WX_DECLARE_ANY_VALUE_TYPE(wxAnyValueTypeImpl##TYPENAME) \
    ^
/usr/local/Cellar/wxmac/3.0.2_1/include/wx-3.0/wx/any.h:167:25: note: expanded from macro 'WX_DECLARE_ANY_VALUE_TYPE'
        return wxTypeId(*sm_instance.get()) == wxTypeId(*otherType); \
                        ^
/usr/local/Cellar/wxmac/3.0.2_1/include/wx-3.0/wx/typeinfo.h:84:47: note: expanded from macro 'wxTypeId'
#define wxTypeId(OBJ) wxTypeIdentifier(typeid(OBJ).name())
                                              ^
In file included from conftest.cc:42:
In file included from /usr/local/Cellar/wxmac/3.0.2_1/include/wx-3.0/wx/wx.h:24:
In file included from /usr/local/Cellar/wxmac/3.0.2_1/include/wx-3.0/wx/event.h:21:
In file included from /usr/local/Cellar/wxmac/3.0.2_1/include/wx-3.0/wx/cursor.h:60:
In file included from /usr/local/Cellar/wxmac/3.0.2_1/include/wx-3.0/wx/osx/cursor.h:14:
In file included from /usr/local/Cellar/wxmac/3.0.2_1/include/wx-3.0/wx/bitmap.h:20:
In file included from /usr/local/Cellar/wxmac/3.0.2_1/include/wx-3.0/wx/colour.h:55:
In file included from /usr/local/Cellar/wxmac/3.0.2_1/include/wx-3.0/wx/variant.h:401:
/usr/local/Cellar/wxmac/3.0.2_1/include/wx-3.0/wx/any.h:515:5: warning: expression with side effects will be evaluated despite being used as an operand to 'typeid' [-Wpotentially-evaluated-expression]
    WX_DECLARE_ANY_VALUE_TYPE(wxAnyValueTypeImpl<bool>)
    ^
/usr/local/Cellar/wxmac/3.0.2_1/include/wx-3.0/wx/any.h:167:25: note: expanded from macro 'WX_DECLARE_ANY_VALUE_TYPE'
        return wxTypeId(*sm_instance.get()) == wxTypeId(*otherType); \
                        ^
/usr/local/Cellar/wxmac/3.0.2_1/include/wx-3.0/wx/typeinfo.h:84:47: note: expanded from macro 'wxTypeId'
#define wxTypeId(OBJ) wxTypeIdentifier(typeid(OBJ).name())
                                              ^
In file included from conftest.cc:42:
In file included from /usr/local/Cellar/wxmac/3.0.2_1/include/wx-3.0/wx/wx.h:24:
In file included from /usr/local/Cellar/wxmac/3.0.2_1/include/wx-3.0/wx/event.h:21:
In file included from /usr/local/Cellar/wxmac/3.0.2_1/include/wx-3.0/wx/cursor.h:60:
In file included from /usr/local/Cellar/wxmac/3.0.2_1/include/wx-3.0/wx/osx/cursor.h:14:
In file included from /usr/local/Cellar/wxmac/3.0.2_1/include/wx-3.0/wx/bitmap.h:20:
In file included from /usr/local/Cellar/wxmac/3.0.2_1/include/wx-3.0/wx/colour.h:55:
In file included from /usr/local/Cellar/wxmac/3.0.2_1/include/wx-3.0/wx/variant.h:401:
/usr/local/Cellar/wxmac/3.0.2_1/include/wx-3.0/wx/any.h:532:5: warning: expression with side effects will be evaluated despite being used as an operand to 'typeid' [-Wpotentially-evaluated-expression]
    WX_DECLARE_ANY_VALUE_TYPE(wxAnyValueTypeImplDouble)
    ^
/usr/local/Cellar/wxmac/3.0.2_1/include/wx-3.0/wx/any.h:167:25: note: expanded from macro 'WX_DECLARE_ANY_VALUE_TYPE'
        return wxTypeId(*sm_instance.get()) == wxTypeId(*otherType); \
                        ^
/usr/local/Cellar/wxmac/3.0.2_1/include/wx-3.0/wx/typeinfo.h:84:47: note: expanded from macro 'wxTypeId'
#define wxTypeId(OBJ) wxTypeIdentifier(typeid(OBJ).name())
                                              ^
In file included from conftest.cc:42:
In file included from /usr/local/Cellar/wxmac/3.0.2_1/include/wx-3.0/wx/wx.h:24:
In file included from /usr/local/Cellar/wxmac/3.0.2_1/include/wx-3.0/wx/event.h:21:
In file included from /usr/local/Cellar/wxmac/3.0.2_1/include/wx-3.0/wx/cursor.h:60:
In file included from /usr/local/Cellar/wxmac/3.0.2_1/include/wx-3.0/wx/osx/cursor.h:14:
In file included from /usr/local/Cellar/wxmac/3.0.2_1/include/wx-3.0/wx/bitmap.h:20:
In file included from /usr/local/Cellar/wxmac/3.0.2_1/include/wx-3.0/wx/colour.h:55:
In file included from /usr/local/Cellar/wxmac/3.0.2_1/include/wx-3.0/wx/variant.h:401:
/usr/local/Cellar/wxmac/3.0.2_1/include/wx-3.0/wx/any.h:586:5: warning: expression with side effects will be evaluated despite being used as an operand to 'typeid' [-Wpotentially-evaluated-expression]
    wxDECLARE_ANY_TYPE(wxDateTime, WXDLLIMPEXP_BASE)
    ^
/usr/local/Cellar/wxmac/3.0.2_1/include/wx-3.0/wx/any.h:560:5: note: expanded from macro 'wxDECLARE_ANY_TYPE'
    WX_DECLARE_ANY_VALUE_TYPE(wxAnyValueTypeImpl<CLS>) \
    ^
/usr/local/Cellar/wxmac/3.0.2_1/include/wx-3.0/wx/any.h:167:25: note: expanded from macro 'WX_DECLARE_ANY_VALUE_TYPE'
        return wxTypeId(*sm_instance.get()) == wxTypeId(*otherType); \
                        ^
/usr/local/Cellar/wxmac/3.0.2_1/include/wx-3.0/wx/typeinfo.h:84:47: note: expanded from macro 'wxTypeId'
#define wxTypeId(OBJ) wxTypeIdentifier(typeid(OBJ).name())
                                              ^
In file included from conftest.cc:42:
In file included from /usr/local/Cellar/wxmac/3.0.2_1/include/wx-3.0/wx/wx.h:24:
In file included from /usr/local/Cellar/wxmac/3.0.2_1/include/wx-3.0/wx/event.h:21:
In file included from /usr/local/Cellar/wxmac/3.0.2_1/include/wx-3.0/wx/cursor.h:60:
In file included from /usr/local/Cellar/wxmac/3.0.2_1/include/wx-3.0/wx/osx/cursor.h:14:
In file included from /usr/local/Cellar/wxmac/3.0.2_1/include/wx-3.0/wx/bitmap.h:20:
In file included from /usr/local/Cellar/wxmac/3.0.2_1/include/wx-3.0/wx/colour.h:55:
In file included from /usr/local/Cellar/wxmac/3.0.2_1/include/wx-3.0/wx/variant.h:401:
/usr/local/Cellar/wxmac/3.0.2_1/include/wx-3.0/wx/any.h:611:5: warning: expression with side effects will be evaluated despite being used as an operand to 'typeid' [-Wpotentially-evaluated-expression]
    WX_DECLARE_ANY_VALUE_TYPE(wxAnyValueTypeImplVariantData)
    ^
/usr/local/Cellar/wxmac/3.0.2_1/include/wx-3.0/wx/any.h:167:25: note: expanded from macro 'WX_DECLARE_ANY_VALUE_TYPE'
        return wxTypeId(*sm_instance.get()) == wxTypeId(*otherType); \
                        ^
/usr/local/Cellar/wxmac/3.0.2_1/include/wx-3.0/wx/typeinfo.h:84:47: note: expanded from macro 'wxTypeId'
#define wxTypeId(OBJ) wxTypeIdentifier(typeid(OBJ).name())
                                              ^
conftest.cc:53:29: warning: unused variable 'foo' [-Wunused-variable]
                           wxStyledTextCtrl * foo = new wxStyledTextCtrl();
                                              ^
conftest.cc:54:23: warning: unused variable 'bar' [-Wunused-variable]
                           wxGLCanvas * bar = new wxGLCanvas((wxWindow *) NULL, -1,
                                        ^
12 warnings generated.
configure:6779: $? = 0
configure:6783: test -z 
			 || test ! -s conftest.err
configure:6786: $? = 0
configure:6789: test -s conftest
configure:6792: $? = 0
configure:6816: result: yes
configure:6832: checking if we can add -Werror=return-type to CFLAGS (via CFLAGS)
configure:6852: gcc -c -Werror=return-type -g -Wall -fPIC -O0 -mmacosx-version-min=10.10 -Wno-deprecated-declarations -fno-strict-aliasing  -D_MACOSX -D_THREAD_SAFE -D_REENTRANT -ObjC  -D_MACOSX -D_THREAD_SAFE -D_REENTRANT conftest.c >&5
configure:6858: $? = 0
configure:6862: test -z 
			 || test ! -s conftest.err
configure:6865: $? = 0
configure:6868: test -s conftest.o
configure:6871: $? = 0
configure:6883: result: yes
configure:6892: checking if we can add -Werror=return-type to CXXFLAGS (via CFLAGS)
configure:6912: gcc -c -Werror=return-type  -g -Wall -fPIC -O0 -mmacosx-version-min=10.10 -Wno-deprecated-declarations -fno-strict-aliasing  -D_MACOSX -D_THREAD_SAFE -D_REENTRANT  -D_MACOSX -D_THREAD_SAFE -D_REENTRANT conftest.c >&5
configure:6918: $? = 0
configure:6922: test -z 
			 || test ! -s conftest.err
configure:6925: $? = 0
configure:6928: test -s conftest.o
configure:6931: $? = 0
configure:6943: result: yes
configure:7135: creating x86_64-apple-darwin14.5.0/config.status

## ---------------------- ##
## Running config.status. ##
## ---------------------- ##

This file was extended by config.status, which was
generated by GNU Autoconf 2.59.  Invocation command line was

  CONFIG_FILES    = 
  CONFIG_HEADERS  = 
  CONFIG_LINKS    = 
  CONFIG_COMMANDS = 
  $ x86_64-apple-darwin14.5.0/config.status 

on block9.PUBLIC.monkeybrains.net

config.status:688: creating config.mk
config.status:688: creating c_src/Makefile

## ---------------- ##
## Cache variables. ##
## ---------------- ##

ac_cv_build=x86_64-apple-darwin14.5.0
ac_cv_build_alias=x86_64-apple-darwin14.5.0
ac_cv_c_compiler_gnu=yes
ac_cv_cxx_compiler_gnu=yes
ac_cv_env_CC_set=
ac_cv_env_CC_value=
ac_cv_env_CFLAGS_set=set
ac_cv_env_CFLAGS_value=-O0
ac_cv_env_CPPFLAGS_set=
ac_cv_env_CPPFLAGS_value=
ac_cv_env_CPP_set=
ac_cv_env_CPP_value=
ac_cv_env_CXXFLAGS_set=
ac_cv_env_CXXFLAGS_value=
ac_cv_env_CXX_set=
ac_cv_env_CXX_value=
ac_cv_env_LDFLAGS_set=
ac_cv_env_LDFLAGS_value=
ac_cv_env_build_alias_set=
ac_cv_env_build_alias_value=
ac_cv_env_host_alias_set=
ac_cv_env_host_alias_value=
ac_cv_env_target_alias_set=
ac_cv_env_target_alias_value=
ac_cv_exeext=
ac_cv_header_GL_gl_h=no
ac_cv_header_GL_glu_h=no
ac_cv_header_OpenGL_gl_h=yes
ac_cv_header_OpenGL_glu_h=yes
ac_cv_header_inttypes_h=yes
ac_cv_header_memory_h=yes
ac_cv_header_stdc=yes
ac_cv_header_stdint_h=yes
ac_cv_header_stdlib_h=yes
ac_cv_header_string_h=yes
ac_cv_header_strings_h=yes
ac_cv_header_sys_stat_h=yes
ac_cv_header_sys_types_h=yes
ac_cv_header_unistd_h=yes
ac_cv_header_wx_stc_stc_h=yes
ac_cv_host=x86_64-apple-darwin14.5.0
ac_cv_host_alias=x86_64-apple-darwin14.5.0
ac_cv_objext=o
ac_cv_path_WX_CONFIG_PATH=/usr/local/bin/wx-config
ac_cv_prog_CPP='gcc -E'
ac_cv_prog_ac_ct_CC=gcc
ac_cv_prog_ac_ct_CXX=g++
ac_cv_prog_ac_ct_RANLIB=ranlib
ac_cv_prog_cc_g=yes
ac_cv_prog_cc_stdc=
ac_cv_prog_cxx_g=yes
ac_cv_prog_egrep='grep -E'
ac_cv_sizeof_void_p=8
ac_cv_type_GLchar=yes
ac_cv_type_GLcharARB=yes
ac_cv_type_GLhalfARB=yes
ac_cv_type_GLint64EXT=yes
ac_cv_type_GLintptr=yes
ac_cv_type_GLintptrARB=yes
ac_cv_type_void_p=yes

## ----------------- ##
## Output variables. ##
## ----------------- ##

CC='gcc'
CFLAGS='-Werror=return-type -g -Wall -fPIC -O0 -mmacosx-version-min=10.10 -Wno-deprecated-declarations -fno-strict-aliasing  -D_MACOSX -D_THREAD_SAFE -D_REENTRANT -ObjC'
CPP='gcc -E'
CPPFLAGS=' -D_MACOSX -D_THREAD_SAFE -D_REENTRANT'
CXX='g++'
CXXFLAGS='-Werror=return-type  -g -Wall -fPIC -O0 -mmacosx-version-min=10.10 -Wno-deprecated-declarations -fno-strict-aliasing  -D_MACOSX -D_THREAD_SAFE -D_REENTRANT'
DEBUG_CFLAGS='-g -Wall -fPIC -O0 -mmacosx-version-min=10.10 -Wno-deprecated-declarations -DDEBUG  -D_MACOSX -D_THREAD_SAFE -D_REENTRANT -ObjC'
DEBUG_CXXFLAGS=' -g -Wall -fPIC -O0 -mmacosx-version-min=10.10 -Wno-deprecated-declarations -DDEBUG  -D_MACOSX -D_THREAD_SAFE -D_REENTRANT'
DEBUG_WX_CFLAGS='-I/usr/local/Cellar/wxmac/3.0.2_1/lib/wx/include/osx_cocoa-unicode-3.0 -I/usr/local/Cellar/wxmac/3.0.2_1/include/wx-3.0 -D_FILE_OFFSET_BITS=64 -DwxDEBUG_LEVEL=0 -DWXUSINGDLL -D__WXMAC__ -D__WXOSX__ -D__WXOSX_COCOA__ '
DEBUG_WX_CXXFLAGS='-I/usr/local/Cellar/wxmac/3.0.2_1/lib/wx/include/osx_cocoa-unicode-3.0 -I/usr/local/Cellar/wxmac/3.0.2_1/include/wx-3.0 -D_FILE_OFFSET_BITS=64 -DwxDEBUG_LEVEL=0 -DWXUSINGDLL -D__WXMAC__ -D__WXOSX__ -D__WXOSX_COCOA__ '
DEBUG_WX_LIBS='-L/usr/local/Cellar/wxmac/3.0.2_1/lib   -framework IOKit -framework Carbon -framework Cocoa -framework AudioToolbox -framework System -framework OpenGL -lwx_osx_cocoau_stc-3.0 -lwx_osx_cocoau_xrc-3.0 -lwx_osx_cocoau_html-3.0 -lwx_osx_cocoau_adv-3.0 -lwx_baseu_xml-3.0 -lwx_osx_cocoau_core-3.0 -lwx_baseu-3.0 -lwx_osx_cocoau_gl-3.0 -lwx_osx_cocoau_aui-3.0 '
DEBUG_WX_LIBS_STATIC=''
DEFS='-DPACKAGE_NAME=\"\" -DPACKAGE_TARNAME=\"\" -DPACKAGE_VERSION=\"\" -DPACKAGE_STRING=\"\" -DPACKAGE_BUGREPORT=\"\" -DSTDC_HEADERS=1 -DHAVE_SYS_TYPES_H=1 -DHAVE_SYS_STAT_H=1 -DHAVE_STDLIB_H=1 -DHAVE_STRING_H=1 -DHAVE_MEMORY_H=1 -DHAVE_STRINGS_H=1 -DHAVE_INTTYPES_H=1 -DHAVE_STDINT_H=1 -DHAVE_UNISTD_H=1 -DSIZEOF_VOID_P=8 -DHAVE_OPENGL_GL_H=1 -DHAVE_OPENGL_GLU_H=1 -DHAVE_GL_SUPPORT=1 -DHAVE_GLINTPTR=1 -DHAVE_GLINTPTRARB=1 -DHAVE_GLCHAR=1 -DHAVE_GLCHARARB=1 -DHAVE_GLHALFARB=1 -DHAVE_GLINT64EXT=1 -DHAVE_WX_STC_STC_H=1 '
ECHO_C='ECHO_N=''
ECHO_T=''
EGREP='grep -E'
ERLANG_ROOT_DIR='/Users/z/.kerl/builds/otp-18.2.1/otp_src_18.2.1'
ERLC='erlc'
EXEEXT=''
FORCED_DEBUG_BUILD='false'
GL_LIBS='-framework OpenGL'
HAVE_GL_SUPPORT='yes'
LDFLAGS='-mmacosx-version-min=10.10 -bundle -flat_namespace -undefined warning -fPIC '
LIBOBJS=''
LIBS=''
LTLIBOBJS=''
MIXED_CYGWIN='no'
MIXED_CYGWIN_MINGW='no'
MIXED_CYGWIN_VC='no'
MIXED_MSYS='no'
MIXED_MSYS_VC='no'
MIXED_VC='no'
OBJC_CC='gcc'
OBJC_CFLAGS=''
OBJEXT='o'
PACKAGE_BUGREPORT=''
PACKAGE_NAME=''
PACKAGE_STRING=''
PACKAGE_TARNAME=''
PACKAGE_VERSION=''
PATH_SEPARATOR=':'
RANLIB='ranlib'
RC_FILE_TYPE='o'
RUN_ERL='erl'
SHELL='/bin/sh'
SO_EXT='.so'
TARGET='x86_64-apple-darwin14.5.0'
TESS_CB_TIGER_STYLE='no'
WXERL_CAN_BUILD_DRIVER='true'
WXERL_SYS_TYPE='x86_64-apple-darwin14.5.0'
WX_BUILDING_INSIDE_ERLSRC='true'
WX_CFLAGS='-I/usr/local/Cellar/wxmac/3.0.2_1/lib/wx/include/osx_cocoa-unicode-3.0 -I/usr/local/Cellar/wxmac/3.0.2_1/include/wx-3.0 -D_FILE_OFFSET_BITS=64 -DwxDEBUG_LEVEL=0 -DWXUSINGDLL -D__WXMAC__ -D__WXOSX__ -D__WXOSX_COCOA__ '
WX_CFLAGS_ONLY=''
WX_CONFIG_PATH='/usr/local/bin/wx-config'
WX_CPPFLAGS='-I/usr/local/Cellar/wxmac/3.0.2_1/lib/wx/include/osx_cocoa-unicode-3.0 -I/usr/local/Cellar/wxmac/3.0.2_1/include/wx-3.0 -D_FILE_OFFSET_BITS=64 -DwxDEBUG_LEVEL=0 -DWXUSINGDLL -D__WXMAC__ -D__WXOSX__ -D__WXOSX_COCOA__'
WX_CXXFLAGS='-I/usr/local/Cellar/wxmac/3.0.2_1/lib/wx/include/osx_cocoa-unicode-3.0 -I/usr/local/Cellar/wxmac/3.0.2_1/include/wx-3.0 -D_FILE_OFFSET_BITS=64 -DwxDEBUG_LEVEL=0 -DWXUSINGDLL -D__WXMAC__ -D__WXOSX__ -D__WXOSX_COCOA__ '
WX_CXXFLAGS_ONLY='-I/usr/local/Cellar/wxmac/3.0.2_1/lib/wx/include/osx_cocoa-unicode-3.0 -I/usr/local/Cellar/wxmac/3.0.2_1/include/wx-3.0 -D_FILE_OFFSET_BITS=64 -DwxDEBUG_LEVEL=0 -DWXUSINGDLL -D__WXMAC__ -D__WXOSX__ -D__WXOSX_COCOA__'
WX_HAVE_STATIC_LIBS='false'
WX_LIBS='-L/usr/local/Cellar/wxmac/3.0.2_1/lib   -framework IOKit -framework Carbon -framework Cocoa -framework AudioToolbox -framework System -framework OpenGL -lwx_osx_cocoau_stc-3.0 -lwx_osx_cocoau_xrc-3.0 -lwx_osx_cocoau_html-3.0 -lwx_osx_cocoau_adv-3.0 -lwx_baseu_xml-3.0 -lwx_osx_cocoau_core-3.0 -lwx_baseu-3.0 -lwx_osx_cocoau_gl-3.0 -lwx_osx_cocoau_aui-3.0 '
WX_LIBS_STATIC=''
WX_RESCOMP='cat /dev/null | Rez -d __DARWIN__ -t APPL /usr/local/Cellar/wxmac/3.0.2_1/lib/libwx_osx_cocoau-3.0.2.r'
WX_VERSION='3.0.2'
WX_VERSION_MAJOR='3'
WX_VERSION_MICRO='2'
WX_VERSION_MINOR='0'
ac_ct_CC='gcc'
ac_ct_CXX='g++'
ac_ct_RANLIB='ranlib'
bindir='${exec_prefix}/bin'
build='x86_64-apple-darwin14.5.0'
build_alias=''
build_cpu='x86_64'
build_os='darwin14.5.0'
build_vendor='apple'
datadir='${prefix}/share'
exec_prefix='${prefix}'
host='x86_64-apple-darwin14.5.0'
host_alias=''
host_cpu='x86_64'
host_os='darwin14.5.0'
host_vendor='apple'
includedir='${prefix}/include'
infodir='${prefix}/info'
libdir='${exec_prefix}/lib'
libexecdir='${exec_prefix}/libexec'
localstatedir='${prefix}/var'
mandir='${prefix}/man'
oldincludedir='/usr/include'
prefix='/usr/local'
program_transform_name='s,x,x,'
sbindir='${exec_prefix}/sbin'
sharedstatedir='${prefix}/com'
sysconfdir='${prefix}/etc'
target_alias=''

## ----------- ##
## confdefs.h. ##
## ----------- ##

#define HAVE_GLCHAR 1
#define HAVE_GLCHARARB 1
#define HAVE_GLHALFARB 1
#define HAVE_GLINT64EXT 1
#define HAVE_GLINTPTR 1
#define HAVE_GLINTPTRARB 1
#define HAVE_GL_SUPPORT 1
#define HAVE_INTTYPES_H 1
#define HAVE_MEMORY_H 1
#define HAVE_OPENGL_GLU_H 1
#define HAVE_OPENGL_GL_H 1
#define HAVE_STDINT_H 1
#define HAVE_STDLIB_H 1
#define HAVE_STRINGS_H 1
#define HAVE_STRING_H 1
#define HAVE_SYS_STAT_H 1
#define HAVE_SYS_TYPES_H 1
#define HAVE_UNISTD_H 1
#define HAVE_WX_STC_STC_H 1
#define PACKAGE_BUGREPORT ""
#define PACKAGE_NAME ""
#define PACKAGE_STRING ""
#define PACKAGE_TARNAME ""
#define PACKAGE_VERSION ""
#define SIZEOF_VOID_P 8
#define STDC_HEADERS 1
#endif
#ifdef __cplusplus
extern "C" void exit (int) throw ();

configure: exit 0
